[ 2017-07-17T08:51:53+08:00 ] 127.0.0.1 /index.php/mobile?XDEBUG_SESSION_START=12196
INFO: [ app_init ] --START--
INFO: Run Behavior\BuildLiteBehavior [ RunTime:0.000153s ]
INFO: [ app_init ] --END-- [ RunTime:0.002281s ]
INFO: [ app_begin ] --START--
INFO: Run Behavior\ReadHtmlCacheBehavior [ RunTime:0.001232s ]
INFO: [ app_begin ] --END-- [ RunTime:0.001903s ]
NOTIC: [8] Undefined variable: arr D:\wamp\www\tp\Application\Common\Common\common.php 第 1116 行.
NOTIC: [2] Invalid argument supplied for foreach() D:\wamp\www\tp\Application\Common\Common\common.php 第 1116 行.
INFO: [ view_begin ] --START--
INFO: Run Home\Behaviors\testBehavior [ RunTime:0.002017s ]
INFO: [ view_begin ] --END-- [ RunTime:0.002876s ]
INFO: [ view_parse ] --START--
NOTIC: [8] Undefined index: order D:\wamp\www\tp\ThinkPHP\Library\Think\Template\TagLib\Tpshop.class.php 第 35 行.
NOTIC: [8] Undefined index: where D:\wamp\www\tp\ThinkPHP\Library\Think\Template\TagLib\Tpshop.class.php 第 37 行.
NOTIC: [8] Undefined index: order D:\wamp\www\tp\ThinkPHP\Library\Think\Template\TagLib\Tpshop.class.php 第 35 行.
NOTIC: [8] Undefined index: where D:\wamp\www\tp\ThinkPHP\Library\Think\Template\TagLib\Tpshop.class.php 第 37 行.
NOTIC: [8] Undefined index: order D:\wamp\www\tp\ThinkPHP\Library\Think\Template\TagLib\Tpshop.class.php 第 35 行.
NOTIC: [8] Undefined index: where D:\wamp\www\tp\ThinkPHP\Library\Think\Template\TagLib\Tpshop.class.php 第 37 行.
NOTIC: [8] Undefined index: order D:\wamp\www\tp\ThinkPHP\Library\Think\Template\TagLib\Tpshop.class.php 第 35 行.
NOTIC: [8] Undefined index: where D:\wamp\www\tp\ThinkPHP\Library\Think\Template\TagLib\Tpshop.class.php 第 37 行.
NOTIC: [8] Undefined index: order D:\wamp\www\tp\ThinkPHP\Library\Think\Template\TagLib\Tpshop.class.php 第 35 行.
NOTIC: [8] Undefined index: where D:\wamp\www\tp\ThinkPHP\Library\Think\Template\TagLib\Tpshop.class.php 第 37 行.
NOTIC: [8] Undefined index: order D:\wamp\www\tp\ThinkPHP\Library\Think\Template\TagLib\Tpshop.class.php 第 35 行.
NOTIC: [8] Undefined index: where D:\wamp\www\tp\ThinkPHP\Library\Think\Template\TagLib\Tpshop.class.php 第 37 行.
NOTIC: [8] Undefined index: order D:\wamp\www\tp\ThinkPHP\Library\Think\Template\TagLib\Tpshop.class.php 第 35 行.
NOTIC: [8] Undefined index: where D:\wamp\www\tp\ThinkPHP\Library\Think\Template\TagLib\Tpshop.class.php 第 37 行.
NOTIC: [8] Undefined index: order D:\wamp\www\tp\ThinkPHP\Library\Think\Template\TagLib\Tpshop.class.php 第 35 行.
NOTIC: [8] Undefined index: where D:\wamp\www\tp\ThinkPHP\Library\Think\Template\TagLib\Tpshop.class.php 第 37 行.
NOTIC: [8] Undefined index: order D:\wamp\www\tp\ThinkPHP\Library\Think\Template\TagLib\Tpshop.class.php 第 35 行.
NOTIC: [8] Undefined index: where D:\wamp\www\tp\ThinkPHP\Library\Think\Template\TagLib\Tpshop.class.php 第 37 行.
NOTIC: [8] Undefined index: order D:\wamp\www\tp\ThinkPHP\Library\Think\Template\TagLib\Tpshop.class.php 第 35 行.
NOTIC: [8] Undefined index: where D:\wamp\www\tp\ThinkPHP\Library\Think\Template\TagLib\Tpshop.class.php 第 37 行.
NOTIC: [8] Undefined index: order D:\wamp\www\tp\ThinkPHP\Library\Think\Template\TagLib\Tpshop.class.php 第 35 行.
NOTIC: [8] Undefined index: where D:\wamp\www\tp\ThinkPHP\Library\Think\Template\TagLib\Tpshop.class.php 第 37 行.
NOTIC: [8] Undefined index: level D:\wamp\www\tp\ThinkPHP\Library\Think\Template\TagLib\Tpshop.class.php 第 155 行.
NOTIC: [8] Undefined index: level D:\wamp\www\tp\ThinkPHP\Library\Think\Template\TagLib\Tpshop.class.php 第 155 行.
NOTIC: [8] Undefined index: level D:\wamp\www\tp\ThinkPHP\Library\Think\Template\TagLib\Tpshop.class.php 第 155 行.
NOTIC: [8] Undefined index: level D:\wamp\www\tp\ThinkPHP\Library\Think\Template\TagLib\Tpshop.class.php 第 155 行.
NOTIC: [8] Undefined index: level D:\wamp\www\tp\ThinkPHP\Library\Think\Template\TagLib\Tpshop.class.php 第 155 行.
INFO: [ template_filter ] --START--
INFO: Run Behavior\ContentReplaceBehavior [ RunTime:0.000611s ]
INFO: [ template_filter ] --END-- [ RunTime:0.001287s ]
NOTIC: [8] Use of undefined constant edit_ad - assumed 'edit_ad' D:\wamp\www\tp\Application\Runtime\Cache\Mobile\b5bbc2774616647d2eecc9fe44b263ed.php 第 33 行.
NOTIC: [8] Undefined index: edit_ad D:\wamp\www\tp\Application\Runtime\Cache\Mobile\b5bbc2774616647d2eecc9fe44b263ed.php 第 33 行.
NOTIC: [8] Use of undefined constant edit_ad - assumed 'edit_ad' D:\wamp\www\tp\Application\Runtime\Cache\Mobile\b5bbc2774616647d2eecc9fe44b263ed.php 第 90 行.
NOTIC: [8] Undefined index: edit_ad D:\wamp\www\tp\Application\Runtime\Cache\Mobile\b5bbc2774616647d2eecc9fe44b263ed.php 第 90 行.
NOTIC: [8] Use of undefined constant edit_ad - assumed 'edit_ad' D:\wamp\www\tp\Application\Runtime\Cache\Mobile\b5bbc2774616647d2eecc9fe44b263ed.php 第 96 行.
NOTIC: [8] Undefined index: edit_ad D:\wamp\www\tp\Application\Runtime\Cache\Mobile\b5bbc2774616647d2eecc9fe44b263ed.php 第 96 行.
NOTIC: [8] Use of undefined constant edit_ad - assumed 'edit_ad' D:\wamp\www\tp\Application\Runtime\Cache\Mobile\b5bbc2774616647d2eecc9fe44b263ed.php 第 101 行.
NOTIC: [8] Undefined index: edit_ad D:\wamp\www\tp\Application\Runtime\Cache\Mobile\b5bbc2774616647d2eecc9fe44b263ed.php 第 101 行.
NOTIC: [8] Use of undefined constant edit_ad - assumed 'edit_ad' D:\wamp\www\tp\Application\Runtime\Cache\Mobile\b5bbc2774616647d2eecc9fe44b263ed.php 第 109 行.
NOTIC: [8] Undefined index: edit_ad D:\wamp\www\tp\Application\Runtime\Cache\Mobile\b5bbc2774616647d2eecc9fe44b263ed.php 第 109 行.
NOTIC: [8] Use of undefined constant edit_ad - assumed 'edit_ad' D:\wamp\www\tp\Application\Runtime\Cache\Mobile\b5bbc2774616647d2eecc9fe44b263ed.php 第 114 行.
NOTIC: [8] Undefined index: edit_ad D:\wamp\www\tp\Application\Runtime\Cache\Mobile\b5bbc2774616647d2eecc9fe44b263ed.php 第 114 行.
NOTIC: [8] Use of undefined constant edit_ad - assumed 'edit_ad' D:\wamp\www\tp\Application\Runtime\Cache\Mobile\b5bbc2774616647d2eecc9fe44b263ed.php 第 211 行.
NOTIC: [8] Undefined index: edit_ad D:\wamp\www\tp\Application\Runtime\Cache\Mobile\b5bbc2774616647d2eecc9fe44b263ed.php 第 211 行.
NOTIC: [8] Use of undefined constant edit_ad - assumed 'edit_ad' D:\wamp\www\tp\Application\Runtime\Cache\Mobile\b5bbc2774616647d2eecc9fe44b263ed.php 第 217 行.
NOTIC: [8] Undefined index: edit_ad D:\wamp\www\tp\Application\Runtime\Cache\Mobile\b5bbc2774616647d2eecc9fe44b263ed.php 第 217 行.
NOTIC: [8] Use of undefined constant edit_ad - assumed 'edit_ad' D:\wamp\www\tp\Application\Runtime\Cache\Mobile\b5bbc2774616647d2eecc9fe44b263ed.php 第 222 行.
NOTIC: [8] Undefined index: edit_ad D:\wamp\www\tp\Application\Runtime\Cache\Mobile\b5bbc2774616647d2eecc9fe44b263ed.php 第 222 行.
NOTIC: [8] Use of undefined constant edit_ad - assumed 'edit_ad' D:\wamp\www\tp\Application\Runtime\Cache\Mobile\b5bbc2774616647d2eecc9fe44b263ed.php 第 229 行.
NOTIC: [8] Undefined index: edit_ad D:\wamp\www\tp\Application\Runtime\Cache\Mobile\b5bbc2774616647d2eecc9fe44b263ed.php 第 229 行.
NOTIC: [8] Use of undefined constant goods_id - assumed 'goods_id' D:\wamp\www\tp\Application\Runtime\Cache\Mobile\b5bbc2774616647d2eecc9fe44b263ed.php 第 246 行.
NOTIC: [8] Use of undefined constant goods_id - assumed 'goods_id' D:\wamp\www\tp\Application\Runtime\Cache\Mobile\b5bbc2774616647d2eecc9fe44b263ed.php 第 252 行.
NOTIC: [8] Use of undefined constant goods_id - assumed 'goods_id' D:\wamp\www\tp\Application\Runtime\Cache\Mobile\b5bbc2774616647d2eecc9fe44b263ed.php 第 255 行.
NOTIC: [8] Use of undefined constant goods_id - assumed 'goods_id' D:\wamp\www\tp\Application\Runtime\Cache\Mobile\b5bbc2774616647d2eecc9fe44b263ed.php 第 246 行.
NOTIC: [8] Use of undefined constant goods_id - assumed 'goods_id' D:\wamp\www\tp\Application\Runtime\Cache\Mobile\b5bbc2774616647d2eecc9fe44b263ed.php 第 252 行.
NOTIC: [8] Use of undefined constant goods_id - assumed 'goods_id' D:\wamp\www\tp\Application\Runtime\Cache\Mobile\b5bbc2774616647d2eecc9fe44b263ed.php 第 255 行.
NOTIC: [8] Use of undefined constant goods_id - assumed 'goods_id' D:\wamp\www\tp\Application\Runtime\Cache\Mobile\b5bbc2774616647d2eecc9fe44b263ed.php 第 246 行.
NOTIC: [8] Use of undefined constant goods_id - assumed 'goods_id' D:\wamp\www\tp\Application\Runtime\Cache\Mobile\b5bbc2774616647d2eecc9fe44b263ed.php 第 252 行.
NOTIC: [8] Use of undefined constant goods_id - assumed 'goods_id' D:\wamp\www\tp\Application\Runtime\Cache\Mobile\b5bbc2774616647d2eecc9fe44b263ed.php 第 255 行.
NOTIC: [8] Use of undefined constant goods_id - assumed 'goods_id' D:\wamp\www\tp\Application\Runtime\Cache\Mobile\b5bbc2774616647d2eecc9fe44b263ed.php 第 246 行.
NOTIC: [8] Use of undefined constant goods_id - assumed 'goods_id' D:\wamp\www\tp\Application\Runtime\Cache\Mobile\b5bbc2774616647d2eecc9fe44b263ed.php 第 252 行.
NOTIC: [8] Use of undefined constant goods_id - assumed 'goods_id' D:\wamp\www\tp\Application\Runtime\Cache\Mobile\b5bbc2774616647d2eecc9fe44b263ed.php 第 255 行.
NOTIC: [8] Use of undefined constant goods_id - assumed 'goods_id' D:\wamp\www\tp\Application\Runtime\Cache\Mobile\b5bbc2774616647d2eecc9fe44b263ed.php 第 246 行.
NOTIC: [8] Use of undefined constant goods_id - assumed 'goods_id' D:\wamp\www\tp\Application\Runtime\Cache\Mobile\b5bbc2774616647d2eecc9fe44b263ed.php 第 252 行.
NOTIC: [8] Use of undefined constant goods_id - assumed 'goods_id' D:\wamp\www\tp\Application\Runtime\Cache\Mobile\b5bbc2774616647d2eecc9fe44b263ed.php 第 255 行.
NOTIC: [8] Use of undefined constant goods_id - assumed 'goods_id' D:\wamp\www\tp\Application\Runtime\Cache\Mobile\b5bbc2774616647d2eecc9fe44b263ed.php 第 246 行.
NOTIC: [8] Use of undefined constant goods_id - assumed 'goods_id' D:\wamp\www\tp\Application\Runtime\Cache\Mobile\b5bbc2774616647d2eecc9fe44b263ed.php 第 252 行.
NOTIC: [8] Use of undefined constant goods_id - assumed 'goods_id' D:\wamp\www\tp\Application\Runtime\Cache\Mobile\b5bbc2774616647d2eecc9fe44b263ed.php 第 255 行.
NOTIC: [8] Use of undefined constant goods_id - assumed 'goods_id' D:\wamp\www\tp\Application\Runtime\Cache\Mobile\b5bbc2774616647d2eecc9fe44b263ed.php 第 291 行.
NOTIC: [8] Use of undefined constant goods_id - assumed 'goods_id' D:\wamp\www\tp\Application\Runtime\Cache\Mobile\b5bbc2774616647d2eecc9fe44b263ed.php 第 297 行.
NOTIC: [8] Use of undefined constant goods_id - assumed 'goods_id' D:\wamp\www\tp\Application\Runtime\Cache\Mobile\b5bbc2774616647d2eecc9fe44b263ed.php 第 300 行.
NOTIC: [8] Use of undefined constant goods_id - assumed 'goods_id' D:\wamp\www\tp\Application\Runtime\Cache\Mobile\b5bbc2774616647d2eecc9fe44b263ed.php 第 291 行.
NOTIC: [8] Use of undefined constant goods_id - assumed 'goods_id' D:\wamp\www\tp\Application\Runtime\Cache\Mobile\b5bbc2774616647d2eecc9fe44b263ed.php 第 297 行.
NOTIC: [8] Use of undefined constant goods_id - assumed 'goods_id' D:\wamp\www\tp\Application\Runtime\Cache\Mobile\b5bbc2774616647d2eecc9fe44b263ed.php 第 300 行.
NOTIC: [8] Use of undefined constant goods_id - assumed 'goods_id' D:\wamp\www\tp\Application\Runtime\Cache\Mobile\b5bbc2774616647d2eecc9fe44b263ed.php 第 291 行.
NOTIC: [8] Use of undefined constant goods_id - assumed 'goods_id' D:\wamp\www\tp\Application\Runtime\Cache\Mobile\b5bbc2774616647d2eecc9fe44b263ed.php 第 297 行.
NOTIC: [8] Use of undefined constant goods_id - assumed 'goods_id' D:\wamp\www\tp\Application\Runtime\Cache\Mobile\b5bbc2774616647d2eecc9fe44b263ed.php 第 300 行.
NOTIC: [8] Use of undefined constant goods_id - assumed 'goods_id' D:\wamp\www\tp\Application\Runtime\Cache\Mobile\b5bbc2774616647d2eecc9fe44b263ed.php 第 291 行.
NOTIC: [8] Use of undefined constant goods_id - assumed 'goods_id' D:\wamp\www\tp\Application\Runtime\Cache\Mobile\b5bbc2774616647d2eecc9fe44b263ed.php 第 297 行.
NOTIC: [8] Use of undefined constant goods_id - assumed 'goods_id' D:\wamp\www\tp\Application\Runtime\Cache\Mobile\b5bbc2774616647d2eecc9fe44b263ed.php 第 300 行.
NOTIC: [8] Use of undefined constant goods_id - assumed 'goods_id' D:\wamp\www\tp\Application\Runtime\Cache\Mobile\b5bbc2774616647d2eecc9fe44b263ed.php 第 291 行.
NOTIC: [8] Use of undefined constant goods_id - assumed 'goods_id' D:\wamp\www\tp\Application\Runtime\Cache\Mobile\b5bbc2774616647d2eecc9fe44b263ed.php 第 297 行.
NOTIC: [8] Use of undefined constant goods_id - assumed 'goods_id' D:\wamp\www\tp\Application\Runtime\Cache\Mobile\b5bbc2774616647d2eecc9fe44b263ed.php 第 300 行.
NOTIC: [8] Use of undefined constant goods_id - assumed 'goods_id' D:\wamp\www\tp\Application\Runtime\Cache\Mobile\b5bbc2774616647d2eecc9fe44b263ed.php 第 291 行.
NOTIC: [8] Use of undefined constant goods_id - assumed 'goods_id' D:\wamp\www\tp\Application\Runtime\Cache\Mobile\b5bbc2774616647d2eecc9fe44b263ed.php 第 297 行.
NOTIC: [8] Use of undefined constant goods_id - assumed 'goods_id' D:\wamp\www\tp\Application\Runtime\Cache\Mobile\b5bbc2774616647d2eecc9fe44b263ed.php 第 300 行.
NOTIC: [8] Use of undefined constant goods_id - assumed 'goods_id' D:\wamp\www\tp\Application\Runtime\Cache\Mobile\b5bbc2774616647d2eecc9fe44b263ed.php 第 333 行.
NOTIC: [8] Use of undefined constant goods_id - assumed 'goods_id' D:\wamp\www\tp\Application\Runtime\Cache\Mobile\b5bbc2774616647d2eecc9fe44b263ed.php 第 339 行.
NOTIC: [8] Use of undefined constant goods_id - assumed 'goods_id' D:\wamp\www\tp\Application\Runtime\Cache\Mobile\b5bbc2774616647d2eecc9fe44b263ed.php 第 342 行.
NOTIC: [8] Use of undefined constant goods_id - assumed 'goods_id' D:\wamp\www\tp\Application\Runtime\Cache\Mobile\b5bbc2774616647d2eecc9fe44b263ed.php 第 333 行.
NOTIC: [8] Use of undefined constant goods_id - assumed 'goods_id' D:\wamp\www\tp\Application\Runtime\Cache\Mobile\b5bbc2774616647d2eecc9fe44b263ed.php 第 339 行.
NOTIC: [8] Use of undefined constant goods_id - assumed 'goods_id' D:\wamp\www\tp\Application\Runtime\Cache\Mobile\b5bbc2774616647d2eecc9fe44b263ed.php 第 342 行.
NOTIC: [8] Use of undefined constant goods_id - assumed 'goods_id' D:\wamp\www\tp\Application\Runtime\Cache\Mobile\b5bbc2774616647d2eecc9fe44b263ed.php 第 333 行.
NOTIC: [8] Use of undefined constant goods_id - assumed 'goods_id' D:\wamp\www\tp\Application\Runtime\Cache\Mobile\b5bbc2774616647d2eecc9fe44b263ed.php 第 339 行.
NOTIC: [8] Use of undefined constant goods_id - assumed 'goods_id' D:\wamp\www\tp\Application\Runtime\Cache\Mobile\b5bbc2774616647d2eecc9fe44b263ed.php 第 342 行.
NOTIC: [8] Use of undefined constant goods_id - assumed 'goods_id' D:\wamp\www\tp\Application\Runtime\Cache\Mobile\b5bbc2774616647d2eecc9fe44b263ed.php 第 333 行.
NOTIC: [8] Use of undefined constant goods_id - assumed 'goods_id' D:\wamp\www\tp\Application\Runtime\Cache\Mobile\b5bbc2774616647d2eecc9fe44b263ed.php 第 339 行.
NOTIC: [8] Use of undefined constant goods_id - assumed 'goods_id' D:\wamp\www\tp\Application\Runtime\Cache\Mobile\b5bbc2774616647d2eecc9fe44b263ed.php 第 342 行.
NOTIC: [8] Use of undefined constant goods_id - assumed 'goods_id' D:\wamp\www\tp\Application\Runtime\Cache\Mobile\b5bbc2774616647d2eecc9fe44b263ed.php 第 333 行.
NOTIC: [8] Use of undefined constant goods_id - assumed 'goods_id' D:\wamp\www\tp\Application\Runtime\Cache\Mobile\b5bbc2774616647d2eecc9fe44b263ed.php 第 339 行.
NOTIC: [8] Use of undefined constant goods_id - assumed 'goods_id' D:\wamp\www\tp\Application\Runtime\Cache\Mobile\b5bbc2774616647d2eecc9fe44b263ed.php 第 342 行.
NOTIC: [8] Use of undefined constant goods_id - assumed 'goods_id' D:\wamp\www\tp\Application\Runtime\Cache\Mobile\b5bbc2774616647d2eecc9fe44b263ed.php 第 333 行.
NOTIC: [8] Use of undefined constant goods_id - assumed 'goods_id' D:\wamp\www\tp\Application\Runtime\Cache\Mobile\b5bbc2774616647d2eecc9fe44b263ed.php 第 339 行.
NOTIC: [8] Use of undefined constant goods_id - assumed 'goods_id' D:\wamp\www\tp\Application\Runtime\Cache\Mobile\b5bbc2774616647d2eecc9fe44b263ed.php 第 342 行.
NOTIC: [8] Use of undefined constant edit_ad - assumed 'edit_ad' D:\wamp\www\tp\Application\Runtime\Cache\Mobile\b5bbc2774616647d2eecc9fe44b263ed.php 第 379 行.
NOTIC: [8] Undefined index: edit_ad D:\wamp\www\tp\Application\Runtime\Cache\Mobile\b5bbc2774616647d2eecc9fe44b263ed.php 第 379 行.
NOTIC: [8] Undefined variable: user_id D:\wamp\www\tp\Application\Runtime\Cache\Mobile\b5bbc2774616647d2eecc9fe44b263ed.php 第 445 行.
NOTIC: [8] Undefined variable: signPackage D:\wamp\www\tp\Application\Runtime\Cache\Mobile\b5bbc2774616647d2eecc9fe44b263ed.php 第 557 行.
INFO: Run Behavior\ParseTemplateBehavior [ RunTime:0.532605s ]
INFO: [ view_parse ] --END-- [ RunTime:0.533385s ]
INFO: [ view_filter ] --START--
INFO: Run Behavior\WriteHtmlCacheBehavior [ RunTime:0.000983s ]
INFO: Run Behavior\TokenBuildBehavior [ RunTime:0.002223s ]
INFO: [ view_filter ] --END-- [ RunTime:0.004238s ]
INFO: [ app_end ] --START--
INFO: Run Behavior\ShowPageTraceBehavior [ RunTime:0.001171s ]
INFO: [ app_end ] --END-- [ RunTime:0.001831s ]

[ 2017-07-17T08:51:54+08:00 ] 127.0.0.1 /index.php?m=Mobile&c=Index&a=ajaxGetMore&p=1
INFO: [ app_init ] --START--
INFO: Run Behavior\BuildLiteBehavior [ RunTime:0.000135s ]
INFO: [ app_init ] --END-- [ RunTime:0.001296s ]
INFO: [ app_begin ] --START--
INFO: Run Behavior\ReadHtmlCacheBehavior [ RunTime:0.001171s ]
INFO: [ app_begin ] --END-- [ RunTime:0.001722s ]
NOTIC: [8] Undefined variable: arr D:\wamp\www\tp\Application\Common\Common\common.php 第 1116 行.
NOTIC: [2] Invalid argument supplied for foreach() D:\wamp\www\tp\Application\Common\Common\common.php 第 1116 行.
INFO: [ view_begin ] --START--
INFO: Run Home\Behaviors\testBehavior [ RunTime:0.001771s ]
INFO: [ view_begin ] --END-- [ RunTime:0.002424s ]
INFO: [ view_parse ] --START--
INFO: [ template_filter ] --START--
INFO: Run Behavior\ContentReplaceBehavior [ RunTime:0.000540s ]
INFO: [ template_filter ] --END-- [ RunTime:0.001270s ]
NOTIC: [8] Use of undefined constant goods_id - assumed 'goods_id' D:\wamp\www\tp\Application\Runtime\Cache\Mobile\1e5b965c4527df62a04c05e6f82297a7.php 第 2 行.
NOTIC: [8] Use of undefined constant goods_id - assumed 'goods_id' D:\wamp\www\tp\Application\Runtime\Cache\Mobile\1e5b965c4527df62a04c05e6f82297a7.php 第 8 行.
NOTIC: [8] Use of undefined constant goods_id - assumed 'goods_id' D:\wamp\www\tp\Application\Runtime\Cache\Mobile\1e5b965c4527df62a04c05e6f82297a7.php 第 11 行.
NOTIC: [8] Use of undefined constant goods_id - assumed 'goods_id' D:\wamp\www\tp\Application\Runtime\Cache\Mobile\1e5b965c4527df62a04c05e6f82297a7.php 第 2 行.
NOTIC: [8] Use of undefined constant goods_id - assumed 'goods_id' D:\wamp\www\tp\Application\Runtime\Cache\Mobile\1e5b965c4527df62a04c05e6f82297a7.php 第 8 行.
NOTIC: [8] Use of undefined constant goods_id - assumed 'goods_id' D:\wamp\www\tp\Application\Runtime\Cache\Mobile\1e5b965c4527df62a04c05e6f82297a7.php 第 11 行.
NOTIC: [8] Use of undefined constant goods_id - assumed 'goods_id' D:\wamp\www\tp\Application\Runtime\Cache\Mobile\1e5b965c4527df62a04c05e6f82297a7.php 第 2 行.
NOTIC: [8] Use of undefined constant goods_id - assumed 'goods_id' D:\wamp\www\tp\Application\Runtime\Cache\Mobile\1e5b965c4527df62a04c05e6f82297a7.php 第 8 行.
NOTIC: [8] Use of undefined constant goods_id - assumed 'goods_id' D:\wamp\www\tp\Application\Runtime\Cache\Mobile\1e5b965c4527df62a04c05e6f82297a7.php 第 11 行.
NOTIC: [8] Use of undefined constant goods_id - assumed 'goods_id' D:\wamp\www\tp\Application\Runtime\Cache\Mobile\1e5b965c4527df62a04c05e6f82297a7.php 第 2 行.
NOTIC: [8] Use of undefined constant goods_id - assumed 'goods_id' D:\wamp\www\tp\Application\Runtime\Cache\Mobile\1e5b965c4527df62a04c05e6f82297a7.php 第 8 行.
NOTIC: [8] Use of undefined constant goods_id - assumed 'goods_id' D:\wamp\www\tp\Application\Runtime\Cache\Mobile\1e5b965c4527df62a04c05e6f82297a7.php 第 11 行.
NOTIC: [8] Use of undefined constant goods_id - assumed 'goods_id' D:\wamp\www\tp\Application\Runtime\Cache\Mobile\1e5b965c4527df62a04c05e6f82297a7.php 第 2 行.
NOTIC: [8] Use of undefined constant goods_id - assumed 'goods_id' D:\wamp\www\tp\Application\Runtime\Cache\Mobile\1e5b965c4527df62a04c05e6f82297a7.php 第 8 行.
NOTIC: [8] Use of undefined constant goods_id - assumed 'goods_id' D:\wamp\www\tp\Application\Runtime\Cache\Mobile\1e5b965c4527df62a04c05e6f82297a7.php 第 11 行.
NOTIC: [8] Use of undefined constant goods_id - assumed 'goods_id' D:\wamp\www\tp\Application\Runtime\Cache\Mobile\1e5b965c4527df62a04c05e6f82297a7.php 第 2 行.
NOTIC: [8] Use of undefined constant goods_id - assumed 'goods_id' D:\wamp\www\tp\Application\Runtime\Cache\Mobile\1e5b965c4527df62a04c05e6f82297a7.php 第 8 行.
NOTIC: [8] Use of undefined constant goods_id - assumed 'goods_id' D:\wamp\www\tp\Application\Runtime\Cache\Mobile\1e5b965c4527df62a04c05e6f82297a7.php 第 11 行.
INFO: Run Behavior\ParseTemplateBehavior [ RunTime:0.058086s ]
INFO: [ view_parse ] --END-- [ RunTime:0.059650s ]
INFO: [ view_filter ] --START--
INFO: Run Behavior\WriteHtmlCacheBehavior [ RunTime:0.001331s ]
INFO: Run Behavior\TokenBuildBehavior [ RunTime:0.002442s ]
INFO: [ view_filter ] --END-- [ RunTime:0.004963s ]
INFO: [ app_end ] --START--
INFO: Run Behavior\ShowPageTraceBehavior [ RunTime:0.001497s ]
INFO: [ app_end ] --END-- [ RunTime:0.002825s ]

