[ 2017-07-13T08:56:51+08:00 ] 127.0.0.1 /index.php?m=Home&c=Cart&a=ajaxAddCart
INFO: [ app_init ] --START--
INFO: Run Behavior\BuildLiteBehavior [ RunTime:0.000122s ]
INFO: [ app_init ] --END-- [ RunTime:0.001092s ]
INFO: [ app_begin ] --START--
INFO: Run Behavior\ReadHtmlCacheBehavior [ RunTime:0.000690s ]
INFO: [ app_begin ] --END-- [ RunTime:0.001204s ]
NOTIC: [8] Undefined variable: arr D:\wamp\www\tp\Application\Common\Common\common.php 第 1116 行.
NOTIC: [2] Invalid argument supplied for foreach() D:\wamp\www\tp\Application\Common\Common\common.php 第 1116 行.

[ 2017-07-13T08:57:04+08:00 ] 127.0.0.1 /index.php?m=Home&c=Cart&a=ajaxAddCart
INFO: [ app_init ] --START--
INFO: Run Behavior\BuildLiteBehavior [ RunTime:0.000122s ]
INFO: [ app_init ] --END-- [ RunTime:0.001064s ]
INFO: [ app_begin ] --START--
INFO: Run Behavior\ReadHtmlCacheBehavior [ RunTime:0.000676s ]
INFO: [ app_begin ] --END-- [ RunTime:0.001198s ]
NOTIC: [8] Undefined variable: arr D:\wamp\www\tp\Application\Common\Common\common.php 第 1116 行.
NOTIC: [2] Invalid argument supplied for foreach() D:\wamp\www\tp\Application\Common\Common\common.php 第 1116 行.

[ 2017-07-13T08:57:25+08:00 ] 127.0.0.1 /index.php?m=Home&c=Cart&a=ajaxAddCart
INFO: [ app_init ] --START--
INFO: Run Behavior\BuildLiteBehavior [ RunTime:0.000122s ]
INFO: [ app_init ] --END-- [ RunTime:0.001071s ]
INFO: [ app_begin ] --START--
INFO: Run Behavior\ReadHtmlCacheBehavior [ RunTime:0.000617s ]
INFO: [ app_begin ] --END-- [ RunTime:0.001132s ]
NOTIC: [8] Undefined variable: arr D:\wamp\www\tp\Application\Common\Common\common.php 第 1116 行.
NOTIC: [2] Invalid argument supplied for foreach() D:\wamp\www\tp\Application\Common\Common\common.php 第 1116 行.
NOTIC: [2] Invalid argument supplied for foreach() D:\wamp\www\tp\Application\Home\Logic\CartLogic.class.php 第 77 行.
NOTIC: [8] Undefined variable: spec_key D:\wamp\www\tp\Application\Home\Logic\CartLogic.class.php 第 88 行.
NOTIC: [8] Undefined variable: spec_price D:\wamp\www\tp\Application\Home\Logic\CartLogic.class.php 第 95 行.
NOTIC: [8] Undefined variable: spec_key D:\wamp\www\tp\Application\Home\Logic\CartLogic.class.php 第 116 行.
NOTIC: [8] Undefined variable: spec_key D:\wamp\www\tp\Application\Home\Logic\CartLogic.class.php 第 117 行.
NOTIC: [8] Undefined variable: spec_key D:\wamp\www\tp\Application\Home\Logic\CartLogic.class.php 第 118 行.

[ 2017-07-13T08:57:30+08:00 ] 127.0.0.1 /index.php?m=Home&c=Cart&a=ajaxAddCart
INFO: [ app_init ] --START--
INFO: Run Behavior\BuildLiteBehavior [ RunTime:0.000128s ]
INFO: [ app_init ] --END-- [ RunTime:0.001103s ]
INFO: [ app_begin ] --START--
INFO: Run Behavior\ReadHtmlCacheBehavior [ RunTime:0.000614s ]
INFO: [ app_begin ] --END-- [ RunTime:0.001141s ]
NOTIC: [8] Undefined variable: arr D:\wamp\www\tp\Application\Common\Common\common.php 第 1116 行.
NOTIC: [2] Invalid argument supplied for foreach() D:\wamp\www\tp\Application\Common\Common\common.php 第 1116 行.
NOTIC: [2] Invalid argument supplied for foreach() D:\wamp\www\tp\Application\Home\Logic\CartLogic.class.php 第 77 行.
NOTIC: [8] Undefined variable: spec_key D:\wamp\www\tp\Application\Home\Logic\CartLogic.class.php 第 88 行.
NOTIC: [8] Undefined variable: spec_price D:\wamp\www\tp\Application\Home\Logic\CartLogic.class.php 第 95 行.
NOTIC: [8] Undefined variable: spec_key D:\wamp\www\tp\Application\Home\Logic\CartLogic.class.php 第 116 行.
NOTIC: [8] Undefined variable: spec_key D:\wamp\www\tp\Application\Home\Logic\CartLogic.class.php 第 117 行.
NOTIC: [8] Undefined variable: spec_key D:\wamp\www\tp\Application\Home\Logic\CartLogic.class.php 第 118 行.

[ 2017-07-13T08:57:56+08:00 ] 127.0.0.1 /index.php?m=Home&c=Cart&a=ajaxAddCart
INFO: [ app_init ] --START--
INFO: Run Behavior\BuildLiteBehavior [ RunTime:0.000165s ]
INFO: [ app_init ] --END-- [ RunTime:0.001464s ]
INFO: [ app_begin ] --START--
INFO: Run Behavior\ReadHtmlCacheBehavior [ RunTime:0.000701s ]
INFO: [ app_begin ] --END-- [ RunTime:0.001217s ]
NOTIC: [8] Undefined variable: arr D:\wamp\www\tp\Application\Common\Common\common.php 第 1116 行.
NOTIC: [2] Invalid argument supplied for foreach() D:\wamp\www\tp\Application\Common\Common\common.php 第 1116 行.

[ 2017-07-13T08:58:02+08:00 ] 127.0.0.1 /index.php?m=Home&c=Cart&a=ajaxAddCart
INFO: [ app_init ] --START--
INFO: Run Behavior\BuildLiteBehavior [ RunTime:0.000123s ]
INFO: [ app_init ] --END-- [ RunTime:0.001067s ]
INFO: [ app_begin ] --START--
INFO: Run Behavior\ReadHtmlCacheBehavior [ RunTime:0.000610s ]
INFO: [ app_begin ] --END-- [ RunTime:0.001120s ]
NOTIC: [8] Undefined variable: arr D:\wamp\www\tp\Application\Common\Common\common.php 第 1116 行.
NOTIC: [2] Invalid argument supplied for foreach() D:\wamp\www\tp\Application\Common\Common\common.php 第 1116 行.

[ 2017-07-13T08:58:05+08:00 ] 127.0.0.1 /index.php?m=Home&c=Cart&a=ajaxAddCart
INFO: [ app_init ] --START--
INFO: Run Behavior\BuildLiteBehavior [ RunTime:0.000122s ]
INFO: [ app_init ] --END-- [ RunTime:0.001064s ]
INFO: [ app_begin ] --START--
INFO: Run Behavior\ReadHtmlCacheBehavior [ RunTime:0.000731s ]
INFO: [ app_begin ] --END-- [ RunTime:0.001252s ]
NOTIC: [8] Undefined variable: arr D:\wamp\www\tp\Application\Common\Common\common.php 第 1116 行.
NOTIC: [2] Invalid argument supplied for foreach() D:\wamp\www\tp\Application\Common\Common\common.php 第 1116 行.
NOTIC: [2] Invalid argument supplied for foreach() D:\wamp\www\tp\Application\Home\Logic\CartLogic.class.php 第 77 行.
NOTIC: [8] Undefined variable: spec_key D:\wamp\www\tp\Application\Home\Logic\CartLogic.class.php 第 88 行.
NOTIC: [8] Undefined variable: spec_price D:\wamp\www\tp\Application\Home\Logic\CartLogic.class.php 第 95 行.
NOTIC: [8] Undefined variable: spec_key D:\wamp\www\tp\Application\Home\Logic\CartLogic.class.php 第 116 行.
NOTIC: [8] Undefined variable: spec_key D:\wamp\www\tp\Application\Home\Logic\CartLogic.class.php 第 117 行.
NOTIC: [8] Undefined variable: spec_key D:\wamp\www\tp\Application\Home\Logic\CartLogic.class.php 第 118 行.
NOTIC: [8] Use of undefined constant id - assumed 'id' D:\wamp\www\tp\Application\Home\Logic\CartLogic.class.php 第 130 行.

[ 2017-07-13T08:58:10+08:00 ] 127.0.0.1 /index.php?m=Home&c=Cart&a=ajaxAddCart
INFO: [ app_init ] --START--
INFO: Run Behavior\BuildLiteBehavior [ RunTime:0.000123s ]
INFO: [ app_init ] --END-- [ RunTime:0.001058s ]
INFO: [ app_begin ] --START--
INFO: Run Behavior\ReadHtmlCacheBehavior [ RunTime:0.000611s ]
INFO: [ app_begin ] --END-- [ RunTime:0.001132s ]
NOTIC: [8] Undefined variable: arr D:\wamp\www\tp\Application\Common\Common\common.php 第 1116 行.
NOTIC: [2] Invalid argument supplied for foreach() D:\wamp\www\tp\Application\Common\Common\common.php 第 1116 行.

[ 2017-07-13T08:58:29+08:00 ] 127.0.0.1 /index.php?m=Home&c=Cart&a=ajaxAddCart
INFO: [ app_init ] --START--
INFO: Run Behavior\BuildLiteBehavior [ RunTime:0.000177s ]
INFO: [ app_init ] --END-- [ RunTime:0.001543s ]
INFO: [ app_begin ] --START--
INFO: Run Behavior\ReadHtmlCacheBehavior [ RunTime:0.000661s ]
INFO: [ app_begin ] --END-- [ RunTime:0.001220s ]
NOTIC: [8] Undefined variable: arr D:\wamp\www\tp\Application\Common\Common\common.php 第 1116 行.
NOTIC: [2] Invalid argument supplied for foreach() D:\wamp\www\tp\Application\Common\Common\common.php 第 1116 行.

[ 2017-07-13T08:58:57+08:00 ] 127.0.0.1 /index.php?m=Home&c=Cart&a=ajaxAddCart
INFO: [ app_init ] --START--
INFO: Run Behavior\BuildLiteBehavior [ RunTime:0.000125s ]
INFO: [ app_init ] --END-- [ RunTime:0.001123s ]
INFO: [ app_begin ] --START--
INFO: Run Behavior\ReadHtmlCacheBehavior [ RunTime:0.000601s ]
INFO: [ app_begin ] --END-- [ RunTime:0.001115s ]
NOTIC: [8] Undefined variable: arr D:\wamp\www\tp\Application\Common\Common\common.php 第 1116 行.
NOTIC: [2] Invalid argument supplied for foreach() D:\wamp\www\tp\Application\Common\Common\common.php 第 1116 行.

[ 2017-07-13T09:00:04+08:00 ] 127.0.0.1 /index.php?m=Home&c=Cart&a=ajaxAddCart
INFO: [ app_init ] --START--
INFO: Run Behavior\BuildLiteBehavior [ RunTime:0.000129s ]
INFO: [ app_init ] --END-- [ RunTime:0.001189s ]
INFO: [ app_begin ] --START--
INFO: Run Behavior\ReadHtmlCacheBehavior [ RunTime:0.000614s ]
INFO: [ app_begin ] --END-- [ RunTime:0.001133s ]
NOTIC: [8] Undefined variable: arr D:\wamp\www\tp\Application\Common\Common\common.php 第 1116 行.
NOTIC: [2] Invalid argument supplied for foreach() D:\wamp\www\tp\Application\Common\Common\common.php 第 1116 行.

[ 2017-07-13T09:04:48+08:00 ] 127.0.0.1 /index.php?m=Home&c=Cart&a=ajaxAddCart
INFO: [ app_init ] --START--
INFO: Run Behavior\BuildLiteBehavior [ RunTime:0.000123s ]
INFO: [ app_init ] --END-- [ RunTime:0.001075s ]
INFO: [ app_begin ] --START--
INFO: Run Behavior\ReadHtmlCacheBehavior [ RunTime:0.000615s ]
INFO: [ app_begin ] --END-- [ RunTime:0.001129s ]
NOTIC: [8] Undefined variable: arr D:\wamp\www\tp\Application\Common\Common\common.php 第 1116 行.
NOTIC: [2] Invalid argument supplied for foreach() D:\wamp\www\tp\Application\Common\Common\common.php 第 1116 行.

[ 2017-07-13T09:04:52+08:00 ] 127.0.0.1 /index.php?m=Home&c=Cart&a=ajaxAddCart
INFO: [ app_init ] --START--
INFO: Run Behavior\BuildLiteBehavior [ RunTime:0.000123s ]
INFO: [ app_init ] --END-- [ RunTime:0.001067s ]
INFO: [ app_begin ] --START--
INFO: Run Behavior\ReadHtmlCacheBehavior [ RunTime:0.000645s ]
INFO: [ app_begin ] --END-- [ RunTime:0.001160s ]
NOTIC: [8] Undefined variable: arr D:\wamp\www\tp\Application\Common\Common\common.php 第 1116 行.
NOTIC: [2] Invalid argument supplied for foreach() D:\wamp\www\tp\Application\Common\Common\common.php 第 1116 行.
NOTIC: [2] Invalid argument supplied for foreach() D:\wamp\www\tp\Application\Home\Logic\CartLogic.class.php 第 77 行.
NOTIC: [8] Undefined variable: spec_key D:\wamp\www\tp\Application\Home\Logic\CartLogic.class.php 第 88 行.
NOTIC: [8] Undefined variable: spec_price D:\wamp\www\tp\Application\Home\Logic\CartLogic.class.php 第 95 行.
NOTIC: [8] Undefined variable: spec_key D:\wamp\www\tp\Application\Home\Logic\CartLogic.class.php 第 116 行.
NOTIC: [8] Undefined variable: spec_key D:\wamp\www\tp\Application\Home\Logic\CartLogic.class.php 第 117 行.
NOTIC: [8] Undefined variable: spec_key D:\wamp\www\tp\Application\Home\Logic\CartLogic.class.php 第 118 行.
NOTIC: [8] Use of undefined constant id - assumed 'id' D:\wamp\www\tp\Application\Home\Logic\CartLogic.class.php 第 130 行.

[ 2017-07-13T09:04:56+08:00 ] 127.0.0.1 /index.php?m=Home&c=Cart&a=ajaxAddCart
INFO: [ app_init ] --START--
INFO: Run Behavior\BuildLiteBehavior [ RunTime:0.000122s ]
INFO: [ app_init ] --END-- [ RunTime:0.001079s ]
INFO: [ app_begin ] --START--
INFO: Run Behavior\ReadHtmlCacheBehavior [ RunTime:0.000622s ]
INFO: [ app_begin ] --END-- [ RunTime:0.001138s ]
NOTIC: [8] Undefined variable: arr D:\wamp\www\tp\Application\Common\Common\common.php 第 1116 行.
NOTIC: [2] Invalid argument supplied for foreach() D:\wamp\www\tp\Application\Common\Common\common.php 第 1116 行.
NOTIC: [2] Invalid argument supplied for foreach() D:\wamp\www\tp\Application\Home\Logic\CartLogic.class.php 第 77 行.
NOTIC: [8] Undefined variable: spec_key D:\wamp\www\tp\Application\Home\Logic\CartLogic.class.php 第 88 行.
NOTIC: [8] Undefined variable: spec_price D:\wamp\www\tp\Application\Home\Logic\CartLogic.class.php 第 95 行.
NOTIC: [8] Undefined variable: spec_key D:\wamp\www\tp\Application\Home\Logic\CartLogic.class.php 第 116 行.
NOTIC: [8] Undefined variable: spec_key D:\wamp\www\tp\Application\Home\Logic\CartLogic.class.php 第 117 行.
NOTIC: [8] Undefined variable: spec_key D:\wamp\www\tp\Application\Home\Logic\CartLogic.class.php 第 118 行.
NOTIC: [8] Use of undefined constant id - assumed 'id' D:\wamp\www\tp\Application\Home\Logic\CartLogic.class.php 第 130 行.

[ 2017-07-13T09:06:45+08:00 ] 127.0.0.1 /index.php?m=Home&c=Cart&a=ajaxAddCart
INFO: [ app_init ] --START--
INFO: Run Behavior\BuildLiteBehavior [ RunTime:0.000177s ]
INFO: [ app_init ] --END-- [ RunTime:0.001589s ]
INFO: [ app_begin ] --START--
INFO: Run Behavior\ReadHtmlCacheBehavior [ RunTime:0.000727s ]
INFO: [ app_begin ] --END-- [ RunTime:0.001273s ]
NOTIC: [8] Undefined variable: arr D:\wamp\www\tp\Application\Common\Common\common.php 第 1116 行.
NOTIC: [2] Invalid argument supplied for foreach() D:\wamp\www\tp\Application\Common\Common\common.php 第 1116 行.

[ 2017-07-13T09:08:01+08:00 ] 127.0.0.1 /index.php?m=Home&c=Cart&a=ajaxAddCart
INFO: [ app_init ] --START--
INFO: Run Behavior\BuildLiteBehavior [ RunTime:0.000123s ]
INFO: [ app_init ] --END-- [ RunTime:0.001068s ]
INFO: [ app_begin ] --START--
INFO: Run Behavior\ReadHtmlCacheBehavior [ RunTime:0.000609s ]
INFO: [ app_begin ] --END-- [ RunTime:0.001124s ]
NOTIC: [8] Undefined variable: arr D:\wamp\www\tp\Application\Common\Common\common.php 第 1116 行.
NOTIC: [2] Invalid argument supplied for foreach() D:\wamp\www\tp\Application\Common\Common\common.php 第 1116 行.

[ 2017-07-13T09:09:19+08:00 ] 127.0.0.1 /index.php?m=Home&c=Cart&a=ajaxAddCart
INFO: [ app_init ] --START--
INFO: Run Behavior\BuildLiteBehavior [ RunTime:0.000123s ]
INFO: [ app_init ] --END-- [ RunTime:0.001065s ]
INFO: [ app_begin ] --START--
INFO: Run Behavior\ReadHtmlCacheBehavior [ RunTime:0.000612s ]
INFO: [ app_begin ] --END-- [ RunTime:0.001127s ]
NOTIC: [8] Undefined variable: arr D:\wamp\www\tp\Application\Common\Common\common.php 第 1116 行.
NOTIC: [2] Invalid argument supplied for foreach() D:\wamp\www\tp\Application\Common\Common\common.php 第 1116 行.

[ 2017-07-13T09:09:36+08:00 ] 127.0.0.1 /index.php?m=Home&c=Cart&a=ajaxAddCart
INFO: [ app_init ] --START--
INFO: Run Behavior\BuildLiteBehavior [ RunTime:0.000124s ]
INFO: [ app_init ] --END-- [ RunTime:0.001085s ]
INFO: [ app_begin ] --START--
INFO: Run Behavior\ReadHtmlCacheBehavior [ RunTime:0.000623s ]
INFO: [ app_begin ] --END-- [ RunTime:0.001138s ]
NOTIC: [8] Undefined variable: arr D:\wamp\www\tp\Application\Common\Common\common.php 第 1116 行.
NOTIC: [2] Invalid argument supplied for foreach() D:\wamp\www\tp\Application\Common\Common\common.php 第 1116 行.

[ 2017-07-13T09:09:42+08:00 ] 127.0.0.1 /index.php?m=Home&c=Cart&a=ajaxAddCart
INFO: [ app_init ] --START--
INFO: Run Behavior\BuildLiteBehavior [ RunTime:0.000123s ]
INFO: [ app_init ] --END-- [ RunTime:0.001075s ]
INFO: [ app_begin ] --START--
INFO: Run Behavior\ReadHtmlCacheBehavior [ RunTime:0.000628s ]
INFO: [ app_begin ] --END-- [ RunTime:0.001174s ]
NOTIC: [8] Undefined variable: arr D:\wamp\www\tp\Application\Common\Common\common.php 第 1116 行.
NOTIC: [2] Invalid argument supplied for foreach() D:\wamp\www\tp\Application\Common\Common\common.php 第 1116 行.

[ 2017-07-13T09:11:55+08:00 ] 127.0.0.1 /index.php?m=Home&c=Cart&a=ajaxAddCart
INFO: [ app_init ] --START--
INFO: Run Behavior\BuildLiteBehavior [ RunTime:0.000125s ]
INFO: [ app_init ] --END-- [ RunTime:0.001164s ]
INFO: [ app_begin ] --START--
INFO: Run Behavior\ReadHtmlCacheBehavior [ RunTime:0.000686s ]
INFO: [ app_begin ] --END-- [ RunTime:0.001203s ]
NOTIC: [8] Undefined variable: arr D:\wamp\www\tp\Application\Common\Common\common.php 第 1116 行.
NOTIC: [2] Invalid argument supplied for foreach() D:\wamp\www\tp\Application\Common\Common\common.php 第 1116 行.

[ 2017-07-13T09:12:28+08:00 ] 127.0.0.1 /index.php?m=Home&c=Cart&a=ajaxAddCart
INFO: [ app_init ] --START--
INFO: Run Behavior\BuildLiteBehavior [ RunTime:0.000125s ]
INFO: [ app_init ] --END-- [ RunTime:0.001221s ]
INFO: [ app_begin ] --START--
INFO: Run Behavior\ReadHtmlCacheBehavior [ RunTime:0.000610s ]
INFO: [ app_begin ] --END-- [ RunTime:0.001121s ]
NOTIC: [8] Undefined variable: arr D:\wamp\www\tp\Application\Common\Common\common.php 第 1116 行.
NOTIC: [2] Invalid argument supplied for foreach() D:\wamp\www\tp\Application\Common\Common\common.php 第 1116 行.
NOTIC: [2] Invalid argument supplied for foreach() D:\wamp\www\tp\Application\Home\Logic\CartLogic.class.php 第 77 行.
NOTIC: [8] Undefined variable: spec_key D:\wamp\www\tp\Application\Home\Logic\CartLogic.class.php 第 88 行.
NOTIC: [8] Undefined variable: spec_price D:\wamp\www\tp\Application\Home\Logic\CartLogic.class.php 第 95 行.
NOTIC: [8] Undefined variable: spec_key D:\wamp\www\tp\Application\Home\Logic\CartLogic.class.php 第 116 行.
NOTIC: [8] Undefined variable: spec_key D:\wamp\www\tp\Application\Home\Logic\CartLogic.class.php 第 117 行.
NOTIC: [8] Undefined variable: spec_key D:\wamp\www\tp\Application\Home\Logic\CartLogic.class.php 第 118 行.
NOTIC: [8] Use of undefined constant id - assumed 'id' D:\wamp\www\tp\Application\Home\Logic\CartLogic.class.php 第 130 行.

[ 2017-07-13T09:15:49+08:00 ] 127.0.0.1 /index.php?m=Home&c=Cart&a=ajaxAddCart
INFO: [ app_init ] --START--
INFO: Run Behavior\BuildLiteBehavior [ RunTime:0.000122s ]
INFO: [ app_init ] --END-- [ RunTime:0.001067s ]
INFO: [ app_begin ] --START--
INFO: Run Behavior\ReadHtmlCacheBehavior [ RunTime:0.000607s ]
INFO: [ app_begin ] --END-- [ RunTime:0.001149s ]
NOTIC: [8] Undefined variable: arr D:\wamp\www\tp\Application\Common\Common\common.php 第 1116 行.
NOTIC: [2] Invalid argument supplied for foreach() D:\wamp\www\tp\Application\Common\Common\common.php 第 1116 行.

[ 2017-07-13T09:15:52+08:00 ] 127.0.0.1 /index.php?m=Home&c=Cart&a=ajaxAddCart
INFO: [ app_init ] --START--
INFO: Run Behavior\BuildLiteBehavior [ RunTime:0.000124s ]
INFO: [ app_init ] --END-- [ RunTime:0.001100s ]
INFO: [ app_begin ] --START--
INFO: Run Behavior\ReadHtmlCacheBehavior [ RunTime:0.000634s ]
INFO: [ app_begin ] --END-- [ RunTime:0.001153s ]
NOTIC: [8] Undefined variable: arr D:\wamp\www\tp\Application\Common\Common\common.php 第 1116 行.
NOTIC: [2] Invalid argument supplied for foreach() D:\wamp\www\tp\Application\Common\Common\common.php 第 1116 行.
NOTIC: [2] Invalid argument supplied for foreach() D:\wamp\www\tp\Application\Home\Logic\CartLogic.class.php 第 77 行.
NOTIC: [8] Undefined variable: spec_key D:\wamp\www\tp\Application\Home\Logic\CartLogic.class.php 第 88 行.
NOTIC: [8] Undefined variable: spec_price D:\wamp\www\tp\Application\Home\Logic\CartLogic.class.php 第 95 行.
NOTIC: [8] Undefined variable: spec_key D:\wamp\www\tp\Application\Home\Logic\CartLogic.class.php 第 116 行.
NOTIC: [8] Undefined variable: spec_key D:\wamp\www\tp\Application\Home\Logic\CartLogic.class.php 第 117 行.
NOTIC: [8] Undefined variable: spec_key D:\wamp\www\tp\Application\Home\Logic\CartLogic.class.php 第 118 行.
NOTIC: [8] Use of undefined constant id - assumed 'id' D:\wamp\www\tp\Application\Home\Logic\CartLogic.class.php 第 130 行.

[ 2017-07-13T09:16:26+08:00 ] 127.0.0.1 /index.php?m=Home&c=Cart&a=ajaxAddCart
INFO: [ app_init ] --START--
INFO: Run Behavior\BuildLiteBehavior [ RunTime:0.000125s ]
INFO: [ app_init ] --END-- [ RunTime:0.001110s ]
INFO: [ app_begin ] --START--
INFO: Run Behavior\ReadHtmlCacheBehavior [ RunTime:0.000608s ]
INFO: [ app_begin ] --END-- [ RunTime:0.001124s ]
NOTIC: [8] Undefined variable: arr D:\wamp\www\tp\Application\Common\Common\common.php 第 1116 行.
NOTIC: [2] Invalid argument supplied for foreach() D:\wamp\www\tp\Application\Common\Common\common.php 第 1116 行.

[ 2017-07-13T09:16:31+08:00 ] 127.0.0.1 /index.php?m=Home&c=Cart&a=ajaxAddCart
INFO: [ app_init ] --START--
INFO: Run Behavior\BuildLiteBehavior [ RunTime:0.000122s ]
INFO: [ app_init ] --END-- [ RunTime:0.001061s ]
INFO: [ app_begin ] --START--
INFO: Run Behavior\ReadHtmlCacheBehavior [ RunTime:0.000603s ]
INFO: [ app_begin ] --END-- [ RunTime:0.001112s ]
NOTIC: [8] Undefined variable: arr D:\wamp\www\tp\Application\Common\Common\common.php 第 1116 行.
NOTIC: [2] Invalid argument supplied for foreach() D:\wamp\www\tp\Application\Common\Common\common.php 第 1116 行.
NOTIC: [2] Invalid argument supplied for foreach() D:\wamp\www\tp\Application\Home\Logic\CartLogic.class.php 第 77 行.
NOTIC: [8] Undefined variable: spec_key D:\wamp\www\tp\Application\Home\Logic\CartLogic.class.php 第 88 行.
NOTIC: [8] Undefined variable: spec_price D:\wamp\www\tp\Application\Home\Logic\CartLogic.class.php 第 95 行.
NOTIC: [8] Undefined variable: spec_key D:\wamp\www\tp\Application\Home\Logic\CartLogic.class.php 第 116 行.
NOTIC: [8] Undefined variable: spec_key D:\wamp\www\tp\Application\Home\Logic\CartLogic.class.php 第 117 行.
NOTIC: [8] Undefined variable: spec_key D:\wamp\www\tp\Application\Home\Logic\CartLogic.class.php 第 118 行.
NOTIC: [8] Use of undefined constant id - assumed 'id' D:\wamp\www\tp\Application\Home\Logic\CartLogic.class.php 第 130 行.

[ 2017-07-13T09:16:34+08:00 ] 127.0.0.1 /index.php?m=Home&c=Cart&a=ajaxAddCart
INFO: [ app_init ] --START--
INFO: Run Behavior\BuildLiteBehavior [ RunTime:0.000126s ]
INFO: [ app_init ] --END-- [ RunTime:0.001116s ]
INFO: [ app_begin ] --START--
INFO: Run Behavior\ReadHtmlCacheBehavior [ RunTime:0.000629s ]
INFO: [ app_begin ] --END-- [ RunTime:0.001157s ]
NOTIC: [8] Undefined variable: arr D:\wamp\www\tp\Application\Common\Common\common.php 第 1116 行.
NOTIC: [2] Invalid argument supplied for foreach() D:\wamp\www\tp\Application\Common\Common\common.php 第 1116 行.
NOTIC: [2] Invalid argument supplied for foreach() D:\wamp\www\tp\Application\Home\Logic\CartLogic.class.php 第 77 行.
NOTIC: [8] Undefined variable: spec_key D:\wamp\www\tp\Application\Home\Logic\CartLogic.class.php 第 88 行.
NOTIC: [8] Undefined variable: spec_price D:\wamp\www\tp\Application\Home\Logic\CartLogic.class.php 第 95 行.
NOTIC: [8] Undefined variable: spec_key D:\wamp\www\tp\Application\Home\Logic\CartLogic.class.php 第 116 行.
NOTIC: [8] Undefined variable: spec_key D:\wamp\www\tp\Application\Home\Logic\CartLogic.class.php 第 117 行.
NOTIC: [8] Undefined variable: spec_key D:\wamp\www\tp\Application\Home\Logic\CartLogic.class.php 第 118 行.
NOTIC: [8] Use of undefined constant id - assumed 'id' D:\wamp\www\tp\Application\Home\Logic\CartLogic.class.php 第 130 行.

[ 2017-07-13T09:20:33+08:00 ] 127.0.0.1 /index.php?m=Home&c=Cart&a=ajaxAddCart
INFO: [ app_init ] --START--
INFO: Run Behavior\BuildLiteBehavior [ RunTime:0.000129s ]
INFO: [ app_init ] --END-- [ RunTime:0.001194s ]
INFO: [ app_begin ] --START--
INFO: Run Behavior\ReadHtmlCacheBehavior [ RunTime:0.000616s ]
INFO: [ app_begin ] --END-- [ RunTime:0.001134s ]
NOTIC: [8] Undefined variable: arr D:\wamp\www\tp\Application\Common\Common\common.php 第 1116 行.
NOTIC: [2] Invalid argument supplied for foreach() D:\wamp\www\tp\Application\Common\Common\common.php 第 1116 行.

[ 2017-07-13T09:23:07+08:00 ] 127.0.0.1 /index.php?m=Home&c=Cart&a=ajaxAddCart
INFO: [ app_init ] --START--
INFO: Run Behavior\BuildLiteBehavior [ RunTime:0.000123s ]
INFO: [ app_init ] --END-- [ RunTime:0.001123s ]
INFO: [ app_begin ] --START--
INFO: Run Behavior\ReadHtmlCacheBehavior [ RunTime:0.000720s ]
INFO: [ app_begin ] --END-- [ RunTime:0.001236s ]
NOTIC: [8] Undefined variable: arr D:\wamp\www\tp\Application\Common\Common\common.php 第 1116 行.
NOTIC: [2] Invalid argument supplied for foreach() D:\wamp\www\tp\Application\Common\Common\common.php 第 1116 行.
NOTIC: [2] Invalid argument supplied for foreach() D:\wamp\www\tp\Application\Home\Logic\CartLogic.class.php 第 77 行.
NOTIC: [8] Undefined variable: spec_key D:\wamp\www\tp\Application\Home\Logic\CartLogic.class.php 第 88 行.
NOTIC: [8] Undefined variable: spec_price D:\wamp\www\tp\Application\Home\Logic\CartLogic.class.php 第 95 行.
NOTIC: [8] Undefined variable: spec_key D:\wamp\www\tp\Application\Home\Logic\CartLogic.class.php 第 116 行.
NOTIC: [8] Undefined variable: spec_key D:\wamp\www\tp\Application\Home\Logic\CartLogic.class.php 第 117 行.
NOTIC: [8] Undefined variable: spec_key D:\wamp\www\tp\Application\Home\Logic\CartLogic.class.php 第 118 行.
NOTIC: [8] Use of undefined constant id - assumed 'id' D:\wamp\www\tp\Application\Home\Logic\CartLogic.class.php 第 130 行.

[ 2017-07-13T09:24:31+08:00 ] 127.0.0.1 /index.php?m=Home&c=Cart&a=ajaxAddCart
INFO: [ app_init ] --START--
INFO: Run Behavior\BuildLiteBehavior [ RunTime:0.000127s ]
INFO: [ app_init ] --END-- [ RunTime:0.001106s ]
INFO: [ app_begin ] --START--
INFO: Run Behavior\ReadHtmlCacheBehavior [ RunTime:0.000604s ]
INFO: [ app_begin ] --END-- [ RunTime:0.001113s ]
NOTIC: [8] Undefined variable: arr D:\wamp\www\tp\Application\Common\Common\common.php 第 1116 行.
NOTIC: [2] Invalid argument supplied for foreach() D:\wamp\www\tp\Application\Common\Common\common.php 第 1116 行.
NOTIC: [2] Invalid argument supplied for foreach() D:\wamp\www\tp\Application\Home\Logic\CartLogic.class.php 第 77 行.
NOTIC: [8] Undefined variable: spec_key D:\wamp\www\tp\Application\Home\Logic\CartLogic.class.php 第 88 行.
NOTIC: [8] Undefined variable: spec_price D:\wamp\www\tp\Application\Home\Logic\CartLogic.class.php 第 95 行.
NOTIC: [8] Undefined variable: spec_key D:\wamp\www\tp\Application\Home\Logic\CartLogic.class.php 第 116 行.
NOTIC: [8] Undefined variable: spec_key D:\wamp\www\tp\Application\Home\Logic\CartLogic.class.php 第 117 行.
NOTIC: [8] Undefined variable: spec_key D:\wamp\www\tp\Application\Home\Logic\CartLogic.class.php 第 118 行.
NOTIC: [8] Use of undefined constant id - assumed 'id' D:\wamp\www\tp\Application\Home\Logic\CartLogic.class.php 第 130 行.

[ 2017-07-13T09:24:52+08:00 ] 127.0.0.1 /index.php?m=Home&c=Cart&a=ajaxAddCart
INFO: [ app_init ] --START--
INFO: Run Behavior\BuildLiteBehavior [ RunTime:0.000121s ]
INFO: [ app_init ] --END-- [ RunTime:0.001069s ]
INFO: [ app_begin ] --START--
INFO: Run Behavior\ReadHtmlCacheBehavior [ RunTime:0.000630s ]
INFO: [ app_begin ] --END-- [ RunTime:0.001148s ]
NOTIC: [8] Undefined variable: arr D:\wamp\www\tp\Application\Common\Common\common.php 第 1116 行.
NOTIC: [2] Invalid argument supplied for foreach() D:\wamp\www\tp\Application\Common\Common\common.php 第 1116 行.

[ 2017-07-13T09:25:23+08:00 ] 127.0.0.1 /index.php?m=Home&c=Cart&a=ajaxAddCart
INFO: [ app_init ] --START--
INFO: Run Behavior\BuildLiteBehavior [ RunTime:0.000123s ]
INFO: [ app_init ] --END-- [ RunTime:0.001069s ]
INFO: [ app_begin ] --START--
INFO: Run Behavior\ReadHtmlCacheBehavior [ RunTime:0.000615s ]
INFO: [ app_begin ] --END-- [ RunTime:0.001160s ]
NOTIC: [8] Undefined variable: arr D:\wamp\www\tp\Application\Common\Common\common.php 第 1116 行.
NOTIC: [2] Invalid argument supplied for foreach() D:\wamp\www\tp\Application\Common\Common\common.php 第 1116 行.

[ 2017-07-13T09:28:23+08:00 ] 127.0.0.1 /index.php?m=Home&c=Cart&a=ajaxAddCart
INFO: [ app_init ] --START--
INFO: Run Behavior\BuildLiteBehavior [ RunTime:0.000124s ]
INFO: [ app_init ] --END-- [ RunTime:0.001177s ]
INFO: [ app_begin ] --START--
INFO: Run Behavior\ReadHtmlCacheBehavior [ RunTime:0.000715s ]
INFO: [ app_begin ] --END-- [ RunTime:0.001241s ]
NOTIC: [8] Undefined variable: arr D:\wamp\www\tp\Application\Common\Common\common.php 第 1116 行.
NOTIC: [2] Invalid argument supplied for foreach() D:\wamp\www\tp\Application\Common\Common\common.php 第 1116 行.

[ 2017-07-13T09:31:41+08:00 ] 127.0.0.1 /index.php?m=Home&c=Cart&a=ajaxAddCart
INFO: [ app_init ] --START--
INFO: Run Behavior\BuildLiteBehavior [ RunTime:0.000123s ]
INFO: [ app_init ] --END-- [ RunTime:0.001070s ]
INFO: [ app_begin ] --START--
INFO: Run Behavior\ReadHtmlCacheBehavior [ RunTime:0.000632s ]
INFO: [ app_begin ] --END-- [ RunTime:0.001149s ]
NOTIC: [8] Undefined variable: arr D:\wamp\www\tp\Application\Common\Common\common.php 第 1116 行.
NOTIC: [2] Invalid argument supplied for foreach() D:\wamp\www\tp\Application\Common\Common\common.php 第 1116 行.
NOTIC: [2] Invalid argument supplied for foreach() D:\wamp\www\tp\Application\Home\Logic\CartLogic.class.php 第 77 行.
NOTIC: [8] Undefined variable: spec_key D:\wamp\www\tp\Application\Home\Logic\CartLogic.class.php 第 88 行.
NOTIC: [8] Undefined variable: spec_price D:\wamp\www\tp\Application\Home\Logic\CartLogic.class.php 第 95 行.
NOTIC: [8] Undefined variable: spec_key D:\wamp\www\tp\Application\Home\Logic\CartLogic.class.php 第 116 行.
NOTIC: [8] Undefined variable: spec_key D:\wamp\www\tp\Application\Home\Logic\CartLogic.class.php 第 117 行.
NOTIC: [8] Undefined variable: spec_key D:\wamp\www\tp\Application\Home\Logic\CartLogic.class.php 第 118 行.
NOTIC: [8] Use of undefined constant id - assumed 'id' D:\wamp\www\tp\Application\Home\Logic\CartLogic.class.php 第 130 行.

[ 2017-07-13T09:31:58+08:00 ] 127.0.0.1 /index.php?m=Home&c=Cart&a=ajaxAddCart
INFO: [ app_init ] --START--
INFO: Run Behavior\BuildLiteBehavior [ RunTime:0.000107s ]
INFO: [ app_init ] --END-- [ RunTime:0.000969s ]
INFO: [ app_begin ] --START--
INFO: Run Behavior\ReadHtmlCacheBehavior [ RunTime:0.000610s ]
INFO: [ app_begin ] --END-- [ RunTime:0.001097s ]
NOTIC: [8] Undefined variable: arr D:\wamp\www\tp\Application\Common\Common\common.php 第 1116 行.
NOTIC: [2] Invalid argument supplied for foreach() D:\wamp\www\tp\Application\Common\Common\common.php 第 1116 行.

[ 2017-07-13T09:32:09+08:00 ] 127.0.0.1 /index.php?m=Home&c=Cart&a=ajaxAddCart
INFO: [ app_init ] --START--
INFO: Run Behavior\BuildLiteBehavior [ RunTime:0.000112s ]
INFO: [ app_init ] --END-- [ RunTime:0.001016s ]
INFO: [ app_begin ] --START--
INFO: Run Behavior\ReadHtmlCacheBehavior [ RunTime:0.000601s ]
INFO: [ app_begin ] --END-- [ RunTime:0.001071s ]
NOTIC: [8] Undefined variable: arr D:\wamp\www\tp\Application\Common\Common\common.php 第 1116 行.
NOTIC: [2] Invalid argument supplied for foreach() D:\wamp\www\tp\Application\Common\Common\common.php 第 1116 行.

[ 2017-07-13T09:32:26+08:00 ] 127.0.0.1 /index.php?m=Home&c=Cart&a=ajaxAddCart
INFO: [ app_init ] --START--
INFO: Run Behavior\BuildLiteBehavior [ RunTime:0.000110s ]
INFO: [ app_init ] --END-- [ RunTime:0.001052s ]
INFO: [ app_begin ] --START--
INFO: Run Behavior\ReadHtmlCacheBehavior [ RunTime:0.000722s ]
INFO: [ app_begin ] --END-- [ RunTime:0.001208s ]
NOTIC: [8] Undefined variable: arr D:\wamp\www\tp\Application\Common\Common\common.php 第 1116 行.
NOTIC: [2] Invalid argument supplied for foreach() D:\wamp\www\tp\Application\Common\Common\common.php 第 1116 行.

[ 2017-07-13T09:32:51+08:00 ] 127.0.0.1 /index.php?m=Home&c=Cart&a=ajaxAddCart
INFO: [ app_init ] --START--
INFO: Run Behavior\BuildLiteBehavior [ RunTime:0.000124s ]
INFO: [ app_init ] --END-- [ RunTime:0.001108s ]
INFO: [ app_begin ] --START--
INFO: Run Behavior\ReadHtmlCacheBehavior [ RunTime:0.000693s ]
INFO: [ app_begin ] --END-- [ RunTime:0.001224s ]
NOTIC: [8] Undefined variable: arr D:\wamp\www\tp\Application\Common\Common\common.php 第 1116 行.
NOTIC: [2] Invalid argument supplied for foreach() D:\wamp\www\tp\Application\Common\Common\common.php 第 1116 行.

[ 2017-07-13T09:33:58+08:00 ] 127.0.0.1 /index.php?m=Home&c=Cart&a=ajaxAddCart
INFO: [ app_init ] --START--
INFO: Run Behavior\BuildLiteBehavior [ RunTime:0.000123s ]
INFO: [ app_init ] --END-- [ RunTime:0.001070s ]
INFO: [ app_begin ] --START--
INFO: Run Behavior\ReadHtmlCacheBehavior [ RunTime:0.000612s ]
INFO: [ app_begin ] --END-- [ RunTime:0.001129s ]
NOTIC: [8] Undefined variable: arr D:\wamp\www\tp\Application\Common\Common\common.php 第 1116 行.
NOTIC: [2] Invalid argument supplied for foreach() D:\wamp\www\tp\Application\Common\Common\common.php 第 1116 行.

