[ 2017-07-17T08:51:54+08:00 ] 127.0.0.1 /index.php?m=Home&c=Cart&a=header_cart_list
INFO: [ app_init ] --START--
INFO: Run Behavior\BuildLiteBehavior [ RunTime:0.000198s ]
INFO: [ app_init ] --END-- [ RunTime:0.002113s ]
INFO: [ app_begin ] --START--
INFO: Run Behavior\ReadHtmlCacheBehavior [ RunTime:0.001006s ]
INFO: [ app_begin ] --END-- [ RunTime:0.001525s ]
NOTIC: [8] Undefined variable: arr D:\wamp\www\tp\Application\Common\Common\common.php 第 1116 行.
NOTIC: [2] Invalid argument supplied for foreach() D:\wamp\www\tp\Application\Common\Common\common.php 第 1116 行.
NOTIC: [8] Use of undefined constant user_id - assumed 'user_id' D:\wamp\www\tp\Application\Home\Logic\CartLogic.class.php 第 160 行.
NOTIC: [8] Undefined index: user_id D:\wamp\www\tp\Application\Home\Logic\CartLogic.class.php 第 160 行.
NOTIC: [8] Use of undefined constant user_id - assumed 'user_id' D:\wamp\www\tp\Application\Home\Logic\CartLogic.class.php 第 168 行.
INFO: [ view_begin ] --START--
INFO: Run Home\Behaviors\testBehavior [ RunTime:0.001438s ]
INFO: [ view_begin ] --END-- [ RunTime:0.001958s ]
INFO: [ view_parse ] --START--
INFO: [ template_filter ] --START--
INFO: Run Behavior\ContentReplaceBehavior [ RunTime:0.000351s ]
INFO: [ template_filter ] --END-- [ RunTime:0.000879s ]
NOTIC: [8] Use of undefined constant num - assumed 'num' D:\wamp\www\tp\Application\Runtime\Cache\Home\ecd6c5bea5115879e25bfec4026f713b.php 第 35 行.
NOTIC: [8] Use of undefined constant total_fee - assumed 'total_fee' D:\wamp\www\tp\Application\Runtime\Cache\Home\ecd6c5bea5115879e25bfec4026f713b.php 第 35 行.
NOTIC: [8] Use of undefined constant anum - assumed 'anum' D:\wamp\www\tp\Application\Runtime\Cache\Home\ecd6c5bea5115879e25bfec4026f713b.php 第 39 行.
NOTIC: [8] Undefined index: anum D:\wamp\www\tp\Application\Runtime\Cache\Home\ecd6c5bea5115879e25bfec4026f713b.php 第 39 行.
INFO: Run Behavior\ParseTemplateBehavior [ RunTime:0.040735s ]
INFO: [ view_parse ] --END-- [ RunTime:0.041265s ]
INFO: [ view_filter ] --START--
INFO: Run Behavior\WriteHtmlCacheBehavior [ RunTime:0.000827s ]
INFO: Run Behavior\TokenBuildBehavior [ RunTime:0.001156s ]
INFO: [ view_filter ] --END-- [ RunTime:0.002764s ]
INFO: [ app_end ] --START--
INFO: Run Behavior\ShowPageTraceBehavior [ RunTime:0.000832s ]
INFO: [ app_end ] --END-- [ RunTime:0.001343s ]

