[ 2017-07-14T11:38:05+08:00 ] 127.0.0.1 /index.php?m=Home&c=Cart&a=header_cart_list
INFO: [ app_init ] --START--
INFO: Run Behavior\BuildLiteBehavior [ RunTime:0.000125s ]
INFO: [ app_init ] --END-- [ RunTime:0.001117s ]
INFO: [ app_begin ] --START--
INFO: Run Behavior\ReadHtmlCacheBehavior [ RunTime:0.000978s ]
INFO: [ app_begin ] --END-- [ RunTime:0.001507s ]
NOTIC: [8] Undefined variable: arr D:\wamp\www\tp\Application\Common\Common\common.php 第 1116 行.
NOTIC: [2] Invalid argument supplied for foreach() D:\wamp\www\tp\Application\Common\Common\common.php 第 1116 行.
NOTIC: [8] Use of undefined constant user_id - assumed 'user_id' D:\wamp\www\tp\Application\Home\Logic\CartLogic.class.php 第 160 行.
NOTIC: [8] Undefined index: user_id D:\wamp\www\tp\Application\Home\Logic\CartLogic.class.php 第 160 行.
NOTIC: [8] Use of undefined constant user_id - assumed 'user_id' D:\wamp\www\tp\Application\Home\Logic\CartLogic.class.php 第 168 行.
INFO: [ view_begin ] --START--
INFO: Run Home\Behaviors\testBehavior [ RunTime:0.001267s ]
INFO: [ view_begin ] --END-- [ RunTime:0.001794s ]
INFO: [ view_parse ] --START--
INFO: [ template_filter ] --START--
INFO: Run Behavior\ContentReplaceBehavior [ RunTime:0.000356s ]
INFO: [ template_filter ] --END-- [ RunTime:0.000880s ]
NOTIC: [8] Use of undefined constant num - assumed 'num' D:\wamp\www\tp\Application\Runtime\Cache\Home\ecd6c5bea5115879e25bfec4026f713b.php 第 35 行.
NOTIC: [8] Use of undefined constant total_fee - assumed 'total_fee' D:\wamp\www\tp\Application\Runtime\Cache\Home\ecd6c5bea5115879e25bfec4026f713b.php 第 35 行.
NOTIC: [8] Use of undefined constant anum - assumed 'anum' D:\wamp\www\tp\Application\Runtime\Cache\Home\ecd6c5bea5115879e25bfec4026f713b.php 第 39 行.
NOTIC: [8] Undefined index: anum D:\wamp\www\tp\Application\Runtime\Cache\Home\ecd6c5bea5115879e25bfec4026f713b.php 第 39 行.
INFO: Run Behavior\ParseTemplateBehavior [ RunTime:0.038168s ]
INFO: [ view_parse ] --END-- [ RunTime:0.038686s ]
INFO: [ view_filter ] --START--
INFO: Run Behavior\WriteHtmlCacheBehavior [ RunTime:0.000707s ]
INFO: Run Behavior\TokenBuildBehavior [ RunTime:0.001094s ]
INFO: [ view_filter ] --END-- [ RunTime:0.002581s ]
INFO: [ app_end ] --START--
INFO: Run Behavior\ShowPageTraceBehavior [ RunTime:0.000720s ]
INFO: [ app_end ] --END-- [ RunTime:0.001227s ]

[ 2017-07-14T11:38:10+08:00 ] 127.0.0.1 /index.php?m=Home&c=Cart&a=ajaxAddCart
INFO: [ app_init ] --START--
INFO: Run Behavior\BuildLiteBehavior [ RunTime:0.000222s ]
INFO: [ app_init ] --END-- [ RunTime:0.002048s ]
INFO: [ app_begin ] --START--
INFO: Run Behavior\ReadHtmlCacheBehavior [ RunTime:0.000846s ]
INFO: [ app_begin ] --END-- [ RunTime:0.001415s ]
NOTIC: [8] Undefined variable: arr D:\wamp\www\tp\Application\Common\Common\common.php 第 1116 行.
NOTIC: [2] Invalid argument supplied for foreach() D:\wamp\www\tp\Application\Common\Common\common.php 第 1116 行.
NOTIC: [2] Invalid argument supplied for foreach() D:\wamp\www\tp\Application\Home\Logic\CartLogic.class.php 第 77 行.
NOTIC: [8] Undefined variable: spec_key D:\wamp\www\tp\Application\Home\Logic\CartLogic.class.php 第 88 行.
NOTIC: [8] Undefined variable: spec_price D:\wamp\www\tp\Application\Home\Logic\CartLogic.class.php 第 95 行.
NOTIC: [8] Undefined variable: spec_key D:\wamp\www\tp\Application\Home\Logic\CartLogic.class.php 第 116 行.
NOTIC: [8] Undefined variable: spec_key D:\wamp\www\tp\Application\Home\Logic\CartLogic.class.php 第 117 行.
NOTIC: [8] Undefined variable: spec_key D:\wamp\www\tp\Application\Home\Logic\CartLogic.class.php 第 118 行.

[ 2017-07-14T11:39:20+08:00 ] 127.0.0.1 /index.php?m=Home&c=Cart&a=ajaxAddCart
INFO: [ app_init ] --START--
INFO: Run Behavior\BuildLiteBehavior [ RunTime:0.000126s ]
INFO: [ app_init ] --END-- [ RunTime:0.001108s ]
INFO: [ app_begin ] --START--
INFO: Run Behavior\ReadHtmlCacheBehavior [ RunTime:0.000687s ]
INFO: [ app_begin ] --END-- [ RunTime:0.001212s ]
NOTIC: [8] Undefined variable: arr D:\wamp\www\tp\Application\Common\Common\common.php 第 1116 行.
NOTIC: [2] Invalid argument supplied for foreach() D:\wamp\www\tp\Application\Common\Common\common.php 第 1116 行.
NOTIC: [2] Invalid argument supplied for foreach() D:\wamp\www\tp\Application\Home\Logic\CartLogic.class.php 第 77 行.
NOTIC: [8] Undefined variable: spec_key D:\wamp\www\tp\Application\Home\Logic\CartLogic.class.php 第 88 行.
NOTIC: [8] Undefined variable: spec_price D:\wamp\www\tp\Application\Home\Logic\CartLogic.class.php 第 95 行.
NOTIC: [8] Undefined variable: spec_key D:\wamp\www\tp\Application\Home\Logic\CartLogic.class.php 第 116 行.
NOTIC: [8] Undefined variable: spec_key D:\wamp\www\tp\Application\Home\Logic\CartLogic.class.php 第 117 行.
NOTIC: [8] Undefined variable: spec_key D:\wamp\www\tp\Application\Home\Logic\CartLogic.class.php 第 118 行.
NOTIC: [8] Use of undefined constant id - assumed 'id' D:\wamp\www\tp\Application\Home\Logic\CartLogic.class.php 第 130 行.

[ 2017-07-14T11:39:52+08:00 ] 127.0.0.1 /index.php?m=Home&c=Cart&a=ajaxAddCart
INFO: [ app_init ] --START--
INFO: Run Behavior\BuildLiteBehavior [ RunTime:0.000125s ]
INFO: [ app_init ] --END-- [ RunTime:0.001108s ]
INFO: [ app_begin ] --START--
INFO: Run Behavior\ReadHtmlCacheBehavior [ RunTime:0.000685s ]
INFO: [ app_begin ] --END-- [ RunTime:0.001206s ]
NOTIC: [8] Undefined variable: arr D:\wamp\www\tp\Application\Common\Common\common.php 第 1116 行.
NOTIC: [2] Invalid argument supplied for foreach() D:\wamp\www\tp\Application\Common\Common\common.php 第 1116 行.
NOTIC: [2] Invalid argument supplied for foreach() D:\wamp\www\tp\Application\Home\Logic\CartLogic.class.php 第 77 行.
NOTIC: [8] Undefined variable: spec_key D:\wamp\www\tp\Application\Home\Logic\CartLogic.class.php 第 88 行.
NOTIC: [8] Undefined variable: spec_price D:\wamp\www\tp\Application\Home\Logic\CartLogic.class.php 第 95 行.
NOTIC: [8] Undefined variable: spec_key D:\wamp\www\tp\Application\Home\Logic\CartLogic.class.php 第 116 行.
NOTIC: [8] Undefined variable: spec_key D:\wamp\www\tp\Application\Home\Logic\CartLogic.class.php 第 117 行.
NOTIC: [8] Undefined variable: spec_key D:\wamp\www\tp\Application\Home\Logic\CartLogic.class.php 第 118 行.
NOTIC: [8] Use of undefined constant id - assumed 'id' D:\wamp\www\tp\Application\Home\Logic\CartLogic.class.php 第 130 行.

[ 2017-07-14T11:40:01+08:00 ] 127.0.0.1 /index.php?m=Home&c=Cart&a=ajaxAddCart
INFO: [ app_init ] --START--
INFO: Run Behavior\BuildLiteBehavior [ RunTime:0.000129s ]
INFO: [ app_init ] --END-- [ RunTime:0.001205s ]
INFO: [ app_begin ] --START--
INFO: Run Behavior\ReadHtmlCacheBehavior [ RunTime:0.000780s ]
INFO: [ app_begin ] --END-- [ RunTime:0.001315s ]
NOTIC: [8] Undefined variable: arr D:\wamp\www\tp\Application\Common\Common\common.php 第 1116 行.
NOTIC: [2] Invalid argument supplied for foreach() D:\wamp\www\tp\Application\Common\Common\common.php 第 1116 行.
NOTIC: [2] Invalid argument supplied for foreach() D:\wamp\www\tp\Application\Home\Logic\CartLogic.class.php 第 77 行.
NOTIC: [8] Undefined variable: spec_key D:\wamp\www\tp\Application\Home\Logic\CartLogic.class.php 第 88 行.
NOTIC: [8] Undefined variable: spec_price D:\wamp\www\tp\Application\Home\Logic\CartLogic.class.php 第 95 行.
NOTIC: [8] Undefined variable: spec_key D:\wamp\www\tp\Application\Home\Logic\CartLogic.class.php 第 116 行.
NOTIC: [8] Undefined variable: spec_key D:\wamp\www\tp\Application\Home\Logic\CartLogic.class.php 第 117 行.
NOTIC: [8] Undefined variable: spec_key D:\wamp\www\tp\Application\Home\Logic\CartLogic.class.php 第 118 行.
NOTIC: [8] Use of undefined constant id - assumed 'id' D:\wamp\www\tp\Application\Home\Logic\CartLogic.class.php 第 130 行.

[ 2017-07-14T11:40:22+08:00 ] 127.0.0.1 /index.php?m=Home&c=Cart&a=ajaxAddCart
INFO: [ app_init ] --START--
INFO: Run Behavior\BuildLiteBehavior [ RunTime:0.000150s ]
INFO: [ app_init ] --END-- [ RunTime:0.001318s ]
INFO: [ app_begin ] --START--
INFO: Run Behavior\ReadHtmlCacheBehavior [ RunTime:0.000637s ]
INFO: [ app_begin ] --END-- [ RunTime:0.001178s ]
NOTIC: [8] Undefined variable: arr D:\wamp\www\tp\Application\Common\Common\common.php 第 1116 行.
NOTIC: [2] Invalid argument supplied for foreach() D:\wamp\www\tp\Application\Common\Common\common.php 第 1116 行.
NOTIC: [2] Invalid argument supplied for foreach() D:\wamp\www\tp\Application\Home\Logic\CartLogic.class.php 第 77 行.
NOTIC: [8] Undefined variable: spec_key D:\wamp\www\tp\Application\Home\Logic\CartLogic.class.php 第 88 行.
NOTIC: [8] Undefined variable: spec_price D:\wamp\www\tp\Application\Home\Logic\CartLogic.class.php 第 95 行.
NOTIC: [8] Undefined variable: spec_key D:\wamp\www\tp\Application\Home\Logic\CartLogic.class.php 第 116 行.
NOTIC: [8] Undefined variable: spec_key D:\wamp\www\tp\Application\Home\Logic\CartLogic.class.php 第 117 行.
NOTIC: [8] Undefined variable: spec_key D:\wamp\www\tp\Application\Home\Logic\CartLogic.class.php 第 118 行.
NOTIC: [8] Use of undefined constant id - assumed 'id' D:\wamp\www\tp\Application\Home\Logic\CartLogic.class.php 第 130 行.

[ 2017-07-14T11:40:23+08:00 ] 127.0.0.1 /index.php?m=Home&c=Cart&a=ajaxAddCart
INFO: [ app_init ] --START--
INFO: Run Behavior\BuildLiteBehavior [ RunTime:0.000125s ]
INFO: [ app_init ] --END-- [ RunTime:0.001091s ]
INFO: [ app_begin ] --START--
INFO: Run Behavior\ReadHtmlCacheBehavior [ RunTime:0.000951s ]
INFO: [ app_begin ] --END-- [ RunTime:0.001546s ]
NOTIC: [8] Undefined variable: arr D:\wamp\www\tp\Application\Common\Common\common.php 第 1116 行.
NOTIC: [2] Invalid argument supplied for foreach() D:\wamp\www\tp\Application\Common\Common\common.php 第 1116 行.
NOTIC: [2] Invalid argument supplied for foreach() D:\wamp\www\tp\Application\Home\Logic\CartLogic.class.php 第 77 行.
NOTIC: [8] Undefined variable: spec_key D:\wamp\www\tp\Application\Home\Logic\CartLogic.class.php 第 88 行.
NOTIC: [8] Undefined variable: spec_price D:\wamp\www\tp\Application\Home\Logic\CartLogic.class.php 第 95 行.
NOTIC: [8] Undefined variable: spec_key D:\wamp\www\tp\Application\Home\Logic\CartLogic.class.php 第 116 行.
NOTIC: [8] Undefined variable: spec_key D:\wamp\www\tp\Application\Home\Logic\CartLogic.class.php 第 117 行.
NOTIC: [8] Undefined variable: spec_key D:\wamp\www\tp\Application\Home\Logic\CartLogic.class.php 第 118 行.
NOTIC: [8] Use of undefined constant id - assumed 'id' D:\wamp\www\tp\Application\Home\Logic\CartLogic.class.php 第 130 行.

