[ 2017-07-13T08:42:46+08:00 ] 127.0.0.1 /Public/upload/goods/2017/07-03/5959f3a40a203.jpg
INFO: [ app_init ] --START--
INFO: Run Behavior\BuildLiteBehavior [ RunTime:0.000123s ]
INFO: [ app_init ] --END-- [ RunTime:0.001083s ]
ERR: 无法加载模块:Public

[ 2017-07-13T08:42:46+08:00 ] 127.0.0.1 /Public/upload/goods/2017/07-03/5959f3a3c50bc.jpg
INFO: [ app_init ] --START--
INFO: Run Behavior\BuildLiteBehavior [ RunTime:0.000124s ]
INFO: [ app_init ] --END-- [ RunTime:0.001098s ]
ERR: 无法加载模块:Public

[ 2017-07-13T08:42:46+08:00 ] 127.0.0.1 /Public/upload/goods/2017/07-03/5959f3975a3c0.jpg
INFO: [ app_init ] --START--
INFO: Run Behavior\BuildLiteBehavior [ RunTime:0.000133s ]
INFO: [ app_init ] --END-- [ RunTime:0.001188s ]
ERR: 无法加载模块:Public

[ 2017-07-13T08:42:49+08:00 ] 127.0.0.1 /Public/upload/goods/2017/07-03/5959f3a40a203.jpg
INFO: [ app_init ] --START--
INFO: Run Behavior\BuildLiteBehavior [ RunTime:0.000124s ]
INFO: [ app_init ] --END-- [ RunTime:0.001081s ]
ERR: 无法加载模块:Public

[ 2017-07-13T08:42:50+08:00 ] 127.0.0.1 /Public/upload/goods/2017/07-03/5959f3975a3c0.jpg
INFO: [ app_init ] --START--
INFO: Run Behavior\BuildLiteBehavior [ RunTime:0.000180s ]
INFO: [ app_init ] --END-- [ RunTime:0.001614s ]
ERR: 无法加载模块:Public

[ 2017-07-13T08:42:50+08:00 ] 127.0.0.1 /Public/upload/goods/2017/07-03/5959f3a3c50bc.jpg
INFO: [ app_init ] --START--
INFO: Run Behavior\BuildLiteBehavior [ RunTime:0.000126s ]
INFO: [ app_init ] --END-- [ RunTime:0.001078s ]
ERR: 无法加载模块:Public

[ 2017-07-13T08:47:25+08:00 ] 127.0.0.1 /favicon.ico
INFO: [ app_init ] --START--
INFO: Run Behavior\BuildLiteBehavior [ RunTime:0.000142s ]
INFO: [ app_init ] --END-- [ RunTime:0.001272s ]
ERR: 无法加载模块:Favicon

[ 2017-07-13T08:47:26+08:00 ] 127.0.0.1 /favicon.ico
INFO: [ app_init ] --START--
INFO: Run Behavior\BuildLiteBehavior [ RunTime:0.000175s ]
INFO: [ app_init ] --END-- [ RunTime:0.001750s ]
ERR: 无法加载模块:Favicon

[ 2017-07-13T08:48:20+08:00 ] 127.0.0.1 /images/flow/shop-cart.png
INFO: [ app_init ] --START--
INFO: Run Behavior\BuildLiteBehavior [ RunTime:0.000129s ]
INFO: [ app_init ] --END-- [ RunTime:0.001322s ]
ERR: 无法加载模块:Images

[ 2017-07-13T08:48:21+08:00 ] 127.0.0.1 /images/flow/shop-cart.png
INFO: [ app_init ] --START--
INFO: Run Behavior\BuildLiteBehavior [ RunTime:0.000123s ]
INFO: [ app_init ] --END-- [ RunTime:0.001107s ]
ERR: 无法加载模块:Images

[ 2017-07-13T08:48:57+08:00 ] 127.0.0.1 /images/flow/shop-cart.png
INFO: [ app_init ] --START--
INFO: Run Behavior\BuildLiteBehavior [ RunTime:0.000126s ]
INFO: [ app_init ] --END-- [ RunTime:0.001296s ]
ERR: 无法加载模块:Images

[ 2017-07-13T08:48:59+08:00 ] 127.0.0.1 /images/flow/shop-cart.png
INFO: [ app_init ] --START--
INFO: Run Behavior\BuildLiteBehavior [ RunTime:0.000124s ]
INFO: [ app_init ] --END-- [ RunTime:0.001067s ]
ERR: 无法加载模块:Images

[ 2017-07-13T08:50:28+08:00 ] 127.0.0.1 /favicon.ico
INFO: [ app_init ] --START--
INFO: Run Behavior\BuildLiteBehavior [ RunTime:0.000144s ]
INFO: [ app_init ] --END-- [ RunTime:0.001284s ]
ERR: 无法加载模块:Favicon

[ 2017-07-13T08:52:56+08:00 ] 127.0.0.1 /Public/upload/goods/2017/07-03/5959f9359b159.jpg
INFO: [ app_init ] --START--
INFO: Run Behavior\BuildLiteBehavior [ RunTime:0.000127s ]
INFO: [ app_init ] --END-- [ RunTime:0.001157s ]
ERR: 无法加载模块:Public

[ 2017-07-13T08:52:56+08:00 ] 127.0.0.1 /Public/upload/goods/2017/07-03/5959f935c50bc.jpg
INFO: [ app_init ] --START--
INFO: Run Behavior\BuildLiteBehavior [ RunTime:0.000122s ]
INFO: [ app_init ] --END-- [ RunTime:0.001112s ]
ERR: 无法加载模块:Public

[ 2017-07-13T08:52:56+08:00 ] 127.0.0.1 /Public/upload/goods/2017/07-03/5959f8fd566b7.jpg
INFO: [ app_init ] --START--
INFO: Run Behavior\BuildLiteBehavior [ RunTime:0.000142s ]
INFO: [ app_init ] --END-- [ RunTime:0.001304s ]
ERR: 无法加载模块:Public

[ 2017-07-13T08:52:56+08:00 ] 127.0.0.1 /Public/upload/goods/2017/07-03/5959f935697e4.jpg
INFO: [ app_init ] --START--
INFO: Run Behavior\BuildLiteBehavior [ RunTime:0.000123s ]
INFO: [ app_init ] --END-- [ RunTime:0.001106s ]
ERR: 无法加载模块:Public

[ 2017-07-13T08:56:51+08:00 ] 127.0.0.1 /Public/upload/goods/2017/07-03/5959f3a40a203.jpg
INFO: [ app_init ] --START--
INFO: Run Behavior\BuildLiteBehavior [ RunTime:0.000127s ]
INFO: [ app_init ] --END-- [ RunTime:0.001274s ]
ERR: 无法加载模块:Public

[ 2017-07-13T08:56:51+08:00 ] 127.0.0.1 /Public/upload/goods/2017/07-03/5959f3a3c50bc.jpg
INFO: [ app_init ] --START--
INFO: Run Behavior\BuildLiteBehavior [ RunTime:0.000149s ]
INFO: [ app_init ] --END-- [ RunTime:0.001334s ]
ERR: 无法加载模块:Public

[ 2017-07-13T08:56:51+08:00 ] 127.0.0.1 /Public/upload/goods/2017/07-03/5959f3975a3c0.jpg
INFO: [ app_init ] --START--
INFO: Run Behavior\BuildLiteBehavior [ RunTime:0.000178s ]
INFO: [ app_init ] --END-- [ RunTime:0.001766s ]
ERR: 无法加载模块:Public

[ 2017-07-13T08:57:04+08:00 ] 127.0.0.1 /Public/upload/goods/2017/07-03/5959f3a40a203.jpg
INFO: [ app_init ] --START--
INFO: Run Behavior\BuildLiteBehavior [ RunTime:0.000124s ]
INFO: [ app_init ] --END-- [ RunTime:0.001076s ]
ERR: 无法加载模块:Public

[ 2017-07-13T08:57:05+08:00 ] 127.0.0.1 /Public/upload/goods/2017/07-03/5959f3975a3c0.jpg
INFO: [ app_init ] --START--
INFO: Run Behavior\BuildLiteBehavior [ RunTime:0.000126s ]
INFO: [ app_init ] --END-- [ RunTime:0.001108s ]
ERR: 无法加载模块:Public

[ 2017-07-13T08:57:05+08:00 ] 127.0.0.1 /Public/upload/goods/2017/07-03/5959f3a3c50bc.jpg
INFO: [ app_init ] --START--
INFO: Run Behavior\BuildLiteBehavior [ RunTime:0.000161s ]
INFO: [ app_init ] --END-- [ RunTime:0.001432s ]
ERR: 无法加载模块:Public

[ 2017-07-13T08:57:57+08:00 ] 127.0.0.1 /Public/upload/goods/2017/07-03/5959f3a40a203.jpg
INFO: [ app_init ] --START--
INFO: Run Behavior\BuildLiteBehavior [ RunTime:0.000125s ]
INFO: [ app_init ] --END-- [ RunTime:0.001099s ]
ERR: 无法加载模块:Public

[ 2017-07-13T08:57:57+08:00 ] 127.0.0.1 /Public/upload/goods/2017/07-03/5959f3975a3c0.jpg
INFO: [ app_init ] --START--
INFO: Run Behavior\BuildLiteBehavior [ RunTime:0.000153s ]
INFO: [ app_init ] --END-- [ RunTime:0.001201s ]
ERR: 无法加载模块:Public

[ 2017-07-13T08:57:57+08:00 ] 127.0.0.1 /Public/upload/goods/2017/07-03/5959f3a3c50bc.jpg
INFO: [ app_init ] --START--
INFO: Run Behavior\BuildLiteBehavior [ RunTime:0.000170s ]
INFO: [ app_init ] --END-- [ RunTime:0.001497s ]
ERR: 无法加载模块:Public

[ 2017-07-13T08:58:02+08:00 ] 127.0.0.1 /Public/upload/goods/2017/07-03/5959f3a40a203.jpg
INFO: [ app_init ] --START--
INFO: Run Behavior\BuildLiteBehavior [ RunTime:0.000124s ]
INFO: [ app_init ] --END-- [ RunTime:0.001087s ]
ERR: 无法加载模块:Public

[ 2017-07-13T08:58:02+08:00 ] 127.0.0.1 /Public/upload/goods/2017/07-03/5959f3975a3c0.jpg
INFO: [ app_init ] --START--
INFO: Run Behavior\BuildLiteBehavior [ RunTime:0.000235s ]
INFO: [ app_init ] --END-- [ RunTime:0.001518s ]
ERR: 无法加载模块:Public

[ 2017-07-13T08:58:02+08:00 ] 127.0.0.1 /Public/upload/goods/2017/07-03/5959f3a3c50bc.jpg
INFO: [ app_init ] --START--
INFO: Run Behavior\BuildLiteBehavior [ RunTime:0.000181s ]
INFO: [ app_init ] --END-- [ RunTime:0.001574s ]
ERR: 无法加载模块:Public

[ 2017-07-13T08:58:08+08:00 ] 127.0.0.1 /favicon.ico
INFO: [ app_init ] --START--
INFO: Run Behavior\BuildLiteBehavior [ RunTime:0.000195s ]
INFO: [ app_init ] --END-- [ RunTime:0.001755s ]
ERR: 无法加载模块:Favicon

[ 2017-07-13T08:58:10+08:00 ] 127.0.0.1 /Public/upload/goods/2017/07-03/5959f3a40a203.jpg
INFO: [ app_init ] --START--
INFO: Run Behavior\BuildLiteBehavior [ RunTime:0.000134s ]
INFO: [ app_init ] --END-- [ RunTime:0.001255s ]
ERR: 无法加载模块:Public

[ 2017-07-13T08:58:11+08:00 ] 127.0.0.1 /Public/upload/goods/2017/07-03/5959f3a3c50bc.jpg
INFO: [ app_init ] --START--
INFO: Run Behavior\BuildLiteBehavior [ RunTime:0.000130s ]
INFO: [ app_init ] --END-- [ RunTime:0.001183s ]
ERR: 无法加载模块:Public

[ 2017-07-13T08:58:11+08:00 ] 127.0.0.1 /Public/upload/goods/2017/07-03/5959f3975a3c0.jpg
INFO: [ app_init ] --START--
INFO: Run Behavior\BuildLiteBehavior [ RunTime:0.000171s ]
INFO: [ app_init ] --END-- [ RunTime:0.001501s ]
ERR: 无法加载模块:Public

[ 2017-07-13T08:58:29+08:00 ] 127.0.0.1 /Public/upload/goods/2017/07-03/5959f3a40a203.jpg
INFO: [ app_init ] --START--
INFO: Run Behavior\BuildLiteBehavior [ RunTime:0.000127s ]
INFO: [ app_init ] --END-- [ RunTime:0.001126s ]
ERR: 无法加载模块:Public

[ 2017-07-13T08:58:29+08:00 ] 127.0.0.1 /Public/upload/goods/2017/07-03/5959f3975a3c0.jpg
INFO: [ app_init ] --START--
INFO: Run Behavior\BuildLiteBehavior [ RunTime:0.000134s ]
INFO: [ app_init ] --END-- [ RunTime:0.001178s ]
ERR: 无法加载模块:Public

[ 2017-07-13T08:58:29+08:00 ] 127.0.0.1 /Public/upload/goods/2017/07-03/5959f3a3c50bc.jpg
INFO: [ app_init ] --START--
INFO: Run Behavior\BuildLiteBehavior [ RunTime:0.000158s ]
INFO: [ app_init ] --END-- [ RunTime:0.001465s ]
ERR: 无法加载模块:Public

[ 2017-07-13T08:58:58+08:00 ] 127.0.0.1 /Public/upload/goods/2017/07-03/5959f3a40a203.jpg
INFO: [ app_init ] --START--
INFO: Run Behavior\BuildLiteBehavior [ RunTime:0.000172s ]
INFO: [ app_init ] --END-- [ RunTime:0.001684s ]
ERR: 无法加载模块:Public

[ 2017-07-13T08:58:58+08:00 ] 127.0.0.1 /Public/upload/goods/2017/07-03/5959f3a3c50bc.jpg
INFO: [ app_init ] --START--
INFO: Run Behavior\BuildLiteBehavior [ RunTime:0.000153s ]
INFO: [ app_init ] --END-- [ RunTime:0.001407s ]
ERR: 无法加载模块:Public

[ 2017-07-13T08:58:58+08:00 ] 127.0.0.1 /Public/upload/goods/2017/07-03/5959f3975a3c0.jpg
INFO: [ app_init ] --START--
INFO: Run Behavior\BuildLiteBehavior [ RunTime:0.000154s ]
INFO: [ app_init ] --END-- [ RunTime:0.001521s ]
ERR: 无法加载模块:Public

[ 2017-07-13T09:00:04+08:00 ] 127.0.0.1 /Public/upload/goods/2017/07-03/5959f3a40a203.jpg
INFO: [ app_init ] --START--
INFO: Run Behavior\BuildLiteBehavior [ RunTime:0.000221s ]
INFO: [ app_init ] --END-- [ RunTime:0.001611s ]
ERR: 无法加载模块:Public

[ 2017-07-13T09:00:04+08:00 ] 127.0.0.1 /Public/upload/goods/2017/07-03/5959f3975a3c0.jpg
INFO: [ app_init ] --START--
INFO: Run Behavior\BuildLiteBehavior [ RunTime:0.000141s ]
INFO: [ app_init ] --END-- [ RunTime:0.001862s ]
ERR: 无法加载模块:Public

[ 2017-07-13T09:00:04+08:00 ] 127.0.0.1 /Public/upload/goods/2017/07-03/5959f3a3c50bc.jpg
INFO: [ app_init ] --START--
INFO: Run Behavior\BuildLiteBehavior [ RunTime:0.000131s ]
INFO: [ app_init ] --END-- [ RunTime:0.001110s ]
ERR: 无法加载模块:Public

[ 2017-07-13T09:04:44+08:00 ] 127.0.0.1 /favicon.ico
INFO: [ app_init ] --START--
INFO: Run Behavior\BuildLiteBehavior [ RunTime:0.000123s ]
INFO: [ app_init ] --END-- [ RunTime:0.001182s ]
ERR: 无法加载模块:Favicon

[ 2017-07-13T09:04:47+08:00 ] 127.0.0.1 /favicon.ico
INFO: [ app_init ] --START--
INFO: Run Behavior\BuildLiteBehavior [ RunTime:0.000161s ]
INFO: [ app_init ] --END-- [ RunTime:0.001646s ]
ERR: 无法加载模块:Favicon

[ 2017-07-13T09:04:48+08:00 ] 127.0.0.1 /Public/upload/goods/2017/07-03/5959f3a40a203.jpg
INFO: [ app_init ] --START--
INFO: Run Behavior\BuildLiteBehavior [ RunTime:0.000151s ]
INFO: [ app_init ] --END-- [ RunTime:0.001274s ]
ERR: 无法加载模块:Public

[ 2017-07-13T09:04:49+08:00 ] 127.0.0.1 /Public/upload/goods/2017/07-03/5959f3a3c50bc.jpg
INFO: [ app_init ] --START--
INFO: Run Behavior\BuildLiteBehavior [ RunTime:0.000124s ]
INFO: [ app_init ] --END-- [ RunTime:0.001152s ]
ERR: 无法加载模块:Public

[ 2017-07-13T09:04:49+08:00 ] 127.0.0.1 /Public/upload/goods/2017/07-03/5959f3975a3c0.jpg
INFO: [ app_init ] --START--
INFO: Run Behavior\BuildLiteBehavior [ RunTime:0.000159s ]
INFO: [ app_init ] --END-- [ RunTime:0.001387s ]
ERR: 无法加载模块:Public

[ 2017-07-13T09:06:45+08:00 ] 127.0.0.1 /Public/upload/goods/2017/07-03/5959f3a40a203.jpg
INFO: [ app_init ] --START--
INFO: Run Behavior\BuildLiteBehavior [ RunTime:0.000207s ]
INFO: [ app_init ] --END-- [ RunTime:0.002112s ]
ERR: 无法加载模块:Public

[ 2017-07-13T09:06:45+08:00 ] 127.0.0.1 /Public/upload/goods/2017/07-03/5959f3975a3c0.jpg
INFO: [ app_init ] --START--
INFO: Run Behavior\BuildLiteBehavior [ RunTime:0.000128s ]
INFO: [ app_init ] --END-- [ RunTime:0.001218s ]
ERR: 无法加载模块:Public

[ 2017-07-13T09:06:45+08:00 ] 127.0.0.1 /Public/upload/goods/2017/07-03/5959f3a3c50bc.jpg
INFO: [ app_init ] --START--
INFO: Run Behavior\BuildLiteBehavior [ RunTime:0.000125s ]
INFO: [ app_init ] --END-- [ RunTime:0.001083s ]
ERR: 无法加载模块:Public

[ 2017-07-13T09:06:47+08:00 ] 127.0.0.1 /Public/upload/goods/2017/07-03/5959f3a40a203.jpg
INFO: [ app_init ] --START--
INFO: Run Behavior\BuildLiteBehavior [ RunTime:0.000212s ]
INFO: [ app_init ] --END-- [ RunTime:0.002147s ]
ERR: 无法加载模块:Public

[ 2017-07-13T09:06:47+08:00 ] 127.0.0.1 /Public/upload/goods/2017/07-03/5959f3975a3c0.jpg
INFO: [ app_init ] --START--
INFO: Run Behavior\BuildLiteBehavior [ RunTime:0.000129s ]
INFO: [ app_init ] --END-- [ RunTime:0.001492s ]
ERR: 无法加载模块:Public

[ 2017-07-13T09:06:47+08:00 ] 127.0.0.1 /Public/upload/goods/2017/07-03/5959f3a3c50bc.jpg
INFO: [ app_init ] --START--
INFO: Run Behavior\BuildLiteBehavior [ RunTime:0.000137s ]
INFO: [ app_init ] --END-- [ RunTime:0.001169s ]
ERR: 无法加载模块:Public

[ 2017-07-13T09:08:01+08:00 ] 127.0.0.1 /Public/upload/goods/2017/07-03/5959f3a40a203.jpg
INFO: [ app_init ] --START--
INFO: Run Behavior\BuildLiteBehavior [ RunTime:0.000174s ]
INFO: [ app_init ] --END-- [ RunTime:0.001521s ]
ERR: 无法加载模块:Public

[ 2017-07-13T09:08:01+08:00 ] 127.0.0.1 /Public/upload/goods/2017/07-03/5959f3a3c50bc.jpg
INFO: [ app_init ] --START--
INFO: Run Behavior\BuildLiteBehavior [ RunTime:0.000204s ]
INFO: [ app_init ] --END-- [ RunTime:0.002408s ]
ERR: 无法加载模块:Public

[ 2017-07-13T09:08:01+08:00 ] 127.0.0.1 /Public/upload/goods/2017/07-03/5959f3975a3c0.jpg
INFO: [ app_init ] --START--
INFO: Run Behavior\BuildLiteBehavior [ RunTime:0.000125s ]
INFO: [ app_init ] --END-- [ RunTime:0.001264s ]
ERR: 无法加载模块:Public

[ 2017-07-13T09:08:26+08:00 ] 127.0.0.1 /favicon.ico
INFO: [ app_init ] --START--
INFO: Run Behavior\BuildLiteBehavior [ RunTime:0.000143s ]
INFO: [ app_init ] --END-- [ RunTime:0.001317s ]
ERR: 无法加载模块:Favicon

[ 2017-07-13T09:08:27+08:00 ] 127.0.0.1 /favicon.ico
INFO: [ app_init ] --START--
INFO: Run Behavior\BuildLiteBehavior [ RunTime:0.000151s ]
INFO: [ app_init ] --END-- [ RunTime:0.001295s ]
ERR: 无法加载模块:Favicon

[ 2017-07-13T09:08:42+08:00 ] 127.0.0.1 /favicon.ico
INFO: [ app_init ] --START--
INFO: Run Behavior\BuildLiteBehavior [ RunTime:0.000164s ]
INFO: [ app_init ] --END-- [ RunTime:0.001431s ]
ERR: 无法加载模块:Favicon

[ 2017-07-13T09:08:43+08:00 ] 127.0.0.1 /favicon.ico
INFO: [ app_init ] --START--
INFO: Run Behavior\BuildLiteBehavior [ RunTime:0.000130s ]
INFO: [ app_init ] --END-- [ RunTime:0.001235s ]
ERR: 无法加载模块:Favicon

[ 2017-07-13T09:09:19+08:00 ] 127.0.0.1 /Public/upload/goods/2017/07-03/5959f3a40a203.jpg
INFO: [ app_init ] --START--
INFO: Run Behavior\BuildLiteBehavior [ RunTime:0.000124s ]
INFO: [ app_init ] --END-- [ RunTime:0.001083s ]
ERR: 无法加载模块:Public

[ 2017-07-13T09:09:19+08:00 ] 127.0.0.1 /Public/upload/goods/2017/07-03/5959f3975a3c0.jpg
INFO: [ app_init ] --START--
INFO: Run Behavior\BuildLiteBehavior [ RunTime:0.000130s ]
INFO: [ app_init ] --END-- [ RunTime:0.001138s ]
ERR: 无法加载模块:Public

[ 2017-07-13T09:09:19+08:00 ] 127.0.0.1 /Public/upload/goods/2017/07-03/5959f3a3c50bc.jpg
INFO: [ app_init ] --START--
INFO: Run Behavior\BuildLiteBehavior [ RunTime:0.000160s ]
INFO: [ app_init ] --END-- [ RunTime:0.001411s ]
ERR: 无法加载模块:Public

[ 2017-07-13T09:09:36+08:00 ] 127.0.0.1 /Public/upload/goods/2017/07-03/5959f3a40a203.jpg
INFO: [ app_init ] --START--
INFO: Run Behavior\BuildLiteBehavior [ RunTime:0.000128s ]
INFO: [ app_init ] --END-- [ RunTime:0.001450s ]
ERR: 无法加载模块:Public

[ 2017-07-13T09:09:37+08:00 ] 127.0.0.1 /Public/upload/goods/2017/07-03/5959f3a3c50bc.jpg
INFO: [ app_init ] --START--
INFO: Run Behavior\BuildLiteBehavior [ RunTime:0.000148s ]
INFO: [ app_init ] --END-- [ RunTime:0.001206s ]
ERR: 无法加载模块:Public

[ 2017-07-13T09:09:37+08:00 ] 127.0.0.1 /Public/upload/goods/2017/07-03/5959f3975a3c0.jpg
INFO: [ app_init ] --START--
INFO: Run Behavior\BuildLiteBehavior [ RunTime:0.000220s ]
INFO: [ app_init ] --END-- [ RunTime:0.002143s ]
ERR: 无法加载模块:Public

[ 2017-07-13T09:09:41+08:00 ] 127.0.0.1 /favicon.ico
INFO: [ app_init ] --START--
INFO: Run Behavior\BuildLiteBehavior [ RunTime:0.000161s ]
INFO: [ app_init ] --END-- [ RunTime:0.001420s ]
ERR: 无法加载模块:Favicon

[ 2017-07-13T09:09:43+08:00 ] 127.0.0.1 /Public/upload/goods/2017/07-03/5959f3a40a203.jpg
INFO: [ app_init ] --START--
INFO: Run Behavior\BuildLiteBehavior [ RunTime:0.000128s ]
INFO: [ app_init ] --END-- [ RunTime:0.001352s ]
ERR: 无法加载模块:Public

[ 2017-07-13T09:09:43+08:00 ] 127.0.0.1 /Public/upload/goods/2017/07-03/5959f3975a3c0.jpg
INFO: [ app_init ] --START--
INFO: Run Behavior\BuildLiteBehavior [ RunTime:0.000205s ]
INFO: [ app_init ] --END-- [ RunTime:0.001987s ]
ERR: 无法加载模块:Public

[ 2017-07-13T09:09:43+08:00 ] 127.0.0.1 /Public/upload/goods/2017/07-03/5959f3a3c50bc.jpg
INFO: [ app_init ] --START--
INFO: Run Behavior\BuildLiteBehavior [ RunTime:0.000126s ]
INFO: [ app_init ] --END-- [ RunTime:0.001117s ]
ERR: 无法加载模块:Public

[ 2017-07-13T09:11:05+08:00 ] 127.0.0.1 /favicon.ico
INFO: [ app_init ] --START--
INFO: Run Behavior\BuildLiteBehavior [ RunTime:0.000156s ]
INFO: [ app_init ] --END-- [ RunTime:0.001236s ]
ERR: 无法加载模块:Favicon

[ 2017-07-13T09:11:56+08:00 ] 127.0.0.1 /Public/upload/goods/2017/07-03/5959f3a40a203.jpg
INFO: [ app_init ] --START--
INFO: Run Behavior\BuildLiteBehavior [ RunTime:0.000213s ]
INFO: [ app_init ] --END-- [ RunTime:0.002180s ]
ERR: 无法加载模块:Public

[ 2017-07-13T09:11:56+08:00 ] 127.0.0.1 /Public/upload/goods/2017/07-03/5959f3975a3c0.jpg
INFO: [ app_init ] --START--
INFO: Run Behavior\BuildLiteBehavior [ RunTime:0.000132s ]
INFO: [ app_init ] --END-- [ RunTime:0.001223s ]
ERR: 无法加载模块:Public

[ 2017-07-13T09:11:56+08:00 ] 127.0.0.1 /Public/upload/goods/2017/07-03/5959f3a3c50bc.jpg
INFO: [ app_init ] --START--
INFO: Run Behavior\BuildLiteBehavior [ RunTime:0.000127s ]
INFO: [ app_init ] --END-- [ RunTime:0.001105s ]
ERR: 无法加载模块:Public

[ 2017-07-13T09:13:43+08:00 ] 127.0.0.1 /favicon.ico
INFO: [ app_init ] --START--
INFO: Run Behavior\BuildLiteBehavior [ RunTime:0.000148s ]
INFO: [ app_init ] --END-- [ RunTime:0.001409s ]
ERR: 无法加载模块:Favicon

[ 2017-07-13T09:15:49+08:00 ] 127.0.0.1 /Public/upload/goods/2017/07-03/5959f3a40a203.jpg
INFO: [ app_init ] --START--
INFO: Run Behavior\BuildLiteBehavior [ RunTime:0.000127s ]
INFO: [ app_init ] --END-- [ RunTime:0.001480s ]
ERR: 无法加载模块:Public

[ 2017-07-13T09:15:49+08:00 ] 127.0.0.1 /Public/upload/goods/2017/07-03/5959f3975a3c0.jpg
INFO: [ app_init ] --START--
INFO: Run Behavior\BuildLiteBehavior [ RunTime:0.000178s ]
INFO: [ app_init ] --END-- [ RunTime:0.001806s ]
ERR: 无法加载模块:Public

[ 2017-07-13T09:15:49+08:00 ] 127.0.0.1 /Public/upload/goods/2017/07-03/5959f3a3c50bc.jpg
INFO: [ app_init ] --START--
INFO: Run Behavior\BuildLiteBehavior [ RunTime:0.000126s ]
INFO: [ app_init ] --END-- [ RunTime:0.001113s ]
ERR: 无法加载模块:Public

[ 2017-07-13T09:16:26+08:00 ] 127.0.0.1 /Public/upload/goods/2017/07-03/5959f3a40a203.jpg
INFO: [ app_init ] --START--
INFO: Run Behavior\BuildLiteBehavior [ RunTime:0.000208s ]
INFO: [ app_init ] --END-- [ RunTime:0.001897s ]
ERR: 无法加载模块:Public

[ 2017-07-13T09:16:26+08:00 ] 127.0.0.1 /Public/upload/goods/2017/07-03/5959f3a3c50bc.jpg
INFO: [ app_init ] --START--
INFO: Run Behavior\BuildLiteBehavior [ RunTime:0.000133s ]
INFO: [ app_init ] --END-- [ RunTime:0.001280s ]
ERR: 无法加载模块:Public

[ 2017-07-13T09:16:27+08:00 ] 127.0.0.1 /Public/upload/goods/2017/07-03/5959f3975a3c0.jpg
INFO: [ app_init ] --START--
INFO: Run Behavior\BuildLiteBehavior [ RunTime:0.000123s ]
INFO: [ app_init ] --END-- [ RunTime:0.001075s ]
ERR: 无法加载模块:Public

[ 2017-07-13T09:20:34+08:00 ] 127.0.0.1 /Public/upload/goods/2017/07-03/5959f3a40a203.jpg
INFO: [ app_init ] --START--
INFO: Run Behavior\BuildLiteBehavior [ RunTime:0.000196s ]
INFO: [ app_init ] --END-- [ RunTime:0.002017s ]
ERR: 无法加载模块:Public

[ 2017-07-13T09:20:34+08:00 ] 127.0.0.1 /Public/upload/goods/2017/07-03/5959f3975a3c0.jpg
INFO: [ app_init ] --START--
INFO: Run Behavior\BuildLiteBehavior [ RunTime:0.000192s ]
INFO: [ app_init ] --END-- [ RunTime:0.001621s ]
ERR: 无法加载模块:Public

[ 2017-07-13T09:20:34+08:00 ] 127.0.0.1 /Public/upload/goods/2017/07-03/5959f3a3c50bc.jpg
INFO: [ app_init ] --START--
INFO: Run Behavior\BuildLiteBehavior [ RunTime:0.000124s ]
INFO: [ app_init ] --END-- [ RunTime:0.001119s ]
ERR: 无法加载模块:Public

[ 2017-07-13T09:24:52+08:00 ] 127.0.0.1 /Public/upload/goods/2017/07-03/5959f3a40a203.jpg
INFO: [ app_init ] --START--
INFO: Run Behavior\BuildLiteBehavior [ RunTime:0.000251s ]
INFO: [ app_init ] --END-- [ RunTime:0.002078s ]
ERR: 无法加载模块:Public

[ 2017-07-13T09:24:52+08:00 ] 127.0.0.1 /Public/upload/goods/2017/07-03/5959f3975a3c0.jpg
INFO: [ app_init ] --START--
INFO: Run Behavior\BuildLiteBehavior [ RunTime:0.000125s ]
INFO: [ app_init ] --END-- [ RunTime:0.001144s ]
ERR: 无法加载模块:Public

[ 2017-07-13T09:24:52+08:00 ] 127.0.0.1 /Public/upload/goods/2017/07-03/5959f3a3c50bc.jpg
INFO: [ app_init ] --START--
INFO: Run Behavior\BuildLiteBehavior [ RunTime:0.000187s ]
INFO: [ app_init ] --END-- [ RunTime:0.001784s ]
ERR: 无法加载模块:Public

[ 2017-07-13T09:25:56+08:00 ] 127.0.0.1 /Public/upload/goods/2017/07-03/5959f3a40a203.jpg
INFO: [ app_init ] --START--
INFO: Run Behavior\BuildLiteBehavior [ RunTime:0.000190s ]
INFO: [ app_init ] --END-- [ RunTime:0.001858s ]
ERR: 无法加载模块:Public

[ 2017-07-13T09:25:56+08:00 ] 127.0.0.1 /Public/upload/goods/2017/07-03/5959f3a3c50bc.jpg
INFO: [ app_init ] --START--
INFO: Run Behavior\BuildLiteBehavior [ RunTime:0.000126s ]
INFO: [ app_init ] --END-- [ RunTime:0.001100s ]
ERR: 无法加载模块:Public

[ 2017-07-13T09:25:56+08:00 ] 127.0.0.1 /Public/upload/goods/2017/07-03/5959f3975a3c0.jpg
INFO: [ app_init ] --START--
INFO: Run Behavior\BuildLiteBehavior [ RunTime:0.000201s ]
INFO: [ app_init ] --END-- [ RunTime:0.001669s ]
ERR: 无法加载模块:Public

[ 2017-07-13T09:30:35+08:00 ] 127.0.0.1 /Public/upload/goods/2017/07-03/5959f3a40a203.jpg
INFO: [ app_init ] --START--
INFO: Run Behavior\BuildLiteBehavior [ RunTime:0.000242s ]
INFO: [ app_init ] --END-- [ RunTime:0.002204s ]
ERR: 无法加载模块:Public

[ 2017-07-13T09:30:35+08:00 ] 127.0.0.1 /Public/upload/goods/2017/07-03/5959f3975a3c0.jpg
INFO: [ app_init ] --START--
INFO: Run Behavior\BuildLiteBehavior [ RunTime:0.000241s ]
INFO: [ app_init ] --END-- [ RunTime:0.002517s ]
ERR: 无法加载模块:Public

[ 2017-07-13T09:30:35+08:00 ] 127.0.0.1 /Public/upload/goods/2017/07-03/5959f3a3c50bc.jpg
INFO: [ app_init ] --START--
INFO: Run Behavior\BuildLiteBehavior [ RunTime:0.000137s ]
INFO: [ app_init ] --END-- [ RunTime:0.001304s ]
ERR: 无法加载模块:Public

[ 2017-07-13T09:31:59+08:00 ] 127.0.0.1 /Public/upload/goods/2017/07-03/5959f3a40a203.jpg
INFO: [ app_init ] --START--
INFO: Run Behavior\BuildLiteBehavior [ RunTime:0.000112s ]
INFO: [ app_init ] --END-- [ RunTime:0.001142s ]
ERR: 无法加载模块:Public

[ 2017-07-13T09:31:59+08:00 ] 127.0.0.1 /Public/upload/goods/2017/07-03/5959f3a3c50bc.jpg
INFO: [ app_init ] --START--
INFO: Run Behavior\BuildLiteBehavior [ RunTime:0.000176s ]
INFO: [ app_init ] --END-- [ RunTime:0.001839s ]
ERR: 无法加载模块:Public

[ 2017-07-13T09:31:59+08:00 ] 127.0.0.1 /Public/upload/goods/2017/07-03/5959f3975a3c0.jpg
INFO: [ app_init ] --START--
INFO: Run Behavior\BuildLiteBehavior [ RunTime:0.000443s ]
INFO: [ app_init ] --END-- [ RunTime:0.001620s ]
ERR: 无法加载模块:Public

[ 2017-07-13T09:32:09+08:00 ] 127.0.0.1 /Public/upload/goods/2017/07-03/5959f3a40a203.jpg
INFO: [ app_init ] --START--
INFO: Run Behavior\BuildLiteBehavior [ RunTime:0.000117s ]
INFO: [ app_init ] --END-- [ RunTime:0.001264s ]
ERR: 无法加载模块:Public

[ 2017-07-13T09:32:09+08:00 ] 127.0.0.1 /Public/upload/goods/2017/07-03/5959f3975a3c0.jpg
INFO: [ app_init ] --START--
INFO: Run Behavior\BuildLiteBehavior [ RunTime:0.000178s ]
INFO: [ app_init ] --END-- [ RunTime:0.002430s ]
ERR: 无法加载模块:Public

[ 2017-07-13T09:32:09+08:00 ] 127.0.0.1 /Public/upload/goods/2017/07-03/5959f3a3c50bc.jpg
INFO: [ app_init ] --START--
INFO: Run Behavior\BuildLiteBehavior [ RunTime:0.000172s ]
INFO: [ app_init ] --END-- [ RunTime:0.009680s ]
ERR: 无法加载模块:Public

[ 2017-07-13T09:32:26+08:00 ] 127.0.0.1 /Public/upload/goods/2017/07-03/5959f3a40a203.jpg
INFO: [ app_init ] --START--
INFO: Run Behavior\BuildLiteBehavior [ RunTime:0.000180s ]
INFO: [ app_init ] --END-- [ RunTime:0.001728s ]
ERR: 无法加载模块:Public

[ 2017-07-13T09:32:26+08:00 ] 127.0.0.1 /Public/upload/goods/2017/07-03/5959f3a3c50bc.jpg
INFO: [ app_init ] --START--
INFO: Run Behavior\BuildLiteBehavior [ RunTime:0.000264s ]
INFO: [ app_init ] --END-- [ RunTime:0.002104s ]
ERR: 无法加载模块:Public

[ 2017-07-13T09:32:26+08:00 ] 127.0.0.1 /Public/upload/goods/2017/07-03/5959f3975a3c0.jpg
INFO: [ app_init ] --START--
INFO: Run Behavior\BuildLiteBehavior [ RunTime:0.000187s ]
INFO: [ app_init ] --END-- [ RunTime:0.002088s ]
ERR: 无法加载模块:Public

[ 2017-07-13T09:32:51+08:00 ] 127.0.0.1 /Public/upload/goods/2017/07-03/5959f3a40a203.jpg
INFO: [ app_init ] --START--
INFO: Run Behavior\BuildLiteBehavior [ RunTime:0.000222s ]
INFO: [ app_init ] --END-- [ RunTime:0.002008s ]
ERR: 无法加载模块:Public

[ 2017-07-13T09:32:51+08:00 ] 127.0.0.1 /Public/upload/goods/2017/07-03/5959f3a3c50bc.jpg
INFO: [ app_init ] --START--
INFO: Run Behavior\BuildLiteBehavior [ RunTime:0.000124s ]
INFO: [ app_init ] --END-- [ RunTime:0.001191s ]
ERR: 无法加载模块:Public

[ 2017-07-13T09:32:52+08:00 ] 127.0.0.1 /Public/upload/goods/2017/07-03/5959f3975a3c0.jpg
INFO: [ app_init ] --START--
INFO: Run Behavior\BuildLiteBehavior [ RunTime:0.000208s ]
INFO: [ app_init ] --END-- [ RunTime:0.001818s ]
ERR: 无法加载模块:Public

[ 2017-07-13T09:33:59+08:00 ] 127.0.0.1 /Public/upload/goods/2017/07-03/5959f3a40a203.jpg
INFO: [ app_init ] --START--
INFO: Run Behavior\BuildLiteBehavior [ RunTime:0.000125s ]
INFO: [ app_init ] --END-- [ RunTime:0.001170s ]
ERR: 无法加载模块:Public

[ 2017-07-13T09:33:59+08:00 ] 127.0.0.1 /Public/upload/goods/2017/07-03/5959f3975a3c0.jpg
INFO: [ app_init ] --START--
INFO: Run Behavior\BuildLiteBehavior [ RunTime:0.000183s ]
INFO: [ app_init ] --END-- [ RunTime:0.001622s ]
ERR: 无法加载模块:Public

[ 2017-07-13T09:33:59+08:00 ] 127.0.0.1 /Public/upload/goods/2017/07-03/5959f3a3c50bc.jpg
INFO: [ app_init ] --START--
INFO: Run Behavior\BuildLiteBehavior [ RunTime:0.000148s ]
INFO: [ app_init ] --END-- [ RunTime:0.001333s ]
ERR: 无法加载模块:Public

