[ 2017-07-28T13:13:55+08:00 ] 127.0.0.1 /admin
INFO: [ app_init ] --START--
INFO: Run Behavior\BuildLiteBehavior [ RunTime:0.000137s ]
INFO: [ app_init ] --END-- [ RunTime:0.001228s ]
INFO: [ app_begin ] --START--
INFO: Run Behavior\ReadHtmlCacheBehavior [ RunTime:0.000863s ]
INFO: [ app_begin ] --END-- [ RunTime:0.001527s ]
INFO: [ view_begin ] --START--
INFO: Run Home\Behaviors\testBehavior [ RunTime:0.001202s ]
INFO: [ view_begin ] --END-- [ RunTime:0.001869s ]
INFO: [ view_parse ] --START--
INFO: [ template_filter ] --START--
INFO: Run Behavior\ContentReplaceBehavior [ RunTime:0.000270s ]
INFO: [ template_filter ] --END-- [ RunTime:0.000978s ]
INFO: Run Behavior\ParseTemplateBehavior [ RunTime:0.025967s ]
INFO: [ view_parse ] --END-- [ RunTime:0.026716s ]
INFO: [ view_filter ] --START--
INFO: Run Behavior\WriteHtmlCacheBehavior [ RunTime:0.000890s ]
INFO: Run Behavior\TokenBuildBehavior [ RunTime:0.001139s ]
INFO: [ view_filter ] --END-- [ RunTime:0.003075s ]

[ 2017-07-28T13:13:57+08:00 ] 127.0.0.1 /index.php/Admin/Admin/login
INFO: [ app_init ] --START--
INFO: Run Behavior\BuildLiteBehavior [ RunTime:0.000217s ]
INFO: [ app_init ] --END-- [ RunTime:0.001675s ]
INFO: [ app_begin ] --START--
INFO: Run Behavior\ReadHtmlCacheBehavior [ RunTime:0.000882s ]
INFO: [ app_begin ] --END-- [ RunTime:0.001605s ]
NOTIC: [8] Undefined index: login D:\wamp\www\tp\Application\Admin\Common\function.php 第 69 行.
INFO: [ view_begin ] --START--
INFO: Run Home\Behaviors\testBehavior [ RunTime:0.004826s ]
INFO: [ view_begin ] --END-- [ RunTime:0.007409s ]
INFO: [ view_parse ] --START--
INFO: [ template_filter ] --START--
INFO: Run Behavior\ContentReplaceBehavior [ RunTime:0.000333s ]
INFO: [ template_filter ] --END-- [ RunTime:0.001121s ]
INFO: Run Behavior\ParseTemplateBehavior [ RunTime:0.027310s ]
INFO: [ view_parse ] --END-- [ RunTime:0.028874s ]
INFO: [ view_filter ] --START--
INFO: Run Behavior\WriteHtmlCacheBehavior [ RunTime:0.000829s ]
INFO: Run Behavior\TokenBuildBehavior [ RunTime:0.001122s ]
INFO: [ view_filter ] --END-- [ RunTime:0.003159s ]
INFO: [ app_end ] --START--
INFO: Run Behavior\ShowPageTraceBehavior [ RunTime:0.000857s ]
INFO: [ app_end ] --END-- [ RunTime:0.001508s ]

[ 2017-07-28T13:13:57+08:00 ] 127.0.0.1 /index.php/Admin/Admin/vertify
INFO: [ app_init ] --START--
INFO: Run Behavior\BuildLiteBehavior [ RunTime:0.000186s ]
INFO: [ app_init ] --END-- [ RunTime:0.001784s ]
INFO: [ app_begin ] --START--
INFO: Run Behavior\ReadHtmlCacheBehavior [ RunTime:0.001539s ]
INFO: [ app_begin ] --END-- [ RunTime:0.003194s ]
NOTIC: [8] Undefined index: vertify D:\wamp\www\tp\Application\Admin\Common\function.php 第 69 行.
INFO: [ app_end ] --START--
INFO: Run Behavior\ShowPageTraceBehavior [ RunTime:0.000981s ]
INFO: [ app_end ] --END-- [ RunTime:0.001688s ]

[ 2017-07-28T13:14:08+08:00 ] 127.0.0.1 /index.php?m=Admin&c=Admin&a=login&t=0.032365163513303985
INFO: [ app_init ] --START--
INFO: Run Behavior\BuildLiteBehavior [ RunTime:0.000128s ]
INFO: [ app_init ] --END-- [ RunTime:0.001224s ]
INFO: [ app_begin ] --START--
INFO: Run Behavior\ReadHtmlCacheBehavior [ RunTime:0.000910s ]
INFO: [ app_begin ] --END-- [ RunTime:0.001494s ]
NOTIC: [8] Undefined index: login D:\wamp\www\tp\Application\Admin\Common\function.php 第 69 行.

[ 2017-07-28T13:14:08+08:00 ] 127.0.0.1 /index.php/Admin/Index/index
INFO: [ app_init ] --START--
INFO: Run Behavior\BuildLiteBehavior [ RunTime:0.000366s ]
INFO: [ app_init ] --END-- [ RunTime:0.001670s ]
INFO: [ app_begin ] --START--
INFO: Run Behavior\ReadHtmlCacheBehavior [ RunTime:0.000968s ]
INFO: [ app_begin ] --END-- [ RunTime:0.001779s ]
INFO: [ view_begin ] --START--
INFO: Run Home\Behaviors\testBehavior [ RunTime:0.001814s ]
INFO: [ view_begin ] --END-- [ RunTime:0.002895s ]
INFO: [ view_parse ] --START--
INFO: [ template_filter ] --START--
INFO: Run Behavior\ContentReplaceBehavior [ RunTime:0.000295s ]
INFO: [ template_filter ] --END-- [ RunTime:0.000947s ]
INFO: Run Behavior\ParseTemplateBehavior [ RunTime:0.125839s ]
INFO: [ view_parse ] --END-- [ RunTime:0.126725s ]
INFO: [ view_filter ] --START--
INFO: Run Behavior\WriteHtmlCacheBehavior [ RunTime:0.000753s ]
INFO: Run Behavior\TokenBuildBehavior [ RunTime:0.001593s ]
INFO: [ view_filter ] --END-- [ RunTime:0.003327s ]
INFO: [ app_end ] --START--
INFO: Run Behavior\ShowPageTraceBehavior [ RunTime:0.000920s ]
INFO: [ app_end ] --END-- [ RunTime:0.001651s ]

[ 2017-07-28T13:14:09+08:00 ] 127.0.0.1 /index.php/Admin/System/login_task
INFO: [ app_init ] --START--
INFO: Run Behavior\BuildLiteBehavior [ RunTime:0.000129s ]
INFO: [ app_init ] --END-- [ RunTime:0.001356s ]
INFO: [ app_begin ] --START--
INFO: Run Behavior\ReadHtmlCacheBehavior [ RunTime:0.001774s ]
INFO: [ app_begin ] --END-- [ RunTime:0.002834s ]
NOTIC: [8] Undefined index: login_task D:\wamp\www\tp\Application\Admin\Common\function.php 第 69 行.
NOTIC: [2] Invalid argument supplied for foreach() D:\wamp\www\tp\Application\Admin\Controller\SystemController.class.php 第 255 行.
INFO: [ app_end ] --START--
INFO: Run Behavior\ShowPageTraceBehavior [ RunTime:0.000889s ]
INFO: [ app_end ] --END-- [ RunTime:0.001484s ]

[ 2017-07-28T13:14:09+08:00 ] 127.0.0.1 /index.php/Admin/Index/welcome
INFO: [ app_init ] --START--
INFO: Run Behavior\BuildLiteBehavior [ RunTime:0.000127s ]
INFO: [ app_init ] --END-- [ RunTime:0.001241s ]
INFO: [ app_begin ] --START--
INFO: Run Behavior\ReadHtmlCacheBehavior [ RunTime:0.001046s ]
INFO: [ app_begin ] --END-- [ RunTime:0.001818s ]
NOTIC: [8] Undefined index: welcome D:\wamp\www\tp\Application\Admin\Common\function.php 第 69 行.
NOTIC: [8] Undefined index: version D:\wamp\www\tp\Application\Admin\Controller\IndexController.class.php 第 62 行.
INFO: [ view_begin ] --START--
INFO: Run Home\Behaviors\testBehavior [ RunTime:0.001471s ]
INFO: [ view_begin ] --END-- [ RunTime:0.002156s ]
INFO: [ view_parse ] --START--
INFO: [ template_filter ] --START--
INFO: Run Behavior\ContentReplaceBehavior [ RunTime:0.000487s ]
INFO: [ template_filter ] --END-- [ RunTime:0.001466s ]
INFO: Run Behavior\ParseTemplateBehavior [ RunTime:0.049632s ]
INFO: [ view_parse ] --END-- [ RunTime:0.050555s ]
INFO: [ view_filter ] --START--
INFO: Run Behavior\WriteHtmlCacheBehavior [ RunTime:0.001058s ]
INFO: Run Behavior\TokenBuildBehavior [ RunTime:0.001408s ]
INFO: [ view_filter ] --END-- [ RunTime:0.003763s ]
INFO: [ app_end ] --START--
INFO: Run Behavior\ShowPageTraceBehavior [ RunTime:0.001002s ]
INFO: [ app_end ] --END-- [ RunTime:0.002136s ]

[ 2017-07-28T13:14:25+08:00 ] 127.0.0.1 /index.php/Admin/Order/index
INFO: [ app_init ] --START--
INFO: Run Behavior\BuildLiteBehavior [ RunTime:0.000129s ]
INFO: [ app_init ] --END-- [ RunTime:0.001175s ]
INFO: [ app_begin ] --START--
INFO: Run Behavior\ReadHtmlCacheBehavior [ RunTime:0.001270s ]
INFO: [ app_begin ] --END-- [ RunTime:0.002184s ]
INFO: [ view_begin ] --START--
INFO: Run Home\Behaviors\testBehavior [ RunTime:0.001162s ]
INFO: [ view_begin ] --END-- [ RunTime:0.001827s ]
INFO: [ view_parse ] --START--
INFO: [ template_filter ] --START--
INFO: Run Behavior\ContentReplaceBehavior [ RunTime:0.000320s ]
INFO: [ template_filter ] --END-- [ RunTime:0.000975s ]
NOTIC: [8] Use of undefined constant user_id - assumed 'user_id' D:\wamp\www\tp\Application\Runtime\Cache\Admin\18bc66a7b6334412ab8e61a2539ecfbd.php 第 184 行.
NOTIC: [8] Undefined index: user_id D:\wamp\www\tp\Application\Runtime\Cache\Admin\18bc66a7b6334412ab8e61a2539ecfbd.php 第 184 行.
INFO: Run Behavior\ParseTemplateBehavior [ RunTime:0.038882s ]
INFO: [ view_parse ] --END-- [ RunTime:0.039643s ]
INFO: [ view_filter ] --START--
INFO: Run Behavior\WriteHtmlCacheBehavior [ RunTime:0.000674s ]
INFO: Run Behavior\TokenBuildBehavior [ RunTime:0.000718s ]
INFO: [ view_filter ] --END-- [ RunTime:0.002392s ]
INFO: [ app_end ] --START--
INFO: Run Behavior\ShowPageTraceBehavior [ RunTime:0.000820s ]
INFO: [ app_end ] --END-- [ RunTime:0.001469s ]

[ 2017-07-28T13:14:25+08:00 ] 127.0.0.1 /index.php/Admin/order/ajaxindex/p/1
INFO: [ app_init ] --START--
INFO: Run Behavior\BuildLiteBehavior [ RunTime:0.000191s ]
INFO: [ app_init ] --END-- [ RunTime:0.001485s ]
INFO: [ app_begin ] --START--
INFO: Run Behavior\ReadHtmlCacheBehavior [ RunTime:0.000979s ]
INFO: [ app_begin ] --END-- [ RunTime:0.001739s ]
NOTIC: [8] Undefined index: ajaxindex D:\wamp\www\tp\Application\Admin\Common\function.php 第 69 行.
NOTIC: [2] urlencode() expects parameter 1 to be string, array given D:\wamp\www\tp\Application\Admin\Controller\OrderController.class.php 第 75 行.
INFO: [ view_begin ] --START--
INFO: Run Home\Behaviors\testBehavior [ RunTime:0.001180s ]
INFO: [ view_begin ] --END-- [ RunTime:0.001708s ]
INFO: [ view_parse ] --START--
INFO: [ template_filter ] --START--
INFO: Run Behavior\ContentReplaceBehavior [ RunTime:0.000485s ]
INFO: [ template_filter ] --END-- [ RunTime:0.001017s ]
NOTIC: [8] Use of undefined constant order_status - assumed 'order_status' D:\wamp\www\tp\Application\Runtime\Cache\Admin\8eed6bb92403d43d1e94abecb9ebb26a.php 第 43 行.
NOTIC: [8] Undefined index: is_cod D:\wamp\www\tp\Application\Runtime\Cache\Admin\8eed6bb92403d43d1e94abecb9ebb26a.php 第 43 行.
NOTIC: [8] Use of undefined constant pay_status - assumed 'pay_status' D:\wamp\www\tp\Application\Runtime\Cache\Admin\8eed6bb92403d43d1e94abecb9ebb26a.php 第 44 行.
NOTIC: [8] Use of undefined constant shipping_status - assumed 'shipping_status' D:\wamp\www\tp\Application\Runtime\Cache\Admin\8eed6bb92403d43d1e94abecb9ebb26a.php 第 45 行.
NOTIC: [8] Use of undefined constant order_status - assumed 'order_status' D:\wamp\www\tp\Application\Runtime\Cache\Admin\8eed6bb92403d43d1e94abecb9ebb26a.php 第 43 行.
NOTIC: [8] Undefined index: is_cod D:\wamp\www\tp\Application\Runtime\Cache\Admin\8eed6bb92403d43d1e94abecb9ebb26a.php 第 43 行.
NOTIC: [8] Use of undefined constant pay_status - assumed 'pay_status' D:\wamp\www\tp\Application\Runtime\Cache\Admin\8eed6bb92403d43d1e94abecb9ebb26a.php 第 44 行.
NOTIC: [8] Use of undefined constant shipping_status - assumed 'shipping_status' D:\wamp\www\tp\Application\Runtime\Cache\Admin\8eed6bb92403d43d1e94abecb9ebb26a.php 第 45 行.
NOTIC: [8] Use of undefined constant order_status - assumed 'order_status' D:\wamp\www\tp\Application\Runtime\Cache\Admin\8eed6bb92403d43d1e94abecb9ebb26a.php 第 43 行.
NOTIC: [8] Undefined index: is_cod D:\wamp\www\tp\Application\Runtime\Cache\Admin\8eed6bb92403d43d1e94abecb9ebb26a.php 第 43 行.
NOTIC: [8] Use of undefined constant pay_status - assumed 'pay_status' D:\wamp\www\tp\Application\Runtime\Cache\Admin\8eed6bb92403d43d1e94abecb9ebb26a.php 第 44 行.
NOTIC: [8] Use of undefined constant shipping_status - assumed 'shipping_status' D:\wamp\www\tp\Application\Runtime\Cache\Admin\8eed6bb92403d43d1e94abecb9ebb26a.php 第 45 行.
NOTIC: [8] Use of undefined constant order_status - assumed 'order_status' D:\wamp\www\tp\Application\Runtime\Cache\Admin\8eed6bb92403d43d1e94abecb9ebb26a.php 第 43 行.
NOTIC: [8] Undefined index: is_cod D:\wamp\www\tp\Application\Runtime\Cache\Admin\8eed6bb92403d43d1e94abecb9ebb26a.php 第 43 行.
NOTIC: [8] Use of undefined constant pay_status - assumed 'pay_status' D:\wamp\www\tp\Application\Runtime\Cache\Admin\8eed6bb92403d43d1e94abecb9ebb26a.php 第 44 行.
NOTIC: [8] Use of undefined constant shipping_status - assumed 'shipping_status' D:\wamp\www\tp\Application\Runtime\Cache\Admin\8eed6bb92403d43d1e94abecb9ebb26a.php 第 45 行.
NOTIC: [8] Use of undefined constant order_status - assumed 'order_status' D:\wamp\www\tp\Application\Runtime\Cache\Admin\8eed6bb92403d43d1e94abecb9ebb26a.php 第 43 行.
NOTIC: [8] Undefined index: is_cod D:\wamp\www\tp\Application\Runtime\Cache\Admin\8eed6bb92403d43d1e94abecb9ebb26a.php 第 43 行.
NOTIC: [8] Use of undefined constant pay_status - assumed 'pay_status' D:\wamp\www\tp\Application\Runtime\Cache\Admin\8eed6bb92403d43d1e94abecb9ebb26a.php 第 44 行.
NOTIC: [8] Use of undefined constant shipping_status - assumed 'shipping_status' D:\wamp\www\tp\Application\Runtime\Cache\Admin\8eed6bb92403d43d1e94abecb9ebb26a.php 第 45 行.
NOTIC: [8] Use of undefined constant order_status - assumed 'order_status' D:\wamp\www\tp\Application\Runtime\Cache\Admin\8eed6bb92403d43d1e94abecb9ebb26a.php 第 43 行.
NOTIC: [8] Undefined index: is_cod D:\wamp\www\tp\Application\Runtime\Cache\Admin\8eed6bb92403d43d1e94abecb9ebb26a.php 第 43 行.
NOTIC: [8] Use of undefined constant pay_status - assumed 'pay_status' D:\wamp\www\tp\Application\Runtime\Cache\Admin\8eed6bb92403d43d1e94abecb9ebb26a.php 第 44 行.
NOTIC: [8] Use of undefined constant shipping_status - assumed 'shipping_status' D:\wamp\www\tp\Application\Runtime\Cache\Admin\8eed6bb92403d43d1e94abecb9ebb26a.php 第 45 行.
NOTIC: [8] Use of undefined constant order_status - assumed 'order_status' D:\wamp\www\tp\Application\Runtime\Cache\Admin\8eed6bb92403d43d1e94abecb9ebb26a.php 第 43 行.
NOTIC: [8] Undefined index: is_cod D:\wamp\www\tp\Application\Runtime\Cache\Admin\8eed6bb92403d43d1e94abecb9ebb26a.php 第 43 行.
NOTIC: [8] Use of undefined constant pay_status - assumed 'pay_status' D:\wamp\www\tp\Application\Runtime\Cache\Admin\8eed6bb92403d43d1e94abecb9ebb26a.php 第 44 行.
NOTIC: [8] Use of undefined constant shipping_status - assumed 'shipping_status' D:\wamp\www\tp\Application\Runtime\Cache\Admin\8eed6bb92403d43d1e94abecb9ebb26a.php 第 45 行.
NOTIC: [8] Use of undefined constant order_status - assumed 'order_status' D:\wamp\www\tp\Application\Runtime\Cache\Admin\8eed6bb92403d43d1e94abecb9ebb26a.php 第 43 行.
NOTIC: [8] Undefined index: is_cod D:\wamp\www\tp\Application\Runtime\Cache\Admin\8eed6bb92403d43d1e94abecb9ebb26a.php 第 43 行.
NOTIC: [8] Use of undefined constant pay_status - assumed 'pay_status' D:\wamp\www\tp\Application\Runtime\Cache\Admin\8eed6bb92403d43d1e94abecb9ebb26a.php 第 44 行.
NOTIC: [8] Use of undefined constant shipping_status - assumed 'shipping_status' D:\wamp\www\tp\Application\Runtime\Cache\Admin\8eed6bb92403d43d1e94abecb9ebb26a.php 第 45 行.
NOTIC: [8] Use of undefined constant order_status - assumed 'order_status' D:\wamp\www\tp\Application\Runtime\Cache\Admin\8eed6bb92403d43d1e94abecb9ebb26a.php 第 43 行.
NOTIC: [8] Undefined index: is_cod D:\wamp\www\tp\Application\Runtime\Cache\Admin\8eed6bb92403d43d1e94abecb9ebb26a.php 第 43 行.
NOTIC: [8] Use of undefined constant pay_status - assumed 'pay_status' D:\wamp\www\tp\Application\Runtime\Cache\Admin\8eed6bb92403d43d1e94abecb9ebb26a.php 第 44 行.
NOTIC: [8] Use of undefined constant shipping_status - assumed 'shipping_status' D:\wamp\www\tp\Application\Runtime\Cache\Admin\8eed6bb92403d43d1e94abecb9ebb26a.php 第 45 行.
NOTIC: [8] Use of undefined constant order_status - assumed 'order_status' D:\wamp\www\tp\Application\Runtime\Cache\Admin\8eed6bb92403d43d1e94abecb9ebb26a.php 第 43 行.
NOTIC: [8] Undefined index: is_cod D:\wamp\www\tp\Application\Runtime\Cache\Admin\8eed6bb92403d43d1e94abecb9ebb26a.php 第 43 行.
NOTIC: [8] Use of undefined constant pay_status - assumed 'pay_status' D:\wamp\www\tp\Application\Runtime\Cache\Admin\8eed6bb92403d43d1e94abecb9ebb26a.php 第 44 行.
NOTIC: [8] Use of undefined constant shipping_status - assumed 'shipping_status' D:\wamp\www\tp\Application\Runtime\Cache\Admin\8eed6bb92403d43d1e94abecb9ebb26a.php 第 45 行.
NOTIC: [8] Use of undefined constant order_status - assumed 'order_status' D:\wamp\www\tp\Application\Runtime\Cache\Admin\8eed6bb92403d43d1e94abecb9ebb26a.php 第 43 行.
NOTIC: [8] Undefined index: is_cod D:\wamp\www\tp\Application\Runtime\Cache\Admin\8eed6bb92403d43d1e94abecb9ebb26a.php 第 43 行.
NOTIC: [8] Use of undefined constant pay_status - assumed 'pay_status' D:\wamp\www\tp\Application\Runtime\Cache\Admin\8eed6bb92403d43d1e94abecb9ebb26a.php 第 44 行.
NOTIC: [8] Use of undefined constant shipping_status - assumed 'shipping_status' D:\wamp\www\tp\Application\Runtime\Cache\Admin\8eed6bb92403d43d1e94abecb9ebb26a.php 第 45 行.
NOTIC: [8] Use of undefined constant order_status - assumed 'order_status' D:\wamp\www\tp\Application\Runtime\Cache\Admin\8eed6bb92403d43d1e94abecb9ebb26a.php 第 43 行.
NOTIC: [8] Undefined index: is_cod D:\wamp\www\tp\Application\Runtime\Cache\Admin\8eed6bb92403d43d1e94abecb9ebb26a.php 第 43 行.
NOTIC: [8] Use of undefined constant pay_status - assumed 'pay_status' D:\wamp\www\tp\Application\Runtime\Cache\Admin\8eed6bb92403d43d1e94abecb9ebb26a.php 第 44 行.
NOTIC: [8] Use of undefined constant shipping_status - assumed 'shipping_status' D:\wamp\www\tp\Application\Runtime\Cache\Admin\8eed6bb92403d43d1e94abecb9ebb26a.php 第 45 行.
NOTIC: [8] Use of undefined constant order_status - assumed 'order_status' D:\wamp\www\tp\Application\Runtime\Cache\Admin\8eed6bb92403d43d1e94abecb9ebb26a.php 第 43 行.
NOTIC: [8] Undefined index: is_cod D:\wamp\www\tp\Application\Runtime\Cache\Admin\8eed6bb92403d43d1e94abecb9ebb26a.php 第 43 行.
NOTIC: [8] Use of undefined constant pay_status - assumed 'pay_status' D:\wamp\www\tp\Application\Runtime\Cache\Admin\8eed6bb92403d43d1e94abecb9ebb26a.php 第 44 行.
NOTIC: [8] Use of undefined constant shipping_status - assumed 'shipping_status' D:\wamp\www\tp\Application\Runtime\Cache\Admin\8eed6bb92403d43d1e94abecb9ebb26a.php 第 45 行.
NOTIC: [8] Use of undefined constant order_status - assumed 'order_status' D:\wamp\www\tp\Application\Runtime\Cache\Admin\8eed6bb92403d43d1e94abecb9ebb26a.php 第 43 行.
NOTIC: [8] Undefined index: is_cod D:\wamp\www\tp\Application\Runtime\Cache\Admin\8eed6bb92403d43d1e94abecb9ebb26a.php 第 43 行.
NOTIC: [8] Use of undefined constant pay_status - assumed 'pay_status' D:\wamp\www\tp\Application\Runtime\Cache\Admin\8eed6bb92403d43d1e94abecb9ebb26a.php 第 44 行.
NOTIC: [8] Use of undefined constant shipping_status - assumed 'shipping_status' D:\wamp\www\tp\Application\Runtime\Cache\Admin\8eed6bb92403d43d1e94abecb9ebb26a.php 第 45 行.
NOTIC: [8] Use of undefined constant order_status - assumed 'order_status' D:\wamp\www\tp\Application\Runtime\Cache\Admin\8eed6bb92403d43d1e94abecb9ebb26a.php 第 43 行.
NOTIC: [8] Undefined index: is_cod D:\wamp\www\tp\Application\Runtime\Cache\Admin\8eed6bb92403d43d1e94abecb9ebb26a.php 第 43 行.
NOTIC: [8] Use of undefined constant pay_status - assumed 'pay_status' D:\wamp\www\tp\Application\Runtime\Cache\Admin\8eed6bb92403d43d1e94abecb9ebb26a.php 第 44 行.
NOTIC: [8] Use of undefined constant shipping_status - assumed 'shipping_status' D:\wamp\www\tp\Application\Runtime\Cache\Admin\8eed6bb92403d43d1e94abecb9ebb26a.php 第 45 行.
NOTIC: [8] Use of undefined constant order_status - assumed 'order_status' D:\wamp\www\tp\Application\Runtime\Cache\Admin\8eed6bb92403d43d1e94abecb9ebb26a.php 第 43 行.
NOTIC: [8] Undefined index: is_cod D:\wamp\www\tp\Application\Runtime\Cache\Admin\8eed6bb92403d43d1e94abecb9ebb26a.php 第 43 行.
NOTIC: [8] Use of undefined constant pay_status - assumed 'pay_status' D:\wamp\www\tp\Application\Runtime\Cache\Admin\8eed6bb92403d43d1e94abecb9ebb26a.php 第 44 行.
NOTIC: [8] Use of undefined constant shipping_status - assumed 'shipping_status' D:\wamp\www\tp\Application\Runtime\Cache\Admin\8eed6bb92403d43d1e94abecb9ebb26a.php 第 45 行.
NOTIC: [8] Use of undefined constant order_status - assumed 'order_status' D:\wamp\www\tp\Application\Runtime\Cache\Admin\8eed6bb92403d43d1e94abecb9ebb26a.php 第 43 行.
NOTIC: [8] Undefined index: is_cod D:\wamp\www\tp\Application\Runtime\Cache\Admin\8eed6bb92403d43d1e94abecb9ebb26a.php 第 43 行.
NOTIC: [8] Use of undefined constant pay_status - assumed 'pay_status' D:\wamp\www\tp\Application\Runtime\Cache\Admin\8eed6bb92403d43d1e94abecb9ebb26a.php 第 44 行.
NOTIC: [8] Use of undefined constant shipping_status - assumed 'shipping_status' D:\wamp\www\tp\Application\Runtime\Cache\Admin\8eed6bb92403d43d1e94abecb9ebb26a.php 第 45 行.
NOTIC: [8] Use of undefined constant order_status - assumed 'order_status' D:\wamp\www\tp\Application\Runtime\Cache\Admin\8eed6bb92403d43d1e94abecb9ebb26a.php 第 43 行.
NOTIC: [8] Undefined index: is_cod D:\wamp\www\tp\Application\Runtime\Cache\Admin\8eed6bb92403d43d1e94abecb9ebb26a.php 第 43 行.
NOTIC: [8] Use of undefined constant pay_status - assumed 'pay_status' D:\wamp\www\tp\Application\Runtime\Cache\Admin\8eed6bb92403d43d1e94abecb9ebb26a.php 第 44 行.
NOTIC: [8] Use of undefined constant shipping_status - assumed 'shipping_status' D:\wamp\www\tp\Application\Runtime\Cache\Admin\8eed6bb92403d43d1e94abecb9ebb26a.php 第 45 行.
NOTIC: [8] Use of undefined constant order_status - assumed 'order_status' D:\wamp\www\tp\Application\Runtime\Cache\Admin\8eed6bb92403d43d1e94abecb9ebb26a.php 第 43 行.
NOTIC: [8] Undefined index: is_cod D:\wamp\www\tp\Application\Runtime\Cache\Admin\8eed6bb92403d43d1e94abecb9ebb26a.php 第 43 行.
NOTIC: [8] Use of undefined constant pay_status - assumed 'pay_status' D:\wamp\www\tp\Application\Runtime\Cache\Admin\8eed6bb92403d43d1e94abecb9ebb26a.php 第 44 行.
NOTIC: [8] Use of undefined constant shipping_status - assumed 'shipping_status' D:\wamp\www\tp\Application\Runtime\Cache\Admin\8eed6bb92403d43d1e94abecb9ebb26a.php 第 45 行.
NOTIC: [8] Use of undefined constant order_status - assumed 'order_status' D:\wamp\www\tp\Application\Runtime\Cache\Admin\8eed6bb92403d43d1e94abecb9ebb26a.php 第 43 行.
NOTIC: [8] Undefined index: is_cod D:\wamp\www\tp\Application\Runtime\Cache\Admin\8eed6bb92403d43d1e94abecb9ebb26a.php 第 43 行.
NOTIC: [8] Use of undefined constant pay_status - assumed 'pay_status' D:\wamp\www\tp\Application\Runtime\Cache\Admin\8eed6bb92403d43d1e94abecb9ebb26a.php 第 44 行.
NOTIC: [8] Use of undefined constant shipping_status - assumed 'shipping_status' D:\wamp\www\tp\Application\Runtime\Cache\Admin\8eed6bb92403d43d1e94abecb9ebb26a.php 第 45 行.
INFO: Run Behavior\ParseTemplateBehavior [ RunTime:0.073065s ]
INFO: [ view_parse ] --END-- [ RunTime:0.073586s ]
INFO: [ view_filter ] --START--
INFO: Run Behavior\WriteHtmlCacheBehavior [ RunTime:0.000745s ]
INFO: Run Behavior\TokenBuildBehavior [ RunTime:0.000720s ]
INFO: [ view_filter ] --END-- [ RunTime:0.002264s ]
INFO: [ app_end ] --START--
INFO: Run Behavior\ShowPageTraceBehavior [ RunTime:0.000799s ]
INFO: [ app_end ] --END-- [ RunTime:0.001324s ]

[ 2017-07-28T13:14:27+08:00 ] 127.0.0.1 /index.php/Admin/Order/delivery_list
INFO: [ app_init ] --START--
INFO: Run Behavior\BuildLiteBehavior [ RunTime:0.000128s ]
INFO: [ app_init ] --END-- [ RunTime:0.001147s ]
INFO: [ app_begin ] --START--
INFO: Run Behavior\ReadHtmlCacheBehavior [ RunTime:0.000840s ]
INFO: [ app_begin ] --END-- [ RunTime:0.001521s ]
INFO: [ view_begin ] --START--
INFO: Run Home\Behaviors\testBehavior [ RunTime:0.001260s ]
INFO: [ view_begin ] --END-- [ RunTime:0.002267s ]
INFO: [ view_parse ] --START--
INFO: [ template_filter ] --START--
INFO: Run Behavior\ContentReplaceBehavior [ RunTime:0.000286s ]
INFO: [ template_filter ] --END-- [ RunTime:0.000956s ]
INFO: Run Behavior\ParseTemplateBehavior [ RunTime:0.046165s ]
INFO: [ view_parse ] --END-- [ RunTime:0.047034s ]
INFO: [ view_filter ] --START--
INFO: Run Behavior\WriteHtmlCacheBehavior [ RunTime:0.000761s ]
INFO: Run Behavior\TokenBuildBehavior [ RunTime:0.000703s ]
INFO: [ view_filter ] --END-- [ RunTime:0.002467s ]
INFO: [ app_end ] --START--
INFO: Run Behavior\ShowPageTraceBehavior [ RunTime:0.000801s ]
INFO: [ app_end ] --END-- [ RunTime:0.001454s ]

[ 2017-07-28T13:14:27+08:00 ] 127.0.0.1 /index.php/Admin/order/ajaxdelivery/p/1
INFO: [ app_init ] --START--
INFO: Run Behavior\BuildLiteBehavior [ RunTime:0.000132s ]
INFO: [ app_init ] --END-- [ RunTime:0.001623s ]
INFO: [ app_begin ] --START--
INFO: Run Behavior\ReadHtmlCacheBehavior [ RunTime:0.000742s ]
INFO: [ app_begin ] --END-- [ RunTime:0.001300s ]
NOTIC: [8] Undefined index: ajaxdelivery D:\wamp\www\tp\Application\Admin\Common\function.php 第 69 行.
NOTIC: [2] urlencode() expects parameter 1 to be string, array given D:\wamp\www\tp\Application\Admin\Controller\OrderController.class.php 第 101 行.
NOTIC: [2] urlencode() expects parameter 1 to be string, array given D:\wamp\www\tp\Application\Admin\Controller\OrderController.class.php 第 101 行.
INFO: [ view_begin ] --START--
INFO: Run Home\Behaviors\testBehavior [ RunTime:0.001162s ]
INFO: [ view_begin ] --END-- [ RunTime:0.001694s ]
INFO: [ view_parse ] --START--
INFO: [ template_filter ] --START--
INFO: Run Behavior\ContentReplaceBehavior [ RunTime:0.000275s ]
INFO: [ template_filter ] --END-- [ RunTime:0.000792s ]
NOTIC: [8] Use of undefined constant pay_time - assumed 'pay_time' D:\wamp\www\tp\Application\Runtime\Cache\Admin\46d890efdbb054ab97ffea3acb18076f.php 第 46 行.
NOTIC: [8] Use of undefined constant pay_time - assumed 'pay_time' D:\wamp\www\tp\Application\Runtime\Cache\Admin\46d890efdbb054ab97ffea3acb18076f.php 第 46 行.
INFO: Run Behavior\ParseTemplateBehavior [ RunTime:0.054631s ]
INFO: [ view_parse ] --END-- [ RunTime:0.055145s ]
INFO: [ view_filter ] --START--
INFO: Run Behavior\WriteHtmlCacheBehavior [ RunTime:0.000789s ]
INFO: Run Behavior\TokenBuildBehavior [ RunTime:0.000731s ]
INFO: [ view_filter ] --END-- [ RunTime:0.002389s ]
INFO: [ app_end ] --START--
INFO: Run Behavior\ShowPageTraceBehavior [ RunTime:0.000861s ]
INFO: [ app_end ] --END-- [ RunTime:0.001392s ]

[ 2017-07-28T13:14:29+08:00 ] 127.0.0.1 /index.php/Admin/Order/delivery_total_print
INFO: [ app_init ] --START--
INFO: Run Behavior\BuildLiteBehavior [ RunTime:0.000128s ]
INFO: [ app_init ] --END-- [ RunTime:0.001339s ]
INFO: [ app_begin ] --START--
INFO: Run Behavior\ReadHtmlCacheBehavior [ RunTime:0.001082s ]
INFO: [ app_begin ] --END-- [ RunTime:0.001775s ]
NOTIC: [8] Undefined index: delivery_total_print D:\wamp\www\tp\Application\Admin\Common\function.php 第 69 行.
INFO: [ view_begin ] --START--
INFO: Run Home\Behaviors\testBehavior [ RunTime:0.001082s ]
INFO: [ view_begin ] --END-- [ RunTime:0.001738s ]
INFO: [ view_parse ] --START--
INFO: [ template_filter ] --START--
INFO: Run Behavior\ContentReplaceBehavior [ RunTime:0.000367s ]
INFO: [ template_filter ] --END-- [ RunTime:0.001399s ]
NOTIC: [8] Use of undefined constant user_id - assumed 'user_id' D:\wamp\www\tp\Application\Runtime\Cache\Admin\45dcf26768c7215aac1a5bb0b99de41f.php 第 190 行.
NOTIC: [8] Undefined index: user_id D:\wamp\www\tp\Application\Runtime\Cache\Admin\45dcf26768c7215aac1a5bb0b99de41f.php 第 190 行.
INFO: Run Behavior\ParseTemplateBehavior [ RunTime:0.041233s ]
INFO: [ view_parse ] --END-- [ RunTime:0.041996s ]
INFO: [ view_filter ] --START--
INFO: Run Behavior\WriteHtmlCacheBehavior [ RunTime:0.000766s ]
INFO: Run Behavior\TokenBuildBehavior [ RunTime:0.000972s ]
INFO: [ view_filter ] --END-- [ RunTime:0.002841s ]
INFO: [ app_end ] --START--
INFO: Run Behavior\ShowPageTraceBehavior [ RunTime:0.000842s ]
INFO: [ app_end ] --END-- [ RunTime:0.001509s ]

[ 2017-07-28T13:14:29+08:00 ] 127.0.0.1 /index.php/Admin/order/ajaxdeliverytotalprint/p/1
INFO: [ app_init ] --START--
INFO: Run Behavior\BuildLiteBehavior [ RunTime:0.000133s ]
INFO: [ app_init ] --END-- [ RunTime:0.001241s ]
INFO: [ app_begin ] --START--
INFO: Run Behavior\ReadHtmlCacheBehavior [ RunTime:0.001022s ]
INFO: [ app_begin ] --END-- [ RunTime:0.001588s ]
NOTIC: [8] Undefined index: ajaxdeliverytotalprint D:\wamp\www\tp\Application\Admin\Common\function.php 第 69 行.
INFO: [ view_begin ] --START--
INFO: Run Home\Behaviors\testBehavior [ RunTime:0.001187s ]
INFO: [ view_begin ] --END-- [ RunTime:0.001728s ]
INFO: [ view_parse ] --START--
INFO: [ template_filter ] --START--
INFO: Run Behavior\ContentReplaceBehavior [ RunTime:0.000265s ]
INFO: [ template_filter ] --END-- [ RunTime:0.000810s ]
INFO: Run Behavior\ParseTemplateBehavior [ RunTime:0.040828s ]
INFO: [ view_parse ] --END-- [ RunTime:0.041401s ]
INFO: [ view_filter ] --START--
INFO: Run Behavior\WriteHtmlCacheBehavior [ RunTime:0.000731s ]
INFO: Run Behavior\TokenBuildBehavior [ RunTime:0.000707s ]
INFO: [ view_filter ] --END-- [ RunTime:0.002273s ]
INFO: [ app_end ] --START--
INFO: Run Behavior\ShowPageTraceBehavior [ RunTime:0.000827s ]
INFO: [ app_end ] --END-- [ RunTime:0.001353s ]

[ 2017-07-28T13:14:31+08:00 ] 127.0.0.1 /index.php/Admin/order/ajaxdeliverytotalprint/p/1
INFO: [ app_init ] --START--
INFO: Run Behavior\BuildLiteBehavior [ RunTime:0.000218s ]
INFO: [ app_init ] --END-- [ RunTime:0.001985s ]
INFO: [ app_begin ] --START--
INFO: Run Behavior\ReadHtmlCacheBehavior [ RunTime:0.000900s ]
INFO: [ app_begin ] --END-- [ RunTime:0.001546s ]
NOTIC: [8] Undefined index: ajaxdeliverytotalprint D:\wamp\www\tp\Application\Admin\Common\function.php 第 69 行.
INFO: [ view_begin ] --START--
INFO: Run Home\Behaviors\testBehavior [ RunTime:0.001146s ]
INFO: [ view_begin ] --END-- [ RunTime:0.001679s ]
INFO: [ view_parse ] --START--
INFO: [ template_filter ] --START--
INFO: Run Behavior\ContentReplaceBehavior [ RunTime:0.000277s ]
INFO: [ template_filter ] --END-- [ RunTime:0.000804s ]
INFO: Run Behavior\ParseTemplateBehavior [ RunTime:0.020191s ]
INFO: [ view_parse ] --END-- [ RunTime:0.020715s ]
INFO: [ view_filter ] --START--
INFO: Run Behavior\WriteHtmlCacheBehavior [ RunTime:0.000658s ]
INFO: Run Behavior\TokenBuildBehavior [ RunTime:0.000711s ]
INFO: [ view_filter ] --END-- [ RunTime:0.002197s ]
INFO: [ app_end ] --START--
INFO: Run Behavior\ShowPageTraceBehavior [ RunTime:0.000717s ]
INFO: [ app_end ] --END-- [ RunTime:0.001229s ]

[ 2017-07-28T13:14:39+08:00 ] 127.0.0.1 /index.php/Admin/order/ajaxdeliverytotalprint/p/1
INFO: [ app_init ] --START--
INFO: Run Behavior\BuildLiteBehavior [ RunTime:0.000129s ]
INFO: [ app_init ] --END-- [ RunTime:0.001185s ]
INFO: [ app_begin ] --START--
INFO: Run Behavior\ReadHtmlCacheBehavior [ RunTime:0.000845s ]
INFO: [ app_begin ] --END-- [ RunTime:0.001392s ]
NOTIC: [8] Undefined index: ajaxdeliverytotalprint D:\wamp\www\tp\Application\Admin\Common\function.php 第 69 行.
INFO: [ view_begin ] --START--
INFO: Run Home\Behaviors\testBehavior [ RunTime:0.001176s ]
INFO: [ view_begin ] --END-- [ RunTime:0.001711s ]
INFO: [ view_parse ] --START--
INFO: [ template_filter ] --START--
INFO: Run Behavior\ContentReplaceBehavior [ RunTime:0.000269s ]
INFO: [ template_filter ] --END-- [ RunTime:0.000817s ]
INFO: Run Behavior\ParseTemplateBehavior [ RunTime:0.023419s ]
INFO: [ view_parse ] --END-- [ RunTime:0.024132s ]
INFO: [ view_filter ] --START--
INFO: Run Behavior\WriteHtmlCacheBehavior [ RunTime:0.000685s ]
INFO: Run Behavior\TokenBuildBehavior [ RunTime:0.000784s ]
INFO: [ view_filter ] --END-- [ RunTime:0.002320s ]
INFO: [ app_end ] --START--
INFO: Run Behavior\ShowPageTraceBehavior [ RunTime:0.000733s ]
INFO: [ app_end ] --END-- [ RunTime:0.001237s ]

[ 2017-07-28T13:17:30+08:00 ] 127.0.0.1 /index.php/Admin/Plugin/index
INFO: [ app_init ] --START--
INFO: Run Behavior\BuildLiteBehavior [ RunTime:0.000130s ]
INFO: [ app_init ] --END-- [ RunTime:0.001170s ]
INFO: [ app_begin ] --START--
INFO: Run Behavior\ReadHtmlCacheBehavior [ RunTime:0.000813s ]
INFO: [ app_begin ] --END-- [ RunTime:0.001471s ]
INFO: [ view_begin ] --START--
INFO: Run Home\Behaviors\testBehavior [ RunTime:0.001259s ]
INFO: [ view_begin ] --END-- [ RunTime:0.001929s ]
INFO: [ view_parse ] --START--
INFO: [ template_filter ] --START--
INFO: Run Behavior\ContentReplaceBehavior [ RunTime:0.000319s ]
INFO: [ template_filter ] --END-- [ RunTime:0.001003s ]
INFO: Run Behavior\ParseTemplateBehavior [ RunTime:0.089552s ]
INFO: [ view_parse ] --END-- [ RunTime:0.090212s ]
INFO: [ view_filter ] --START--
INFO: Run Behavior\WriteHtmlCacheBehavior [ RunTime:0.000754s ]
INFO: Run Behavior\TokenBuildBehavior [ RunTime:0.001550s ]
INFO: [ view_filter ] --END-- [ RunTime:0.003301s ]
INFO: [ app_end ] --START--
INFO: Run Behavior\ShowPageTraceBehavior [ RunTime:0.000844s ]
INFO: [ app_end ] --END-- [ RunTime:0.001499s ]

[ 2017-07-28T13:29:06+08:00 ] 127.0.0.1 /index.php/Admin/Order/delivery_total_print
INFO: [ app_init ] --START--
INFO: Run Behavior\BuildLiteBehavior [ RunTime:0.000127s ]
INFO: [ app_init ] --END-- [ RunTime:0.001206s ]
INFO: [ app_begin ] --START--
INFO: Run Behavior\ReadHtmlCacheBehavior [ RunTime:0.001205s ]
INFO: [ app_begin ] --END-- [ RunTime:0.002095s ]
NOTIC: [8] Undefined index: delivery_total_print D:\wamp\www\tp\Application\Admin\Common\function.php 第 69 行.
INFO: [ view_begin ] --START--
INFO: Run Home\Behaviors\testBehavior [ RunTime:0.001327s ]
INFO: [ view_begin ] --END-- [ RunTime:0.002098s ]
INFO: [ view_parse ] --START--
INFO: [ template_filter ] --START--
INFO: Run Behavior\ContentReplaceBehavior [ RunTime:0.000298s ]
INFO: [ template_filter ] --END-- [ RunTime:0.000968s ]
NOTIC: [8] Use of undefined constant user_id - assumed 'user_id' D:\wamp\www\tp\Application\Runtime\Cache\Admin\45dcf26768c7215aac1a5bb0b99de41f.php 第 190 行.
NOTIC: [8] Undefined index: user_id D:\wamp\www\tp\Application\Runtime\Cache\Admin\45dcf26768c7215aac1a5bb0b99de41f.php 第 190 行.
INFO: Run Behavior\ParseTemplateBehavior [ RunTime:0.030834s ]
INFO: [ view_parse ] --END-- [ RunTime:0.031526s ]
INFO: [ view_filter ] --START--
INFO: Run Behavior\WriteHtmlCacheBehavior [ RunTime:0.000674s ]
INFO: Run Behavior\TokenBuildBehavior [ RunTime:0.000834s ]
INFO: [ view_filter ] --END-- [ RunTime:0.002515s ]
INFO: [ app_end ] --START--
INFO: Run Behavior\ShowPageTraceBehavior [ RunTime:0.000818s ]
INFO: [ app_end ] --END-- [ RunTime:0.001773s ]

[ 2017-07-28T13:29:06+08:00 ] 127.0.0.1 /index.php/Admin/order/ajaxdeliverytotalprint/p/1
INFO: [ app_init ] --START--
INFO: Run Behavior\BuildLiteBehavior [ RunTime:0.000195s ]
INFO: [ app_init ] --END-- [ RunTime:0.002001s ]
INFO: [ app_begin ] --START--
INFO: Run Behavior\ReadHtmlCacheBehavior [ RunTime:0.000809s ]
INFO: [ app_begin ] --END-- [ RunTime:0.001354s ]
NOTIC: [8] Undefined index: ajaxdeliverytotalprint D:\wamp\www\tp\Application\Admin\Common\function.php 第 69 行.
INFO: [ view_begin ] --START--
INFO: Run Home\Behaviors\testBehavior [ RunTime:0.001380s ]
INFO: [ view_begin ] --END-- [ RunTime:0.001966s ]
INFO: [ view_parse ] --START--
INFO: [ template_filter ] --START--
INFO: Run Behavior\ContentReplaceBehavior [ RunTime:0.000266s ]
INFO: [ template_filter ] --END-- [ RunTime:0.000795s ]
INFO: Run Behavior\ParseTemplateBehavior [ RunTime:0.021793s ]
INFO: [ view_parse ] --END-- [ RunTime:0.022332s ]
INFO: [ view_filter ] --START--
INFO: Run Behavior\WriteHtmlCacheBehavior [ RunTime:0.001028s ]
INFO: Run Behavior\TokenBuildBehavior [ RunTime:0.001120s ]
INFO: [ view_filter ] --END-- [ RunTime:0.003319s ]
INFO: [ app_end ] --START--
INFO: Run Behavior\ShowPageTraceBehavior [ RunTime:0.000846s ]
INFO: [ app_end ] --END-- [ RunTime:0.001445s ]

[ 2017-07-28T13:32:25+08:00 ] 127.0.0.1 /index.php/Admin/Order/delivery_total_print
INFO: [ app_init ] --START--
INFO: Run Behavior\BuildLiteBehavior [ RunTime:0.000294s ]
INFO: [ app_init ] --END-- [ RunTime:0.001535s ]
INFO: [ app_begin ] --START--
INFO: Run Behavior\ReadHtmlCacheBehavior [ RunTime:0.000863s ]
INFO: [ app_begin ] --END-- [ RunTime:0.001559s ]
NOTIC: [8] Undefined index: delivery_total_print D:\wamp\www\tp\Application\Admin\Common\function.php 第 69 行.
INFO: [ view_begin ] --START--
INFO: Run Home\Behaviors\testBehavior [ RunTime:0.001290s ]
INFO: [ view_begin ] --END-- [ RunTime:0.001975s ]
INFO: [ view_parse ] --START--
INFO: [ template_filter ] --START--
INFO: Run Behavior\ContentReplaceBehavior [ RunTime:0.000297s ]
INFO: [ template_filter ] --END-- [ RunTime:0.000996s ]
NOTIC: [8] Use of undefined constant user_id - assumed 'user_id' D:\wamp\www\tp\Application\Runtime\Cache\Admin\45dcf26768c7215aac1a5bb0b99de41f.php 第 190 行.
NOTIC: [8] Undefined index: user_id D:\wamp\www\tp\Application\Runtime\Cache\Admin\45dcf26768c7215aac1a5bb0b99de41f.php 第 190 行.
INFO: Run Behavior\ParseTemplateBehavior [ RunTime:0.031813s ]
INFO: [ view_parse ] --END-- [ RunTime:0.032557s ]
INFO: [ view_filter ] --START--
INFO: Run Behavior\WriteHtmlCacheBehavior [ RunTime:0.000721s ]
INFO: Run Behavior\TokenBuildBehavior [ RunTime:0.001059s ]
INFO: [ view_filter ] --END-- [ RunTime:0.002803s ]
INFO: [ app_end ] --START--
INFO: Run Behavior\ShowPageTraceBehavior [ RunTime:0.000899s ]
INFO: [ app_end ] --END-- [ RunTime:0.001553s ]

[ 2017-07-28T13:32:25+08:00 ] 127.0.0.1 /index.php/Admin/order/ajaxdeliverytotalprint/p/1
INFO: [ app_init ] --START--
INFO: Run Behavior\BuildLiteBehavior [ RunTime:0.000125s ]
INFO: [ app_init ] --END-- [ RunTime:0.001122s ]
INFO: [ app_begin ] --START--
INFO: Run Behavior\ReadHtmlCacheBehavior [ RunTime:0.000804s ]
INFO: [ app_begin ] --END-- [ RunTime:0.001329s ]
NOTIC: [8] Undefined index: ajaxdeliverytotalprint D:\wamp\www\tp\Application\Admin\Common\function.php 第 69 行.
INFO: [ view_begin ] --START--
INFO: Run Home\Behaviors\testBehavior [ RunTime:0.001226s ]
INFO: [ view_begin ] --END-- [ RunTime:0.001756s ]
INFO: [ view_parse ] --START--
INFO: [ template_filter ] --START--
INFO: Run Behavior\ContentReplaceBehavior [ RunTime:0.000265s ]
INFO: [ template_filter ] --END-- [ RunTime:0.000809s ]
INFO: Run Behavior\ParseTemplateBehavior [ RunTime:0.020882s ]
INFO: [ view_parse ] --END-- [ RunTime:0.021412s ]
INFO: [ view_filter ] --START--
INFO: Run Behavior\WriteHtmlCacheBehavior [ RunTime:0.000675s ]
INFO: Run Behavior\TokenBuildBehavior [ RunTime:0.000717s ]
INFO: [ view_filter ] --END-- [ RunTime:0.002212s ]
INFO: [ app_end ] --START--
INFO: Run Behavior\ShowPageTraceBehavior [ RunTime:0.000744s ]
INFO: [ app_end ] --END-- [ RunTime:0.001262s ]

[ 2017-07-28T13:35:45+08:00 ] 127.0.0.1 /index.php/Admin/Order/delivery_total_print
INFO: [ app_init ] --START--
INFO: Run Behavior\BuildLiteBehavior [ RunTime:0.000125s ]
INFO: [ app_init ] --END-- [ RunTime:0.001128s ]
INFO: [ app_begin ] --START--
INFO: Run Behavior\ReadHtmlCacheBehavior [ RunTime:0.000845s ]
INFO: [ app_begin ] --END-- [ RunTime:0.001516s ]
NOTIC: [8] Undefined index: delivery_total_print D:\wamp\www\tp\Application\Admin\Common\function.php 第 69 行.
INFO: [ view_begin ] --START--
INFO: Run Home\Behaviors\testBehavior [ RunTime:0.001307s ]
INFO: [ view_begin ] --END-- [ RunTime:0.001973s ]
INFO: [ view_parse ] --START--
INFO: [ template_filter ] --START--
INFO: Run Behavior\ContentReplaceBehavior [ RunTime:0.000308s ]
INFO: [ template_filter ] --END-- [ RunTime:0.001003s ]
NOTIC: [8] Use of undefined constant user_id - assumed 'user_id' D:\wamp\www\tp\Application\Runtime\Cache\Admin\45dcf26768c7215aac1a5bb0b99de41f.php 第 190 行.
NOTIC: [8] Undefined index: user_id D:\wamp\www\tp\Application\Runtime\Cache\Admin\45dcf26768c7215aac1a5bb0b99de41f.php 第 190 行.
INFO: Run Behavior\ParseTemplateBehavior [ RunTime:0.029692s ]
INFO: [ view_parse ] --END-- [ RunTime:0.030401s ]
INFO: [ view_filter ] --START--
INFO: Run Behavior\WriteHtmlCacheBehavior [ RunTime:0.000795s ]
INFO: Run Behavior\TokenBuildBehavior [ RunTime:0.000833s ]
INFO: [ view_filter ] --END-- [ RunTime:0.002640s ]
INFO: [ app_end ] --START--
INFO: Run Behavior\ShowPageTraceBehavior [ RunTime:0.001414s ]
INFO: [ app_end ] --END-- [ RunTime:0.002347s ]

[ 2017-07-28T13:35:45+08:00 ] 127.0.0.1 /index.php/Admin/order/ajaxdeliverytotalprint/p/1
INFO: [ app_init ] --START--
INFO: Run Behavior\BuildLiteBehavior [ RunTime:0.000132s ]
INFO: [ app_init ] --END-- [ RunTime:0.001216s ]
INFO: [ app_begin ] --START--
INFO: Run Behavior\ReadHtmlCacheBehavior [ RunTime:0.000808s ]
INFO: [ app_begin ] --END-- [ RunTime:0.001337s ]
NOTIC: [8] Undefined index: ajaxdeliverytotalprint D:\wamp\www\tp\Application\Admin\Common\function.php 第 69 行.
INFO: [ view_begin ] --START--
INFO: Run Home\Behaviors\testBehavior [ RunTime:0.001239s ]
INFO: [ view_begin ] --END-- [ RunTime:0.001783s ]
INFO: [ view_parse ] --START--
INFO: [ template_filter ] --START--
INFO: Run Behavior\ContentReplaceBehavior [ RunTime:0.000259s ]
INFO: [ template_filter ] --END-- [ RunTime:0.000786s ]
INFO: Run Behavior\ParseTemplateBehavior [ RunTime:0.022099s ]
INFO: [ view_parse ] --END-- [ RunTime:0.022712s ]
INFO: [ view_filter ] --START--
INFO: Run Behavior\WriteHtmlCacheBehavior [ RunTime:0.000930s ]
INFO: Run Behavior\TokenBuildBehavior [ RunTime:0.001428s ]
INFO: [ view_filter ] --END-- [ RunTime:0.003550s ]
INFO: [ app_end ] --START--
INFO: Run Behavior\ShowPageTraceBehavior [ RunTime:0.001134s ]
INFO: [ app_end ] --END-- [ RunTime:0.001781s ]

