[ 2017-07-13T08:41:22+08:00 ] 127.0.0.1 /index.php/Admin/System/cleanCache
INFO: [ app_init ] --START--
INFO: Run Behavior\BuildLiteBehavior [ RunTime:0.000127s ]
INFO: [ app_init ] --END-- [ RunTime:0.001652s ]
INFO: [ app_begin ] --START--
INFO: Run Behavior\ReadHtmlCacheBehavior [ RunTime:0.000775s ]
INFO: [ app_begin ] --END-- [ RunTime:0.001433s ]
NOTIC: [8] Undefined index: cleanCache D:\wamp\www\tp\Application\Admin\Common\function.php 第 69 行.
INFO: [ view_begin ] --START--
INFO: Run Home\Behaviors\testBehavior [ RunTime:0.001875s ]
INFO: [ view_begin ] --END-- [ RunTime:0.002570s ]
INFO: [ view_parse ] --START--
INFO: [ template_filter ] --START--
INFO: Run Behavior\ContentReplaceBehavior [ RunTime:0.000269s ]
INFO: [ template_filter ] --END-- [ RunTime:0.000931s ]
INFO: Run Behavior\ParseTemplateBehavior [ RunTime:0.013810s ]
INFO: [ view_parse ] --END-- [ RunTime:0.014487s ]
INFO: [ view_filter ] --START--
INFO: Run Behavior\WriteHtmlCacheBehavior [ RunTime:0.000794s ]
INFO: Run Behavior\TokenBuildBehavior [ RunTime:0.001058s ]
INFO: [ view_filter ] --END-- [ RunTime:0.002883s ]

[ 2017-07-13T08:41:23+08:00 ] 127.0.0.1 /index.php/Admin/System/cleanCache
INFO: [ app_init ] --START--
INFO: Run Behavior\BuildLiteBehavior [ RunTime:0.000129s ]
INFO: [ app_init ] --END-- [ RunTime:0.001234s ]
INFO: [ app_begin ] --START--
INFO: Run Behavior\ReadHtmlCacheBehavior [ RunTime:0.000844s ]
INFO: [ app_begin ] --END-- [ RunTime:0.001521s ]
NOTIC: [8] Undefined index: cleanCache D:\wamp\www\tp\Application\Admin\Common\function.php 第 69 行.
INFO: [ view_begin ] --START--
INFO: Run Home\Behaviors\testBehavior [ RunTime:0.000906s ]
INFO: [ view_begin ] --END-- [ RunTime:0.001568s ]
INFO: [ view_parse ] --START--
INFO: [ template_filter ] --START--
INFO: Run Behavior\ContentReplaceBehavior [ RunTime:0.000304s ]
INFO: [ template_filter ] --END-- [ RunTime:0.000961s ]
INFO: Run Behavior\ParseTemplateBehavior [ RunTime:0.020287s ]
INFO: [ view_parse ] --END-- [ RunTime:0.020959s ]
INFO: [ view_filter ] --START--
INFO: Run Behavior\WriteHtmlCacheBehavior [ RunTime:0.000555s ]
INFO: Run Behavior\TokenBuildBehavior [ RunTime:0.001033s ]
INFO: [ view_filter ] --END-- [ RunTime:0.002573s ]
INFO: [ app_end ] --START--
INFO: Run Behavior\ShowPageTraceBehavior [ RunTime:0.000902s ]
INFO: [ app_end ] --END-- [ RunTime:0.001580s ]

[ 2017-07-13T08:52:14+08:00 ] 127.0.0.1 /index.php/Admin/Goods/goodsList
INFO: [ app_init ] --START--
INFO: Run Behavior\BuildLiteBehavior [ RunTime:0.000131s ]
INFO: [ app_init ] --END-- [ RunTime:0.001312s ]
INFO: [ app_begin ] --START--
INFO: Run Behavior\ReadHtmlCacheBehavior [ RunTime:0.000881s ]
INFO: [ app_begin ] --END-- [ RunTime:0.001538s ]
NOTIC: [8] Use of undefined constant id - assumed 'id' D:\wamp\www\tp\Application\Admin\Logic\GoodsLogic.class.php 第 452 行.
NOTIC: [2] array_key_exists() expects parameter 2 to be array, null given D:\wamp\www\tp\Application\Admin\Logic\GoodsLogic.class.php 第 452 行.
INFO: [ view_begin ] --START--
INFO: Run Home\Behaviors\testBehavior [ RunTime:0.001461s ]
INFO: [ view_begin ] --END-- [ RunTime:0.002295s ]
INFO: [ view_parse ] --START--
INFO: [ template_filter ] --START--
INFO: Run Behavior\ContentReplaceBehavior [ RunTime:0.000421s ]
INFO: [ template_filter ] --END-- [ RunTime:0.001396s ]
INFO: Run Behavior\ParseTemplateBehavior [ RunTime:0.056826s ]
INFO: [ view_parse ] --END-- [ RunTime:0.057564s ]
INFO: [ view_filter ] --START--
INFO: Run Behavior\WriteHtmlCacheBehavior [ RunTime:0.000720s ]
INFO: Run Behavior\TokenBuildBehavior [ RunTime:0.001329s ]
INFO: [ view_filter ] --END-- [ RunTime:0.003109s ]
INFO: [ app_end ] --START--
INFO: Run Behavior\ShowPageTraceBehavior [ RunTime:0.000854s ]
INFO: [ app_end ] --END-- [ RunTime:0.001501s ]

[ 2017-07-13T08:52:15+08:00 ] 127.0.0.1 /index.php?m=Admin&c=goods&a=ajaxGoodsList&p=1
INFO: [ app_init ] --START--
INFO: Run Behavior\BuildLiteBehavior [ RunTime:0.000132s ]
INFO: [ app_init ] --END-- [ RunTime:0.001186s ]
INFO: [ app_begin ] --START--
INFO: Run Behavior\ReadHtmlCacheBehavior [ RunTime:0.000644s ]
INFO: [ app_begin ] --END-- [ RunTime:0.001168s ]
NOTIC: [8] Undefined index: ajaxGoodsList D:\wamp\www\tp\Application\Admin\Common\function.php 第 69 行.
INFO: [ view_begin ] --START--
INFO: Run Home\Behaviors\testBehavior [ RunTime:0.001205s ]
INFO: [ view_begin ] --END-- [ RunTime:0.001732s ]
INFO: [ view_parse ] --START--
INFO: [ template_filter ] --START--
INFO: Run Behavior\ContentReplaceBehavior [ RunTime:0.000309s ]
INFO: [ template_filter ] --END-- [ RunTime:0.000856s ]
NOTIC: [8] Use of undefined constant cat_id - assumed 'cat_id' D:\wamp\www\tp\Application\Runtime\Cache\Admin\904a25b5eb876e612ef13e8d5a7b0bef.php 第 56 行.
NOTIC: [8] Use of undefined constant name - assumed 'name' D:\wamp\www\tp\Application\Runtime\Cache\Admin\904a25b5eb876e612ef13e8d5a7b0bef.php 第 56 行.
NOTIC: [8] Use of undefined constant is_on_sale - assumed 'is_on_sale' D:\wamp\www\tp\Application\Runtime\Cache\Admin\904a25b5eb876e612ef13e8d5a7b0bef.php 第 62 行.
NOTIC: [8] Use of undefined constant is_recommend - assumed 'is_recommend' D:\wamp\www\tp\Application\Runtime\Cache\Admin\904a25b5eb876e612ef13e8d5a7b0bef.php 第 65 行.
NOTIC: [8] Use of undefined constant is_new - assumed 'is_new' D:\wamp\www\tp\Application\Runtime\Cache\Admin\904a25b5eb876e612ef13e8d5a7b0bef.php 第 68 行.
NOTIC: [8] Use of undefined constant is_hot - assumed 'is_hot' D:\wamp\www\tp\Application\Runtime\Cache\Admin\904a25b5eb876e612ef13e8d5a7b0bef.php 第 71 行.
NOTIC: [8] Use of undefined constant goods_id - assumed 'goods_id' D:\wamp\www\tp\Application\Runtime\Cache\Admin\904a25b5eb876e612ef13e8d5a7b0bef.php 第 79 行.
NOTIC: [8] Use of undefined constant goods_id - assumed 'goods_id' D:\wamp\www\tp\Application\Runtime\Cache\Admin\904a25b5eb876e612ef13e8d5a7b0bef.php 第 80 行.
NOTIC: [8] Use of undefined constant goods_id - assumed 'goods_id' D:\wamp\www\tp\Application\Runtime\Cache\Admin\904a25b5eb876e612ef13e8d5a7b0bef.php 第 81 行.
NOTIC: [8] Use of undefined constant cat_id - assumed 'cat_id' D:\wamp\www\tp\Application\Runtime\Cache\Admin\904a25b5eb876e612ef13e8d5a7b0bef.php 第 56 行.
NOTIC: [8] Use of undefined constant name - assumed 'name' D:\wamp\www\tp\Application\Runtime\Cache\Admin\904a25b5eb876e612ef13e8d5a7b0bef.php 第 56 行.
NOTIC: [8] Use of undefined constant is_on_sale - assumed 'is_on_sale' D:\wamp\www\tp\Application\Runtime\Cache\Admin\904a25b5eb876e612ef13e8d5a7b0bef.php 第 62 行.
NOTIC: [8] Use of undefined constant is_recommend - assumed 'is_recommend' D:\wamp\www\tp\Application\Runtime\Cache\Admin\904a25b5eb876e612ef13e8d5a7b0bef.php 第 65 行.
NOTIC: [8] Use of undefined constant is_new - assumed 'is_new' D:\wamp\www\tp\Application\Runtime\Cache\Admin\904a25b5eb876e612ef13e8d5a7b0bef.php 第 68 行.
NOTIC: [8] Use of undefined constant is_hot - assumed 'is_hot' D:\wamp\www\tp\Application\Runtime\Cache\Admin\904a25b5eb876e612ef13e8d5a7b0bef.php 第 71 行.
NOTIC: [8] Use of undefined constant goods_id - assumed 'goods_id' D:\wamp\www\tp\Application\Runtime\Cache\Admin\904a25b5eb876e612ef13e8d5a7b0bef.php 第 79 行.
NOTIC: [8] Use of undefined constant goods_id - assumed 'goods_id' D:\wamp\www\tp\Application\Runtime\Cache\Admin\904a25b5eb876e612ef13e8d5a7b0bef.php 第 80 行.
NOTIC: [8] Use of undefined constant goods_id - assumed 'goods_id' D:\wamp\www\tp\Application\Runtime\Cache\Admin\904a25b5eb876e612ef13e8d5a7b0bef.php 第 81 行.
NOTIC: [8] Use of undefined constant cat_id - assumed 'cat_id' D:\wamp\www\tp\Application\Runtime\Cache\Admin\904a25b5eb876e612ef13e8d5a7b0bef.php 第 56 行.
NOTIC: [8] Use of undefined constant name - assumed 'name' D:\wamp\www\tp\Application\Runtime\Cache\Admin\904a25b5eb876e612ef13e8d5a7b0bef.php 第 56 行.
NOTIC: [8] Use of undefined constant is_on_sale - assumed 'is_on_sale' D:\wamp\www\tp\Application\Runtime\Cache\Admin\904a25b5eb876e612ef13e8d5a7b0bef.php 第 62 行.
NOTIC: [8] Use of undefined constant is_recommend - assumed 'is_recommend' D:\wamp\www\tp\Application\Runtime\Cache\Admin\904a25b5eb876e612ef13e8d5a7b0bef.php 第 65 行.
NOTIC: [8] Use of undefined constant is_new - assumed 'is_new' D:\wamp\www\tp\Application\Runtime\Cache\Admin\904a25b5eb876e612ef13e8d5a7b0bef.php 第 68 行.
NOTIC: [8] Use of undefined constant is_hot - assumed 'is_hot' D:\wamp\www\tp\Application\Runtime\Cache\Admin\904a25b5eb876e612ef13e8d5a7b0bef.php 第 71 行.
NOTIC: [8] Use of undefined constant goods_id - assumed 'goods_id' D:\wamp\www\tp\Application\Runtime\Cache\Admin\904a25b5eb876e612ef13e8d5a7b0bef.php 第 79 行.
NOTIC: [8] Use of undefined constant goods_id - assumed 'goods_id' D:\wamp\www\tp\Application\Runtime\Cache\Admin\904a25b5eb876e612ef13e8d5a7b0bef.php 第 80 行.
NOTIC: [8] Use of undefined constant goods_id - assumed 'goods_id' D:\wamp\www\tp\Application\Runtime\Cache\Admin\904a25b5eb876e612ef13e8d5a7b0bef.php 第 81 行.
NOTIC: [8] Use of undefined constant cat_id - assumed 'cat_id' D:\wamp\www\tp\Application\Runtime\Cache\Admin\904a25b5eb876e612ef13e8d5a7b0bef.php 第 56 行.
NOTIC: [8] Use of undefined constant name - assumed 'name' D:\wamp\www\tp\Application\Runtime\Cache\Admin\904a25b5eb876e612ef13e8d5a7b0bef.php 第 56 行.
NOTIC: [8] Use of undefined constant is_on_sale - assumed 'is_on_sale' D:\wamp\www\tp\Application\Runtime\Cache\Admin\904a25b5eb876e612ef13e8d5a7b0bef.php 第 62 行.
NOTIC: [8] Use of undefined constant is_recommend - assumed 'is_recommend' D:\wamp\www\tp\Application\Runtime\Cache\Admin\904a25b5eb876e612ef13e8d5a7b0bef.php 第 65 行.
NOTIC: [8] Use of undefined constant is_new - assumed 'is_new' D:\wamp\www\tp\Application\Runtime\Cache\Admin\904a25b5eb876e612ef13e8d5a7b0bef.php 第 68 行.
NOTIC: [8] Use of undefined constant is_hot - assumed 'is_hot' D:\wamp\www\tp\Application\Runtime\Cache\Admin\904a25b5eb876e612ef13e8d5a7b0bef.php 第 71 行.
NOTIC: [8] Use of undefined constant goods_id - assumed 'goods_id' D:\wamp\www\tp\Application\Runtime\Cache\Admin\904a25b5eb876e612ef13e8d5a7b0bef.php 第 79 行.
NOTIC: [8] Use of undefined constant goods_id - assumed 'goods_id' D:\wamp\www\tp\Application\Runtime\Cache\Admin\904a25b5eb876e612ef13e8d5a7b0bef.php 第 80 行.
NOTIC: [8] Use of undefined constant goods_id - assumed 'goods_id' D:\wamp\www\tp\Application\Runtime\Cache\Admin\904a25b5eb876e612ef13e8d5a7b0bef.php 第 81 行.
NOTIC: [8] Use of undefined constant cat_id - assumed 'cat_id' D:\wamp\www\tp\Application\Runtime\Cache\Admin\904a25b5eb876e612ef13e8d5a7b0bef.php 第 56 行.
NOTIC: [8] Use of undefined constant name - assumed 'name' D:\wamp\www\tp\Application\Runtime\Cache\Admin\904a25b5eb876e612ef13e8d5a7b0bef.php 第 56 行.
NOTIC: [8] Use of undefined constant is_on_sale - assumed 'is_on_sale' D:\wamp\www\tp\Application\Runtime\Cache\Admin\904a25b5eb876e612ef13e8d5a7b0bef.php 第 62 行.
NOTIC: [8] Use of undefined constant is_recommend - assumed 'is_recommend' D:\wamp\www\tp\Application\Runtime\Cache\Admin\904a25b5eb876e612ef13e8d5a7b0bef.php 第 65 行.
NOTIC: [8] Use of undefined constant is_new - assumed 'is_new' D:\wamp\www\tp\Application\Runtime\Cache\Admin\904a25b5eb876e612ef13e8d5a7b0bef.php 第 68 行.
NOTIC: [8] Use of undefined constant is_hot - assumed 'is_hot' D:\wamp\www\tp\Application\Runtime\Cache\Admin\904a25b5eb876e612ef13e8d5a7b0bef.php 第 71 行.
NOTIC: [8] Use of undefined constant goods_id - assumed 'goods_id' D:\wamp\www\tp\Application\Runtime\Cache\Admin\904a25b5eb876e612ef13e8d5a7b0bef.php 第 79 行.
NOTIC: [8] Use of undefined constant goods_id - assumed 'goods_id' D:\wamp\www\tp\Application\Runtime\Cache\Admin\904a25b5eb876e612ef13e8d5a7b0bef.php 第 80 行.
NOTIC: [8] Use of undefined constant goods_id - assumed 'goods_id' D:\wamp\www\tp\Application\Runtime\Cache\Admin\904a25b5eb876e612ef13e8d5a7b0bef.php 第 81 行.
NOTIC: [8] Use of undefined constant cat_id - assumed 'cat_id' D:\wamp\www\tp\Application\Runtime\Cache\Admin\904a25b5eb876e612ef13e8d5a7b0bef.php 第 56 行.
NOTIC: [8] Use of undefined constant name - assumed 'name' D:\wamp\www\tp\Application\Runtime\Cache\Admin\904a25b5eb876e612ef13e8d5a7b0bef.php 第 56 行.
NOTIC: [8] Use of undefined constant is_on_sale - assumed 'is_on_sale' D:\wamp\www\tp\Application\Runtime\Cache\Admin\904a25b5eb876e612ef13e8d5a7b0bef.php 第 62 行.
NOTIC: [8] Use of undefined constant is_recommend - assumed 'is_recommend' D:\wamp\www\tp\Application\Runtime\Cache\Admin\904a25b5eb876e612ef13e8d5a7b0bef.php 第 65 行.
NOTIC: [8] Use of undefined constant is_new - assumed 'is_new' D:\wamp\www\tp\Application\Runtime\Cache\Admin\904a25b5eb876e612ef13e8d5a7b0bef.php 第 68 行.
NOTIC: [8] Use of undefined constant is_hot - assumed 'is_hot' D:\wamp\www\tp\Application\Runtime\Cache\Admin\904a25b5eb876e612ef13e8d5a7b0bef.php 第 71 行.
NOTIC: [8] Use of undefined constant goods_id - assumed 'goods_id' D:\wamp\www\tp\Application\Runtime\Cache\Admin\904a25b5eb876e612ef13e8d5a7b0bef.php 第 79 行.
NOTIC: [8] Use of undefined constant goods_id - assumed 'goods_id' D:\wamp\www\tp\Application\Runtime\Cache\Admin\904a25b5eb876e612ef13e8d5a7b0bef.php 第 80 行.
NOTIC: [8] Use of undefined constant goods_id - assumed 'goods_id' D:\wamp\www\tp\Application\Runtime\Cache\Admin\904a25b5eb876e612ef13e8d5a7b0bef.php 第 81 行.
NOTIC: [8] Use of undefined constant cat_id - assumed 'cat_id' D:\wamp\www\tp\Application\Runtime\Cache\Admin\904a25b5eb876e612ef13e8d5a7b0bef.php 第 56 行.
NOTIC: [8] Use of undefined constant name - assumed 'name' D:\wamp\www\tp\Application\Runtime\Cache\Admin\904a25b5eb876e612ef13e8d5a7b0bef.php 第 56 行.
NOTIC: [8] Use of undefined constant is_on_sale - assumed 'is_on_sale' D:\wamp\www\tp\Application\Runtime\Cache\Admin\904a25b5eb876e612ef13e8d5a7b0bef.php 第 62 行.
NOTIC: [8] Use of undefined constant is_recommend - assumed 'is_recommend' D:\wamp\www\tp\Application\Runtime\Cache\Admin\904a25b5eb876e612ef13e8d5a7b0bef.php 第 65 行.
NOTIC: [8] Use of undefined constant is_new - assumed 'is_new' D:\wamp\www\tp\Application\Runtime\Cache\Admin\904a25b5eb876e612ef13e8d5a7b0bef.php 第 68 行.
NOTIC: [8] Use of undefined constant is_hot - assumed 'is_hot' D:\wamp\www\tp\Application\Runtime\Cache\Admin\904a25b5eb876e612ef13e8d5a7b0bef.php 第 71 行.
NOTIC: [8] Use of undefined constant goods_id - assumed 'goods_id' D:\wamp\www\tp\Application\Runtime\Cache\Admin\904a25b5eb876e612ef13e8d5a7b0bef.php 第 79 行.
NOTIC: [8] Use of undefined constant goods_id - assumed 'goods_id' D:\wamp\www\tp\Application\Runtime\Cache\Admin\904a25b5eb876e612ef13e8d5a7b0bef.php 第 80 行.
NOTIC: [8] Use of undefined constant goods_id - assumed 'goods_id' D:\wamp\www\tp\Application\Runtime\Cache\Admin\904a25b5eb876e612ef13e8d5a7b0bef.php 第 81 行.
NOTIC: [8] Use of undefined constant cat_id - assumed 'cat_id' D:\wamp\www\tp\Application\Runtime\Cache\Admin\904a25b5eb876e612ef13e8d5a7b0bef.php 第 56 行.
NOTIC: [8] Use of undefined constant name - assumed 'name' D:\wamp\www\tp\Application\Runtime\Cache\Admin\904a25b5eb876e612ef13e8d5a7b0bef.php 第 56 行.
NOTIC: [8] Use of undefined constant is_on_sale - assumed 'is_on_sale' D:\wamp\www\tp\Application\Runtime\Cache\Admin\904a25b5eb876e612ef13e8d5a7b0bef.php 第 62 行.
NOTIC: [8] Use of undefined constant is_recommend - assumed 'is_recommend' D:\wamp\www\tp\Application\Runtime\Cache\Admin\904a25b5eb876e612ef13e8d5a7b0bef.php 第 65 行.
NOTIC: [8] Use of undefined constant is_new - assumed 'is_new' D:\wamp\www\tp\Application\Runtime\Cache\Admin\904a25b5eb876e612ef13e8d5a7b0bef.php 第 68 行.
NOTIC: [8] Use of undefined constant is_hot - assumed 'is_hot' D:\wamp\www\tp\Application\Runtime\Cache\Admin\904a25b5eb876e612ef13e8d5a7b0bef.php 第 71 行.
NOTIC: [8] Use of undefined constant goods_id - assumed 'goods_id' D:\wamp\www\tp\Application\Runtime\Cache\Admin\904a25b5eb876e612ef13e8d5a7b0bef.php 第 79 行.
NOTIC: [8] Use of undefined constant goods_id - assumed 'goods_id' D:\wamp\www\tp\Application\Runtime\Cache\Admin\904a25b5eb876e612ef13e8d5a7b0bef.php 第 80 行.
NOTIC: [8] Use of undefined constant goods_id - assumed 'goods_id' D:\wamp\www\tp\Application\Runtime\Cache\Admin\904a25b5eb876e612ef13e8d5a7b0bef.php 第 81 行.
INFO: Run Behavior\ParseTemplateBehavior [ RunTime:0.090000s ]
INFO: [ view_parse ] --END-- [ RunTime:0.090516s ]
INFO: [ view_filter ] --START--
INFO: Run Behavior\WriteHtmlCacheBehavior [ RunTime:0.000768s ]
INFO: Run Behavior\TokenBuildBehavior [ RunTime:0.001675s ]
INFO: [ view_filter ] --END-- [ RunTime:0.003224s ]
INFO: [ app_end ] --START--
INFO: Run Behavior\ShowPageTraceBehavior [ RunTime:0.000629s ]
INFO: [ app_end ] --END-- [ RunTime:0.001173s ]

[ 2017-07-13T08:52:17+08:00 ] 127.0.0.1 /index.php/Admin/Goods/addEditGoods/id/8
INFO: [ app_init ] --START--
INFO: Run Behavior\BuildLiteBehavior [ RunTime:0.000165s ]
INFO: [ app_init ] --END-- [ RunTime:0.001509s ]
INFO: [ app_begin ] --START--
INFO: Run Behavior\ReadHtmlCacheBehavior [ RunTime:0.000864s ]
INFO: [ app_begin ] --END-- [ RunTime:0.001533s ]
NOTIC: [8] Undefined index: goods_id D:\wamp\www\tp\Application\Admin\Controller\GoodsController.class.php 第 229 行.
NOTIC: [8] Undefined index: is_ajax D:\wamp\www\tp\Application\Admin\Controller\GoodsController.class.php 第 231 行.
NOTIC: [8] Undefined offset: 0 D:\wamp\www\tp\Application\Admin\Logic\GoodsLogic.class.php 第 425 行.
NOTIC: [8] Undefined index:  D:\wamp\www\tp\Application\Admin\Logic\GoodsLogic.class.php 第 431 行.
NOTIC: [8] Undefined offset: 0 D:\wamp\www\tp\Application\Admin\Logic\GoodsLogic.class.php 第 425 行.
NOTIC: [8] Undefined index:  D:\wamp\www\tp\Application\Admin\Logic\GoodsLogic.class.php 第 431 行.
NOTIC: [8] Use of undefined constant id - assumed 'id' D:\wamp\www\tp\Application\Admin\Logic\GoodsLogic.class.php 第 452 行.
NOTIC: [2] array_key_exists() expects parameter 2 to be array, null given D:\wamp\www\tp\Application\Admin\Logic\GoodsLogic.class.php 第 452 行.
INFO: [ view_begin ] --START--
INFO: Run Home\Behaviors\testBehavior [ RunTime:0.001178s ]
INFO: [ view_begin ] --END-- [ RunTime:0.001875s ]
INFO: [ view_parse ] --START--
INFO: [ template_filter ] --START--
INFO: Run Behavior\ContentReplaceBehavior [ RunTime:0.000427s ]
INFO: [ template_filter ] --END-- [ RunTime:0.001077s ]
NOTIC: [8] Undefined variable: URL_home D:\wamp\www\tp\Application\Runtime\Cache\Admin\c5b83c1ac2aaddb7d217c711b27315d2.php 第 141 行.
NOTIC: [8] Use of undefined constant level - assumed 'level' D:\wamp\www\tp\Application\Runtime\Cache\Admin\c5b83c1ac2aaddb7d217c711b27315d2.php 第 338 行.
NOTIC: [8] Use of undefined constant level - assumed 'level' D:\wamp\www\tp\Application\Runtime\Cache\Admin\c5b83c1ac2aaddb7d217c711b27315d2.php 第 338 行.
NOTIC: [8] Use of undefined constant level - assumed 'level' D:\wamp\www\tp\Application\Runtime\Cache\Admin\c5b83c1ac2aaddb7d217c711b27315d2.php 第 338 行.
NOTIC: [8] Use of undefined constant level - assumed 'level' D:\wamp\www\tp\Application\Runtime\Cache\Admin\c5b83c1ac2aaddb7d217c711b27315d2.php 第 338 行.
NOTIC: [8] Use of undefined constant is_free_shipping - assumed 'is_free_shipping' D:\wamp\www\tp\Application\Runtime\Cache\Admin\c5b83c1ac2aaddb7d217c711b27315d2.php 第 417 行.
NOTIC: [8] Use of undefined constant is_free_shipping - assumed 'is_free_shipping' D:\wamp\www\tp\Application\Runtime\Cache\Admin\c5b83c1ac2aaddb7d217c711b27315d2.php 第 418 行.
NOTIC: [8] Use of undefined constant goods_id - assumed 'goods_id' D:\wamp\www\tp\Application\Runtime\Cache\Admin\c5b83c1ac2aaddb7d217c711b27315d2.php 第 424 行.
NOTIC: [8] Use of undefined constant spec_type - assumed 'spec_type' D:\wamp\www\tp\Application\Runtime\Cache\Admin\c5b83c1ac2aaddb7d217c711b27315d2.php 第 509 行.
NOTIC: [8] Use of undefined constant id - assumed 'id' D:\wamp\www\tp\Application\Runtime\Cache\Admin\c5b83c1ac2aaddb7d217c711b27315d2.php 第 509 行.
NOTIC: [8] Use of undefined constant spec_type - assumed 'spec_type' D:\wamp\www\tp\Application\Runtime\Cache\Admin\c5b83c1ac2aaddb7d217c711b27315d2.php 第 509 行.
NOTIC: [8] Use of undefined constant id - assumed 'id' D:\wamp\www\tp\Application\Runtime\Cache\Admin\c5b83c1ac2aaddb7d217c711b27315d2.php 第 509 行.
NOTIC: [8] Use of undefined constant goods_type - assumed 'goods_type' D:\wamp\www\tp\Application\Runtime\Cache\Admin\c5b83c1ac2aaddb7d217c711b27315d2.php 第 527 行.
NOTIC: [8] Use of undefined constant id - assumed 'id' D:\wamp\www\tp\Application\Runtime\Cache\Admin\c5b83c1ac2aaddb7d217c711b27315d2.php 第 527 行.
NOTIC: [8] Use of undefined constant goods_type - assumed 'goods_type' D:\wamp\www\tp\Application\Runtime\Cache\Admin\c5b83c1ac2aaddb7d217c711b27315d2.php 第 527 行.
NOTIC: [8] Use of undefined constant id - assumed 'id' D:\wamp\www\tp\Application\Runtime\Cache\Admin\c5b83c1ac2aaddb7d217c711b27315d2.php 第 527 行.
NOTIC: [8] Use of undefined constant name - assumed 'name' D:\wamp\www\tp\Application\Runtime\Cache\Admin\c5b83c1ac2aaddb7d217c711b27315d2.php 第 541 行.
NOTIC: [8] Use of undefined constant shipping_code - assumed 'shipping_code' D:\wamp\www\tp\Application\Runtime\Cache\Admin\c5b83c1ac2aaddb7d217c711b27315d2.php 第 548 行.
NOTIC: [8] Use of undefined constant code - assumed 'code' D:\wamp\www\tp\Application\Runtime\Cache\Admin\c5b83c1ac2aaddb7d217c711b27315d2.php 第 548 行.
NOTIC: [8] Use of undefined constant shipping_code - assumed 'shipping_code' D:\wamp\www\tp\Application\Runtime\Cache\Admin\c5b83c1ac2aaddb7d217c711b27315d2.php 第 548 行.
NOTIC: [8] Use of undefined constant code - assumed 'code' D:\wamp\www\tp\Application\Runtime\Cache\Admin\c5b83c1ac2aaddb7d217c711b27315d2.php 第 548 行.
NOTIC: [8] Use of undefined constant shipping_code - assumed 'shipping_code' D:\wamp\www\tp\Application\Runtime\Cache\Admin\c5b83c1ac2aaddb7d217c711b27315d2.php 第 548 行.
NOTIC: [8] Use of undefined constant code - assumed 'code' D:\wamp\www\tp\Application\Runtime\Cache\Admin\c5b83c1ac2aaddb7d217c711b27315d2.php 第 548 行.
NOTIC: [8] Use of undefined constant name - assumed 'name' D:\wamp\www\tp\Application\Runtime\Cache\Admin\c5b83c1ac2aaddb7d217c711b27315d2.php 第 541 行.
NOTIC: [8] Use of undefined constant shipping_code - assumed 'shipping_code' D:\wamp\www\tp\Application\Runtime\Cache\Admin\c5b83c1ac2aaddb7d217c711b27315d2.php 第 548 行.
NOTIC: [8] Use of undefined constant code - assumed 'code' D:\wamp\www\tp\Application\Runtime\Cache\Admin\c5b83c1ac2aaddb7d217c711b27315d2.php 第 548 行.
NOTIC: [8] Use of undefined constant shipping_code - assumed 'shipping_code' D:\wamp\www\tp\Application\Runtime\Cache\Admin\c5b83c1ac2aaddb7d217c711b27315d2.php 第 548 行.
NOTIC: [8] Use of undefined constant code - assumed 'code' D:\wamp\www\tp\Application\Runtime\Cache\Admin\c5b83c1ac2aaddb7d217c711b27315d2.php 第 548 行.
NOTIC: [8] Use of undefined constant shipping_code - assumed 'shipping_code' D:\wamp\www\tp\Application\Runtime\Cache\Admin\c5b83c1ac2aaddb7d217c711b27315d2.php 第 548 行.
NOTIC: [8] Use of undefined constant code - assumed 'code' D:\wamp\www\tp\Application\Runtime\Cache\Admin\c5b83c1ac2aaddb7d217c711b27315d2.php 第 548 行.
NOTIC: [8] Use of undefined constant name - assumed 'name' D:\wamp\www\tp\Application\Runtime\Cache\Admin\c5b83c1ac2aaddb7d217c711b27315d2.php 第 541 行.
NOTIC: [8] Use of undefined constant shipping_code - assumed 'shipping_code' D:\wamp\www\tp\Application\Runtime\Cache\Admin\c5b83c1ac2aaddb7d217c711b27315d2.php 第 548 行.
NOTIC: [8] Use of undefined constant code - assumed 'code' D:\wamp\www\tp\Application\Runtime\Cache\Admin\c5b83c1ac2aaddb7d217c711b27315d2.php 第 548 行.
NOTIC: [8] Use of undefined constant shipping_code - assumed 'shipping_code' D:\wamp\www\tp\Application\Runtime\Cache\Admin\c5b83c1ac2aaddb7d217c711b27315d2.php 第 548 行.
NOTIC: [8] Use of undefined constant code - assumed 'code' D:\wamp\www\tp\Application\Runtime\Cache\Admin\c5b83c1ac2aaddb7d217c711b27315d2.php 第 548 行.
NOTIC: [8] Use of undefined constant shipping_code - assumed 'shipping_code' D:\wamp\www\tp\Application\Runtime\Cache\Admin\c5b83c1ac2aaddb7d217c711b27315d2.php 第 548 行.
NOTIC: [8] Use of undefined constant code - assumed 'code' D:\wamp\www\tp\Application\Runtime\Cache\Admin\c5b83c1ac2aaddb7d217c711b27315d2.php 第 548 行.
NOTIC: [8] Use of undefined constant name - assumed 'name' D:\wamp\www\tp\Application\Runtime\Cache\Admin\c5b83c1ac2aaddb7d217c711b27315d2.php 第 541 行.
NOTIC: [8] Use of undefined constant shipping_code - assumed 'shipping_code' D:\wamp\www\tp\Application\Runtime\Cache\Admin\c5b83c1ac2aaddb7d217c711b27315d2.php 第 548 行.
NOTIC: [8] Use of undefined constant code - assumed 'code' D:\wamp\www\tp\Application\Runtime\Cache\Admin\c5b83c1ac2aaddb7d217c711b27315d2.php 第 548 行.
NOTIC: [8] Use of undefined constant shipping_code - assumed 'shipping_code' D:\wamp\www\tp\Application\Runtime\Cache\Admin\c5b83c1ac2aaddb7d217c711b27315d2.php 第 548 行.
NOTIC: [8] Use of undefined constant code - assumed 'code' D:\wamp\www\tp\Application\Runtime\Cache\Admin\c5b83c1ac2aaddb7d217c711b27315d2.php 第 548 行.
NOTIC: [8] Use of undefined constant shipping_code - assumed 'shipping_code' D:\wamp\www\tp\Application\Runtime\Cache\Admin\c5b83c1ac2aaddb7d217c711b27315d2.php 第 548 行.
NOTIC: [8] Use of undefined constant code - assumed 'code' D:\wamp\www\tp\Application\Runtime\Cache\Admin\c5b83c1ac2aaddb7d217c711b27315d2.php 第 548 行.
NOTIC: [8] Use of undefined constant name - assumed 'name' D:\wamp\www\tp\Application\Runtime\Cache\Admin\c5b83c1ac2aaddb7d217c711b27315d2.php 第 541 行.
NOTIC: [8] Use of undefined constant shipping_code - assumed 'shipping_code' D:\wamp\www\tp\Application\Runtime\Cache\Admin\c5b83c1ac2aaddb7d217c711b27315d2.php 第 548 行.
NOTIC: [8] Use of undefined constant code - assumed 'code' D:\wamp\www\tp\Application\Runtime\Cache\Admin\c5b83c1ac2aaddb7d217c711b27315d2.php 第 548 行.
NOTIC: [8] Use of undefined constant shipping_code - assumed 'shipping_code' D:\wamp\www\tp\Application\Runtime\Cache\Admin\c5b83c1ac2aaddb7d217c711b27315d2.php 第 548 行.
NOTIC: [8] Use of undefined constant code - assumed 'code' D:\wamp\www\tp\Application\Runtime\Cache\Admin\c5b83c1ac2aaddb7d217c711b27315d2.php 第 548 行.
NOTIC: [8] Use of undefined constant shipping_code - assumed 'shipping_code' D:\wamp\www\tp\Application\Runtime\Cache\Admin\c5b83c1ac2aaddb7d217c711b27315d2.php 第 548 行.
NOTIC: [8] Use of undefined constant code - assumed 'code' D:\wamp\www\tp\Application\Runtime\Cache\Admin\c5b83c1ac2aaddb7d217c711b27315d2.php 第 548 行.
NOTIC: [8] Undefined offset: 2 D:\wamp\www\tp\Application\Runtime\Cache\Admin\c5b83c1ac2aaddb7d217c711b27315d2.php 第 706 行.
NOTIC: [8] Undefined offset: 3 D:\wamp\www\tp\Application\Runtime\Cache\Admin\c5b83c1ac2aaddb7d217c711b27315d2.php 第 708 行.
NOTIC: [8] Undefined offset: 2 D:\wamp\www\tp\Application\Runtime\Cache\Admin\c5b83c1ac2aaddb7d217c711b27315d2.php 第 712 行.
NOTIC: [8] Undefined offset: 3 D:\wamp\www\tp\Application\Runtime\Cache\Admin\c5b83c1ac2aaddb7d217c711b27315d2.php 第 714 行.
INFO: Run Behavior\ParseTemplateBehavior [ RunTime:0.121663s ]
INFO: [ view_parse ] --END-- [ RunTime:0.122305s ]
INFO: [ view_filter ] --START--
INFO: Run Behavior\WriteHtmlCacheBehavior [ RunTime:0.000756s ]
INFO: Run Behavior\TokenBuildBehavior [ RunTime:0.001957s ]
INFO: [ view_filter ] --END-- [ RunTime:0.003691s ]
INFO: [ app_end ] --START--
INFO: Run Behavior\ShowPageTraceBehavior [ RunTime:0.000889s ]
INFO: [ app_end ] --END-- [ RunTime:0.001526s ]

[ 2017-07-13T08:52:17+08:00 ] 127.0.0.1 /index.php/admin/Goods/ajaxGetSpecSelect?goods_id=8&spec_type=1
INFO: [ app_init ] --START--
INFO: Run Behavior\BuildLiteBehavior [ RunTime:0.000281s ]
INFO: [ app_init ] --END-- [ RunTime:0.002011s ]
INFO: [ app_begin ] --START--
INFO: Run Behavior\ReadHtmlCacheBehavior [ RunTime:0.002059s ]
INFO: [ app_begin ] --END-- [ RunTime:0.003105s ]
NOTIC: [8] Undefined index: ajaxGetSpecSelect D:\wamp\www\tp\Application\Admin\Common\function.php 第 69 行.
INFO: [ view_begin ] --START--
INFO: Run Home\Behaviors\testBehavior [ RunTime:0.001153s ]
INFO: [ view_begin ] --END-- [ RunTime:0.001689s ]
INFO: [ view_parse ] --START--
INFO: [ template_filter ] --START--
INFO: Run Behavior\ContentReplaceBehavior [ RunTime:0.000283s ]
INFO: [ template_filter ] --END-- [ RunTime:0.000824s ]
NOTIC: [8] Use of undefined constant name - assumed 'name' D:\wamp\www\tp\Application\Runtime\Cache\Admin\7a4da6bf08c0de0caf505edbc90666ad.php 第 6 行.
NOTIC: [8] Use of undefined constant spec_item - assumed 'spec_item' D:\wamp\www\tp\Application\Runtime\Cache\Admin\7a4da6bf08c0de0caf505edbc90666ad.php 第 8 行.
NOTIC: [8] Use of undefined constant spec_item - assumed 'spec_item' D:\wamp\www\tp\Application\Runtime\Cache\Admin\7a4da6bf08c0de0caf505edbc90666ad.php 第 8 行.
NOTIC: [8] Use of undefined constant id - assumed 'id' D:\wamp\www\tp\Application\Runtime\Cache\Admin\7a4da6bf08c0de0caf505edbc90666ad.php 第 8 行.
NOTIC: [8] Use of undefined constant id - assumed 'id' D:\wamp\www\tp\Application\Runtime\Cache\Admin\7a4da6bf08c0de0caf505edbc90666ad.php 第 8 行.
NOTIC: [8] Use of undefined constant name - assumed 'name' D:\wamp\www\tp\Application\Runtime\Cache\Admin\7a4da6bf08c0de0caf505edbc90666ad.php 第 6 行.
NOTIC: [8] Use of undefined constant spec_item - assumed 'spec_item' D:\wamp\www\tp\Application\Runtime\Cache\Admin\7a4da6bf08c0de0caf505edbc90666ad.php 第 8 行.
NOTIC: [8] Use of undefined constant spec_item - assumed 'spec_item' D:\wamp\www\tp\Application\Runtime\Cache\Admin\7a4da6bf08c0de0caf505edbc90666ad.php 第 8 行.
NOTIC: [8] Use of undefined constant id - assumed 'id' D:\wamp\www\tp\Application\Runtime\Cache\Admin\7a4da6bf08c0de0caf505edbc90666ad.php 第 8 行.
NOTIC: [8] Use of undefined constant name - assumed 'name' D:\wamp\www\tp\Application\Runtime\Cache\Admin\7a4da6bf08c0de0caf505edbc90666ad.php 第 6 行.
NOTIC: [8] Use of undefined constant spec_item - assumed 'spec_item' D:\wamp\www\tp\Application\Runtime\Cache\Admin\7a4da6bf08c0de0caf505edbc90666ad.php 第 8 行.
NOTIC: [8] Use of undefined constant spec_item - assumed 'spec_item' D:\wamp\www\tp\Application\Runtime\Cache\Admin\7a4da6bf08c0de0caf505edbc90666ad.php 第 8 行.
NOTIC: [8] Use of undefined constant id - assumed 'id' D:\wamp\www\tp\Application\Runtime\Cache\Admin\7a4da6bf08c0de0caf505edbc90666ad.php 第 8 行.
NOTIC: [8] Use of undefined constant name - assumed 'name' D:\wamp\www\tp\Application\Runtime\Cache\Admin\7a4da6bf08c0de0caf505edbc90666ad.php 第 6 行.
NOTIC: [8] Use of undefined constant spec_item - assumed 'spec_item' D:\wamp\www\tp\Application\Runtime\Cache\Admin\7a4da6bf08c0de0caf505edbc90666ad.php 第 8 行.
NOTIC: [8] Use of undefined constant spec_item - assumed 'spec_item' D:\wamp\www\tp\Application\Runtime\Cache\Admin\7a4da6bf08c0de0caf505edbc90666ad.php 第 8 行.
NOTIC: [8] Use of undefined constant id - assumed 'id' D:\wamp\www\tp\Application\Runtime\Cache\Admin\7a4da6bf08c0de0caf505edbc90666ad.php 第 8 行.
NOTIC: [8] Use of undefined constant id - assumed 'id' D:\wamp\www\tp\Application\Runtime\Cache\Admin\7a4da6bf08c0de0caf505edbc90666ad.php 第 8 行.
INFO: Run Behavior\ParseTemplateBehavior [ RunTime:0.027628s ]
INFO: [ view_parse ] --END-- [ RunTime:0.028163s ]
INFO: [ view_filter ] --START--
INFO: Run Behavior\WriteHtmlCacheBehavior [ RunTime:0.000695s ]
INFO: Run Behavior\TokenBuildBehavior [ RunTime:0.001167s ]
INFO: [ view_filter ] --END-- [ RunTime:0.002650s ]
INFO: [ app_end ] --START--
INFO: Run Behavior\ShowPageTraceBehavior [ RunTime:0.000765s ]
INFO: [ app_end ] --END-- [ RunTime:0.001293s ]

[ 2017-07-13T08:52:17+08:00 ] 127.0.0.1 /index.php/admin/Goods/ajaxGetAttrInput?goods_id=8&type_id=0
INFO: [ app_init ] --START--
INFO: Run Behavior\BuildLiteBehavior [ RunTime:0.000123s ]
INFO: [ app_init ] --END-- [ RunTime:0.001071s ]
INFO: [ app_begin ] --START--
INFO: Run Behavior\ReadHtmlCacheBehavior [ RunTime:0.000742s ]
INFO: [ app_begin ] --END-- [ RunTime:0.001259s ]
NOTIC: [8] Undefined index: ajaxGetAttrInput D:\wamp\www\tp\Application\Admin\Common\function.php 第 69 行.
NOTIC: [8] Undefined variable: str D:\wamp\www\tp\Application\Admin\Logic\GoodsLogic.class.php 第 195 行.

[ 2017-07-13T08:52:17+08:00 ] 127.0.0.1 /index.php/admin/Goods/ajaxGetSpecInput/goods_id/8
INFO: [ app_init ] --START--
INFO: Run Behavior\BuildLiteBehavior [ RunTime:0.000125s ]
INFO: [ app_init ] --END-- [ RunTime:0.001122s ]
INFO: [ app_begin ] --START--
INFO: Run Behavior\ReadHtmlCacheBehavior [ RunTime:0.000681s ]
INFO: [ app_begin ] --END-- [ RunTime:0.001201s ]
NOTIC: [8] Undefined index: ajaxGetSpecInput D:\wamp\www\tp\Application\Admin\Common\function.php 第 69 行.
NOTIC: [8] Undefined index: spec_arr D:\wamp\www\tp\Application\Admin\Controller\GoodsController.class.php 第 745 行.
NOTIC: [2] Invalid argument supplied for foreach() D:\wamp\www\tp\Application\Admin\Logic\GoodsLogic.class.php 第 313 行.
NOTIC: [2] asort() expects parameter 1 to be array, null given D:\wamp\www\tp\Application\Admin\Logic\GoodsLogic.class.php 第 317 行.
NOTIC: [2] Invalid argument supplied for foreach() D:\wamp\www\tp\Application\Admin\Logic\GoodsLogic.class.php 第 318 行.
NOTIC: [8] Undefined variable: spec_arr2 D:\wamp\www\tp\Application\Admin\Logic\GoodsLogic.class.php 第 324 行.
NOTIC: [2] array_keys() expects parameter 1 to be array, null given D:\wamp\www\tp\Application\Admin\Logic\GoodsLogic.class.php 第 324 行.
NOTIC: [8] Undefined variable: spec_arr2 D:\wamp\www\tp\Application\Admin\Logic\GoodsLogic.class.php 第 325 行.
NOTIC: [2] array_shift() expects parameter 1 to be array, null given D:\wamp\www\tp\Application\Common\Common\function.php 第 365 行.
NOTIC: [2] Invalid argument supplied for foreach() D:\wamp\www\tp\Application\Common\Common\function.php 第 366 行.
NOTIC: [2] Invalid argument supplied for foreach() D:\wamp\www\tp\Application\Common\Common\function.php 第 371 行.
NOTIC: [2] Invalid argument supplied for foreach() D:\wamp\www\tp\Application\Admin\Logic\GoodsLogic.class.php 第 334 行.

[ 2017-07-13T08:52:48+08:00 ] 127.0.0.1 /index.php/Admin/Goods/goodsList
INFO: [ app_init ] --START--
INFO: Run Behavior\BuildLiteBehavior [ RunTime:0.000151s ]
INFO: [ app_init ] --END-- [ RunTime:0.001381s ]
INFO: [ app_begin ] --START--
INFO: Run Behavior\ReadHtmlCacheBehavior [ RunTime:0.000862s ]
INFO: [ app_begin ] --END-- [ RunTime:0.001539s ]
NOTIC: [8] Use of undefined constant id - assumed 'id' D:\wamp\www\tp\Application\Admin\Logic\GoodsLogic.class.php 第 452 行.
NOTIC: [2] array_key_exists() expects parameter 2 to be array, null given D:\wamp\www\tp\Application\Admin\Logic\GoodsLogic.class.php 第 452 行.
INFO: [ view_begin ] --START--
INFO: Run Home\Behaviors\testBehavior [ RunTime:0.001124s ]
INFO: [ view_begin ] --END-- [ RunTime:0.001785s ]
INFO: [ view_parse ] --START--
INFO: [ template_filter ] --START--
INFO: Run Behavior\ContentReplaceBehavior [ RunTime:0.000369s ]
INFO: [ template_filter ] --END-- [ RunTime:0.001225s ]
INFO: Run Behavior\ParseTemplateBehavior [ RunTime:0.032290s ]
INFO: [ view_parse ] --END-- [ RunTime:0.033218s ]
INFO: [ view_filter ] --START--
INFO: Run Behavior\WriteHtmlCacheBehavior [ RunTime:0.000771s ]
INFO: Run Behavior\TokenBuildBehavior [ RunTime:0.001168s ]
INFO: [ view_filter ] --END-- [ RunTime:0.003027s ]
INFO: [ app_end ] --START--
INFO: Run Behavior\ShowPageTraceBehavior [ RunTime:0.000964s ]
INFO: [ app_end ] --END-- [ RunTime:0.001629s ]

[ 2017-07-13T08:52:48+08:00 ] 127.0.0.1 /index.php?m=Admin&c=goods&a=ajaxGoodsList&p=1
INFO: [ app_init ] --START--
INFO: Run Behavior\BuildLiteBehavior [ RunTime:0.000155s ]
INFO: [ app_init ] --END-- [ RunTime:0.001194s ]
INFO: [ app_begin ] --START--
INFO: Run Behavior\ReadHtmlCacheBehavior [ RunTime:0.000622s ]
INFO: [ app_begin ] --END-- [ RunTime:0.001150s ]
NOTIC: [8] Undefined index: ajaxGoodsList D:\wamp\www\tp\Application\Admin\Common\function.php 第 69 行.
INFO: [ view_begin ] --START--
INFO: Run Home\Behaviors\testBehavior [ RunTime:0.000991s ]
INFO: [ view_begin ] --END-- [ RunTime:0.001517s ]
INFO: [ view_parse ] --START--
INFO: [ template_filter ] --START--
INFO: Run Behavior\ContentReplaceBehavior [ RunTime:0.000286s ]
INFO: [ template_filter ] --END-- [ RunTime:0.000809s ]
NOTIC: [8] Use of undefined constant cat_id - assumed 'cat_id' D:\wamp\www\tp\Application\Runtime\Cache\Admin\904a25b5eb876e612ef13e8d5a7b0bef.php 第 56 行.
NOTIC: [8] Use of undefined constant name - assumed 'name' D:\wamp\www\tp\Application\Runtime\Cache\Admin\904a25b5eb876e612ef13e8d5a7b0bef.php 第 56 行.
NOTIC: [8] Use of undefined constant is_on_sale - assumed 'is_on_sale' D:\wamp\www\tp\Application\Runtime\Cache\Admin\904a25b5eb876e612ef13e8d5a7b0bef.php 第 62 行.
NOTIC: [8] Use of undefined constant is_recommend - assumed 'is_recommend' D:\wamp\www\tp\Application\Runtime\Cache\Admin\904a25b5eb876e612ef13e8d5a7b0bef.php 第 65 行.
NOTIC: [8] Use of undefined constant is_new - assumed 'is_new' D:\wamp\www\tp\Application\Runtime\Cache\Admin\904a25b5eb876e612ef13e8d5a7b0bef.php 第 68 行.
NOTIC: [8] Use of undefined constant is_hot - assumed 'is_hot' D:\wamp\www\tp\Application\Runtime\Cache\Admin\904a25b5eb876e612ef13e8d5a7b0bef.php 第 71 行.
NOTIC: [8] Use of undefined constant goods_id - assumed 'goods_id' D:\wamp\www\tp\Application\Runtime\Cache\Admin\904a25b5eb876e612ef13e8d5a7b0bef.php 第 79 行.
NOTIC: [8] Use of undefined constant goods_id - assumed 'goods_id' D:\wamp\www\tp\Application\Runtime\Cache\Admin\904a25b5eb876e612ef13e8d5a7b0bef.php 第 80 行.
NOTIC: [8] Use of undefined constant goods_id - assumed 'goods_id' D:\wamp\www\tp\Application\Runtime\Cache\Admin\904a25b5eb876e612ef13e8d5a7b0bef.php 第 81 行.
NOTIC: [8] Use of undefined constant cat_id - assumed 'cat_id' D:\wamp\www\tp\Application\Runtime\Cache\Admin\904a25b5eb876e612ef13e8d5a7b0bef.php 第 56 行.
NOTIC: [8] Use of undefined constant name - assumed 'name' D:\wamp\www\tp\Application\Runtime\Cache\Admin\904a25b5eb876e612ef13e8d5a7b0bef.php 第 56 行.
NOTIC: [8] Use of undefined constant is_on_sale - assumed 'is_on_sale' D:\wamp\www\tp\Application\Runtime\Cache\Admin\904a25b5eb876e612ef13e8d5a7b0bef.php 第 62 行.
NOTIC: [8] Use of undefined constant is_recommend - assumed 'is_recommend' D:\wamp\www\tp\Application\Runtime\Cache\Admin\904a25b5eb876e612ef13e8d5a7b0bef.php 第 65 行.
NOTIC: [8] Use of undefined constant is_new - assumed 'is_new' D:\wamp\www\tp\Application\Runtime\Cache\Admin\904a25b5eb876e612ef13e8d5a7b0bef.php 第 68 行.
NOTIC: [8] Use of undefined constant is_hot - assumed 'is_hot' D:\wamp\www\tp\Application\Runtime\Cache\Admin\904a25b5eb876e612ef13e8d5a7b0bef.php 第 71 行.
NOTIC: [8] Use of undefined constant goods_id - assumed 'goods_id' D:\wamp\www\tp\Application\Runtime\Cache\Admin\904a25b5eb876e612ef13e8d5a7b0bef.php 第 79 行.
NOTIC: [8] Use of undefined constant goods_id - assumed 'goods_id' D:\wamp\www\tp\Application\Runtime\Cache\Admin\904a25b5eb876e612ef13e8d5a7b0bef.php 第 80 行.
NOTIC: [8] Use of undefined constant goods_id - assumed 'goods_id' D:\wamp\www\tp\Application\Runtime\Cache\Admin\904a25b5eb876e612ef13e8d5a7b0bef.php 第 81 行.
NOTIC: [8] Use of undefined constant cat_id - assumed 'cat_id' D:\wamp\www\tp\Application\Runtime\Cache\Admin\904a25b5eb876e612ef13e8d5a7b0bef.php 第 56 行.
NOTIC: [8] Use of undefined constant name - assumed 'name' D:\wamp\www\tp\Application\Runtime\Cache\Admin\904a25b5eb876e612ef13e8d5a7b0bef.php 第 56 行.
NOTIC: [8] Use of undefined constant is_on_sale - assumed 'is_on_sale' D:\wamp\www\tp\Application\Runtime\Cache\Admin\904a25b5eb876e612ef13e8d5a7b0bef.php 第 62 行.
NOTIC: [8] Use of undefined constant is_recommend - assumed 'is_recommend' D:\wamp\www\tp\Application\Runtime\Cache\Admin\904a25b5eb876e612ef13e8d5a7b0bef.php 第 65 行.
NOTIC: [8] Use of undefined constant is_new - assumed 'is_new' D:\wamp\www\tp\Application\Runtime\Cache\Admin\904a25b5eb876e612ef13e8d5a7b0bef.php 第 68 行.
NOTIC: [8] Use of undefined constant is_hot - assumed 'is_hot' D:\wamp\www\tp\Application\Runtime\Cache\Admin\904a25b5eb876e612ef13e8d5a7b0bef.php 第 71 行.
NOTIC: [8] Use of undefined constant goods_id - assumed 'goods_id' D:\wamp\www\tp\Application\Runtime\Cache\Admin\904a25b5eb876e612ef13e8d5a7b0bef.php 第 79 行.
NOTIC: [8] Use of undefined constant goods_id - assumed 'goods_id' D:\wamp\www\tp\Application\Runtime\Cache\Admin\904a25b5eb876e612ef13e8d5a7b0bef.php 第 80 行.
NOTIC: [8] Use of undefined constant goods_id - assumed 'goods_id' D:\wamp\www\tp\Application\Runtime\Cache\Admin\904a25b5eb876e612ef13e8d5a7b0bef.php 第 81 行.
NOTIC: [8] Use of undefined constant cat_id - assumed 'cat_id' D:\wamp\www\tp\Application\Runtime\Cache\Admin\904a25b5eb876e612ef13e8d5a7b0bef.php 第 56 行.
NOTIC: [8] Use of undefined constant name - assumed 'name' D:\wamp\www\tp\Application\Runtime\Cache\Admin\904a25b5eb876e612ef13e8d5a7b0bef.php 第 56 行.
NOTIC: [8] Use of undefined constant is_on_sale - assumed 'is_on_sale' D:\wamp\www\tp\Application\Runtime\Cache\Admin\904a25b5eb876e612ef13e8d5a7b0bef.php 第 62 行.
NOTIC: [8] Use of undefined constant is_recommend - assumed 'is_recommend' D:\wamp\www\tp\Application\Runtime\Cache\Admin\904a25b5eb876e612ef13e8d5a7b0bef.php 第 65 行.
NOTIC: [8] Use of undefined constant is_new - assumed 'is_new' D:\wamp\www\tp\Application\Runtime\Cache\Admin\904a25b5eb876e612ef13e8d5a7b0bef.php 第 68 行.
NOTIC: [8] Use of undefined constant is_hot - assumed 'is_hot' D:\wamp\www\tp\Application\Runtime\Cache\Admin\904a25b5eb876e612ef13e8d5a7b0bef.php 第 71 行.
NOTIC: [8] Use of undefined constant goods_id - assumed 'goods_id' D:\wamp\www\tp\Application\Runtime\Cache\Admin\904a25b5eb876e612ef13e8d5a7b0bef.php 第 79 行.
NOTIC: [8] Use of undefined constant goods_id - assumed 'goods_id' D:\wamp\www\tp\Application\Runtime\Cache\Admin\904a25b5eb876e612ef13e8d5a7b0bef.php 第 80 行.
NOTIC: [8] Use of undefined constant goods_id - assumed 'goods_id' D:\wamp\www\tp\Application\Runtime\Cache\Admin\904a25b5eb876e612ef13e8d5a7b0bef.php 第 81 行.
NOTIC: [8] Use of undefined constant cat_id - assumed 'cat_id' D:\wamp\www\tp\Application\Runtime\Cache\Admin\904a25b5eb876e612ef13e8d5a7b0bef.php 第 56 行.
NOTIC: [8] Use of undefined constant name - assumed 'name' D:\wamp\www\tp\Application\Runtime\Cache\Admin\904a25b5eb876e612ef13e8d5a7b0bef.php 第 56 行.
NOTIC: [8] Use of undefined constant is_on_sale - assumed 'is_on_sale' D:\wamp\www\tp\Application\Runtime\Cache\Admin\904a25b5eb876e612ef13e8d5a7b0bef.php 第 62 行.
NOTIC: [8] Use of undefined constant is_recommend - assumed 'is_recommend' D:\wamp\www\tp\Application\Runtime\Cache\Admin\904a25b5eb876e612ef13e8d5a7b0bef.php 第 65 行.
NOTIC: [8] Use of undefined constant is_new - assumed 'is_new' D:\wamp\www\tp\Application\Runtime\Cache\Admin\904a25b5eb876e612ef13e8d5a7b0bef.php 第 68 行.
NOTIC: [8] Use of undefined constant is_hot - assumed 'is_hot' D:\wamp\www\tp\Application\Runtime\Cache\Admin\904a25b5eb876e612ef13e8d5a7b0bef.php 第 71 行.
NOTIC: [8] Use of undefined constant goods_id - assumed 'goods_id' D:\wamp\www\tp\Application\Runtime\Cache\Admin\904a25b5eb876e612ef13e8d5a7b0bef.php 第 79 行.
NOTIC: [8] Use of undefined constant goods_id - assumed 'goods_id' D:\wamp\www\tp\Application\Runtime\Cache\Admin\904a25b5eb876e612ef13e8d5a7b0bef.php 第 80 行.
NOTIC: [8] Use of undefined constant goods_id - assumed 'goods_id' D:\wamp\www\tp\Application\Runtime\Cache\Admin\904a25b5eb876e612ef13e8d5a7b0bef.php 第 81 行.
NOTIC: [8] Use of undefined constant cat_id - assumed 'cat_id' D:\wamp\www\tp\Application\Runtime\Cache\Admin\904a25b5eb876e612ef13e8d5a7b0bef.php 第 56 行.
NOTIC: [8] Use of undefined constant name - assumed 'name' D:\wamp\www\tp\Application\Runtime\Cache\Admin\904a25b5eb876e612ef13e8d5a7b0bef.php 第 56 行.
NOTIC: [8] Use of undefined constant is_on_sale - assumed 'is_on_sale' D:\wamp\www\tp\Application\Runtime\Cache\Admin\904a25b5eb876e612ef13e8d5a7b0bef.php 第 62 行.
NOTIC: [8] Use of undefined constant is_recommend - assumed 'is_recommend' D:\wamp\www\tp\Application\Runtime\Cache\Admin\904a25b5eb876e612ef13e8d5a7b0bef.php 第 65 行.
NOTIC: [8] Use of undefined constant is_new - assumed 'is_new' D:\wamp\www\tp\Application\Runtime\Cache\Admin\904a25b5eb876e612ef13e8d5a7b0bef.php 第 68 行.
NOTIC: [8] Use of undefined constant is_hot - assumed 'is_hot' D:\wamp\www\tp\Application\Runtime\Cache\Admin\904a25b5eb876e612ef13e8d5a7b0bef.php 第 71 行.
NOTIC: [8] Use of undefined constant goods_id - assumed 'goods_id' D:\wamp\www\tp\Application\Runtime\Cache\Admin\904a25b5eb876e612ef13e8d5a7b0bef.php 第 79 行.
NOTIC: [8] Use of undefined constant goods_id - assumed 'goods_id' D:\wamp\www\tp\Application\Runtime\Cache\Admin\904a25b5eb876e612ef13e8d5a7b0bef.php 第 80 行.
NOTIC: [8] Use of undefined constant goods_id - assumed 'goods_id' D:\wamp\www\tp\Application\Runtime\Cache\Admin\904a25b5eb876e612ef13e8d5a7b0bef.php 第 81 行.
NOTIC: [8] Use of undefined constant cat_id - assumed 'cat_id' D:\wamp\www\tp\Application\Runtime\Cache\Admin\904a25b5eb876e612ef13e8d5a7b0bef.php 第 56 行.
NOTIC: [8] Use of undefined constant name - assumed 'name' D:\wamp\www\tp\Application\Runtime\Cache\Admin\904a25b5eb876e612ef13e8d5a7b0bef.php 第 56 行.
NOTIC: [8] Use of undefined constant is_on_sale - assumed 'is_on_sale' D:\wamp\www\tp\Application\Runtime\Cache\Admin\904a25b5eb876e612ef13e8d5a7b0bef.php 第 62 行.
NOTIC: [8] Use of undefined constant is_recommend - assumed 'is_recommend' D:\wamp\www\tp\Application\Runtime\Cache\Admin\904a25b5eb876e612ef13e8d5a7b0bef.php 第 65 行.
NOTIC: [8] Use of undefined constant is_new - assumed 'is_new' D:\wamp\www\tp\Application\Runtime\Cache\Admin\904a25b5eb876e612ef13e8d5a7b0bef.php 第 68 行.
NOTIC: [8] Use of undefined constant is_hot - assumed 'is_hot' D:\wamp\www\tp\Application\Runtime\Cache\Admin\904a25b5eb876e612ef13e8d5a7b0bef.php 第 71 行.
NOTIC: [8] Use of undefined constant goods_id - assumed 'goods_id' D:\wamp\www\tp\Application\Runtime\Cache\Admin\904a25b5eb876e612ef13e8d5a7b0bef.php 第 79 行.
NOTIC: [8] Use of undefined constant goods_id - assumed 'goods_id' D:\wamp\www\tp\Application\Runtime\Cache\Admin\904a25b5eb876e612ef13e8d5a7b0bef.php 第 80 行.
NOTIC: [8] Use of undefined constant goods_id - assumed 'goods_id' D:\wamp\www\tp\Application\Runtime\Cache\Admin\904a25b5eb876e612ef13e8d5a7b0bef.php 第 81 行.
NOTIC: [8] Use of undefined constant cat_id - assumed 'cat_id' D:\wamp\www\tp\Application\Runtime\Cache\Admin\904a25b5eb876e612ef13e8d5a7b0bef.php 第 56 行.
NOTIC: [8] Use of undefined constant name - assumed 'name' D:\wamp\www\tp\Application\Runtime\Cache\Admin\904a25b5eb876e612ef13e8d5a7b0bef.php 第 56 行.
NOTIC: [8] Use of undefined constant is_on_sale - assumed 'is_on_sale' D:\wamp\www\tp\Application\Runtime\Cache\Admin\904a25b5eb876e612ef13e8d5a7b0bef.php 第 62 行.
NOTIC: [8] Use of undefined constant is_recommend - assumed 'is_recommend' D:\wamp\www\tp\Application\Runtime\Cache\Admin\904a25b5eb876e612ef13e8d5a7b0bef.php 第 65 行.
NOTIC: [8] Use of undefined constant is_new - assumed 'is_new' D:\wamp\www\tp\Application\Runtime\Cache\Admin\904a25b5eb876e612ef13e8d5a7b0bef.php 第 68 行.
NOTIC: [8] Use of undefined constant is_hot - assumed 'is_hot' D:\wamp\www\tp\Application\Runtime\Cache\Admin\904a25b5eb876e612ef13e8d5a7b0bef.php 第 71 行.
NOTIC: [8] Use of undefined constant goods_id - assumed 'goods_id' D:\wamp\www\tp\Application\Runtime\Cache\Admin\904a25b5eb876e612ef13e8d5a7b0bef.php 第 79 行.
NOTIC: [8] Use of undefined constant goods_id - assumed 'goods_id' D:\wamp\www\tp\Application\Runtime\Cache\Admin\904a25b5eb876e612ef13e8d5a7b0bef.php 第 80 行.
NOTIC: [8] Use of undefined constant goods_id - assumed 'goods_id' D:\wamp\www\tp\Application\Runtime\Cache\Admin\904a25b5eb876e612ef13e8d5a7b0bef.php 第 81 行.
INFO: Run Behavior\ParseTemplateBehavior [ RunTime:0.059811s ]
INFO: [ view_parse ] --END-- [ RunTime:0.060381s ]
INFO: [ view_filter ] --START--
INFO: Run Behavior\WriteHtmlCacheBehavior [ RunTime:0.000746s ]
INFO: Run Behavior\TokenBuildBehavior [ RunTime:0.001457s ]
INFO: [ view_filter ] --END-- [ RunTime:0.003052s ]
INFO: [ app_end ] --START--
INFO: Run Behavior\ShowPageTraceBehavior [ RunTime:0.000829s ]
INFO: [ app_end ] --END-- [ RunTime:0.001374s ]

[ 2017-07-13T08:52:56+08:00 ] 127.0.0.1 /index.php/Admin/Goods/addEditGoods/id/6
INFO: [ app_init ] --START--
INFO: Run Behavior\BuildLiteBehavior [ RunTime:0.000128s ]
INFO: [ app_init ] --END-- [ RunTime:0.001148s ]
INFO: [ app_begin ] --START--
INFO: Run Behavior\ReadHtmlCacheBehavior [ RunTime:0.000736s ]
INFO: [ app_begin ] --END-- [ RunTime:0.001425s ]
NOTIC: [8] Undefined index: goods_id D:\wamp\www\tp\Application\Admin\Controller\GoodsController.class.php 第 229 行.
NOTIC: [8] Undefined index: is_ajax D:\wamp\www\tp\Application\Admin\Controller\GoodsController.class.php 第 231 行.
NOTIC: [8] Undefined offset: 0 D:\wamp\www\tp\Application\Admin\Logic\GoodsLogic.class.php 第 425 行.
NOTIC: [8] Undefined index:  D:\wamp\www\tp\Application\Admin\Logic\GoodsLogic.class.php 第 431 行.
NOTIC: [8] Undefined offset: 0 D:\wamp\www\tp\Application\Admin\Logic\GoodsLogic.class.php 第 425 行.
NOTIC: [8] Undefined index:  D:\wamp\www\tp\Application\Admin\Logic\GoodsLogic.class.php 第 431 行.
NOTIC: [8] Use of undefined constant id - assumed 'id' D:\wamp\www\tp\Application\Admin\Logic\GoodsLogic.class.php 第 452 行.
NOTIC: [2] array_key_exists() expects parameter 2 to be array, null given D:\wamp\www\tp\Application\Admin\Logic\GoodsLogic.class.php 第 452 行.
INFO: [ view_begin ] --START--
INFO: Run Home\Behaviors\testBehavior [ RunTime:0.001049s ]
INFO: [ view_begin ] --END-- [ RunTime:0.001747s ]
INFO: [ view_parse ] --START--
INFO: [ template_filter ] --START--
INFO: Run Behavior\ContentReplaceBehavior [ RunTime:0.000409s ]
INFO: [ template_filter ] --END-- [ RunTime:0.001080s ]
NOTIC: [8] Undefined variable: URL_home D:\wamp\www\tp\Application\Runtime\Cache\Admin\c5b83c1ac2aaddb7d217c711b27315d2.php 第 141 行.
NOTIC: [8] Use of undefined constant level - assumed 'level' D:\wamp\www\tp\Application\Runtime\Cache\Admin\c5b83c1ac2aaddb7d217c711b27315d2.php 第 338 行.
NOTIC: [8] Use of undefined constant level - assumed 'level' D:\wamp\www\tp\Application\Runtime\Cache\Admin\c5b83c1ac2aaddb7d217c711b27315d2.php 第 338 行.
NOTIC: [8] Use of undefined constant level - assumed 'level' D:\wamp\www\tp\Application\Runtime\Cache\Admin\c5b83c1ac2aaddb7d217c711b27315d2.php 第 338 行.
NOTIC: [8] Use of undefined constant level - assumed 'level' D:\wamp\www\tp\Application\Runtime\Cache\Admin\c5b83c1ac2aaddb7d217c711b27315d2.php 第 338 行.
NOTIC: [8] Use of undefined constant is_free_shipping - assumed 'is_free_shipping' D:\wamp\www\tp\Application\Runtime\Cache\Admin\c5b83c1ac2aaddb7d217c711b27315d2.php 第 417 行.
NOTIC: [8] Use of undefined constant is_free_shipping - assumed 'is_free_shipping' D:\wamp\www\tp\Application\Runtime\Cache\Admin\c5b83c1ac2aaddb7d217c711b27315d2.php 第 418 行.
NOTIC: [8] Use of undefined constant goods_id - assumed 'goods_id' D:\wamp\www\tp\Application\Runtime\Cache\Admin\c5b83c1ac2aaddb7d217c711b27315d2.php 第 424 行.
NOTIC: [8] Use of undefined constant spec_type - assumed 'spec_type' D:\wamp\www\tp\Application\Runtime\Cache\Admin\c5b83c1ac2aaddb7d217c711b27315d2.php 第 509 行.
NOTIC: [8] Use of undefined constant id - assumed 'id' D:\wamp\www\tp\Application\Runtime\Cache\Admin\c5b83c1ac2aaddb7d217c711b27315d2.php 第 509 行.
NOTIC: [8] Use of undefined constant spec_type - assumed 'spec_type' D:\wamp\www\tp\Application\Runtime\Cache\Admin\c5b83c1ac2aaddb7d217c711b27315d2.php 第 509 行.
NOTIC: [8] Use of undefined constant id - assumed 'id' D:\wamp\www\tp\Application\Runtime\Cache\Admin\c5b83c1ac2aaddb7d217c711b27315d2.php 第 509 行.
NOTIC: [8] Use of undefined constant goods_type - assumed 'goods_type' D:\wamp\www\tp\Application\Runtime\Cache\Admin\c5b83c1ac2aaddb7d217c711b27315d2.php 第 527 行.
NOTIC: [8] Use of undefined constant id - assumed 'id' D:\wamp\www\tp\Application\Runtime\Cache\Admin\c5b83c1ac2aaddb7d217c711b27315d2.php 第 527 行.
NOTIC: [8] Use of undefined constant goods_type - assumed 'goods_type' D:\wamp\www\tp\Application\Runtime\Cache\Admin\c5b83c1ac2aaddb7d217c711b27315d2.php 第 527 行.
NOTIC: [8] Use of undefined constant id - assumed 'id' D:\wamp\www\tp\Application\Runtime\Cache\Admin\c5b83c1ac2aaddb7d217c711b27315d2.php 第 527 行.
NOTIC: [8] Use of undefined constant name - assumed 'name' D:\wamp\www\tp\Application\Runtime\Cache\Admin\c5b83c1ac2aaddb7d217c711b27315d2.php 第 541 行.
NOTIC: [8] Use of undefined constant shipping_code - assumed 'shipping_code' D:\wamp\www\tp\Application\Runtime\Cache\Admin\c5b83c1ac2aaddb7d217c711b27315d2.php 第 548 行.
NOTIC: [8] Use of undefined constant code - assumed 'code' D:\wamp\www\tp\Application\Runtime\Cache\Admin\c5b83c1ac2aaddb7d217c711b27315d2.php 第 548 行.
NOTIC: [8] Use of undefined constant shipping_code - assumed 'shipping_code' D:\wamp\www\tp\Application\Runtime\Cache\Admin\c5b83c1ac2aaddb7d217c711b27315d2.php 第 548 行.
NOTIC: [8] Use of undefined constant code - assumed 'code' D:\wamp\www\tp\Application\Runtime\Cache\Admin\c5b83c1ac2aaddb7d217c711b27315d2.php 第 548 行.
NOTIC: [8] Use of undefined constant shipping_code - assumed 'shipping_code' D:\wamp\www\tp\Application\Runtime\Cache\Admin\c5b83c1ac2aaddb7d217c711b27315d2.php 第 548 行.
NOTIC: [8] Use of undefined constant code - assumed 'code' D:\wamp\www\tp\Application\Runtime\Cache\Admin\c5b83c1ac2aaddb7d217c711b27315d2.php 第 548 行.
NOTIC: [8] Use of undefined constant name - assumed 'name' D:\wamp\www\tp\Application\Runtime\Cache\Admin\c5b83c1ac2aaddb7d217c711b27315d2.php 第 541 行.
NOTIC: [8] Use of undefined constant shipping_code - assumed 'shipping_code' D:\wamp\www\tp\Application\Runtime\Cache\Admin\c5b83c1ac2aaddb7d217c711b27315d2.php 第 548 行.
NOTIC: [8] Use of undefined constant code - assumed 'code' D:\wamp\www\tp\Application\Runtime\Cache\Admin\c5b83c1ac2aaddb7d217c711b27315d2.php 第 548 行.
NOTIC: [8] Use of undefined constant shipping_code - assumed 'shipping_code' D:\wamp\www\tp\Application\Runtime\Cache\Admin\c5b83c1ac2aaddb7d217c711b27315d2.php 第 548 行.
NOTIC: [8] Use of undefined constant code - assumed 'code' D:\wamp\www\tp\Application\Runtime\Cache\Admin\c5b83c1ac2aaddb7d217c711b27315d2.php 第 548 行.
NOTIC: [8] Use of undefined constant shipping_code - assumed 'shipping_code' D:\wamp\www\tp\Application\Runtime\Cache\Admin\c5b83c1ac2aaddb7d217c711b27315d2.php 第 548 行.
NOTIC: [8] Use of undefined constant code - assumed 'code' D:\wamp\www\tp\Application\Runtime\Cache\Admin\c5b83c1ac2aaddb7d217c711b27315d2.php 第 548 行.
NOTIC: [8] Use of undefined constant name - assumed 'name' D:\wamp\www\tp\Application\Runtime\Cache\Admin\c5b83c1ac2aaddb7d217c711b27315d2.php 第 541 行.
NOTIC: [8] Use of undefined constant shipping_code - assumed 'shipping_code' D:\wamp\www\tp\Application\Runtime\Cache\Admin\c5b83c1ac2aaddb7d217c711b27315d2.php 第 548 行.
NOTIC: [8] Use of undefined constant code - assumed 'code' D:\wamp\www\tp\Application\Runtime\Cache\Admin\c5b83c1ac2aaddb7d217c711b27315d2.php 第 548 行.
NOTIC: [8] Use of undefined constant shipping_code - assumed 'shipping_code' D:\wamp\www\tp\Application\Runtime\Cache\Admin\c5b83c1ac2aaddb7d217c711b27315d2.php 第 548 行.
NOTIC: [8] Use of undefined constant code - assumed 'code' D:\wamp\www\tp\Application\Runtime\Cache\Admin\c5b83c1ac2aaddb7d217c711b27315d2.php 第 548 行.
NOTIC: [8] Use of undefined constant shipping_code - assumed 'shipping_code' D:\wamp\www\tp\Application\Runtime\Cache\Admin\c5b83c1ac2aaddb7d217c711b27315d2.php 第 548 行.
NOTIC: [8] Use of undefined constant code - assumed 'code' D:\wamp\www\tp\Application\Runtime\Cache\Admin\c5b83c1ac2aaddb7d217c711b27315d2.php 第 548 行.
NOTIC: [8] Use of undefined constant name - assumed 'name' D:\wamp\www\tp\Application\Runtime\Cache\Admin\c5b83c1ac2aaddb7d217c711b27315d2.php 第 541 行.
NOTIC: [8] Use of undefined constant shipping_code - assumed 'shipping_code' D:\wamp\www\tp\Application\Runtime\Cache\Admin\c5b83c1ac2aaddb7d217c711b27315d2.php 第 548 行.
NOTIC: [8] Use of undefined constant code - assumed 'code' D:\wamp\www\tp\Application\Runtime\Cache\Admin\c5b83c1ac2aaddb7d217c711b27315d2.php 第 548 行.
NOTIC: [8] Use of undefined constant shipping_code - assumed 'shipping_code' D:\wamp\www\tp\Application\Runtime\Cache\Admin\c5b83c1ac2aaddb7d217c711b27315d2.php 第 548 行.
NOTIC: [8] Use of undefined constant code - assumed 'code' D:\wamp\www\tp\Application\Runtime\Cache\Admin\c5b83c1ac2aaddb7d217c711b27315d2.php 第 548 行.
NOTIC: [8] Use of undefined constant shipping_code - assumed 'shipping_code' D:\wamp\www\tp\Application\Runtime\Cache\Admin\c5b83c1ac2aaddb7d217c711b27315d2.php 第 548 行.
NOTIC: [8] Use of undefined constant code - assumed 'code' D:\wamp\www\tp\Application\Runtime\Cache\Admin\c5b83c1ac2aaddb7d217c711b27315d2.php 第 548 行.
NOTIC: [8] Use of undefined constant name - assumed 'name' D:\wamp\www\tp\Application\Runtime\Cache\Admin\c5b83c1ac2aaddb7d217c711b27315d2.php 第 541 行.
NOTIC: [8] Use of undefined constant shipping_code - assumed 'shipping_code' D:\wamp\www\tp\Application\Runtime\Cache\Admin\c5b83c1ac2aaddb7d217c711b27315d2.php 第 548 行.
NOTIC: [8] Use of undefined constant code - assumed 'code' D:\wamp\www\tp\Application\Runtime\Cache\Admin\c5b83c1ac2aaddb7d217c711b27315d2.php 第 548 行.
NOTIC: [8] Use of undefined constant shipping_code - assumed 'shipping_code' D:\wamp\www\tp\Application\Runtime\Cache\Admin\c5b83c1ac2aaddb7d217c711b27315d2.php 第 548 行.
NOTIC: [8] Use of undefined constant code - assumed 'code' D:\wamp\www\tp\Application\Runtime\Cache\Admin\c5b83c1ac2aaddb7d217c711b27315d2.php 第 548 行.
NOTIC: [8] Use of undefined constant shipping_code - assumed 'shipping_code' D:\wamp\www\tp\Application\Runtime\Cache\Admin\c5b83c1ac2aaddb7d217c711b27315d2.php 第 548 行.
NOTIC: [8] Use of undefined constant code - assumed 'code' D:\wamp\www\tp\Application\Runtime\Cache\Admin\c5b83c1ac2aaddb7d217c711b27315d2.php 第 548 行.
NOTIC: [8] Undefined offset: 2 D:\wamp\www\tp\Application\Runtime\Cache\Admin\c5b83c1ac2aaddb7d217c711b27315d2.php 第 706 行.
NOTIC: [8] Undefined offset: 3 D:\wamp\www\tp\Application\Runtime\Cache\Admin\c5b83c1ac2aaddb7d217c711b27315d2.php 第 708 行.
NOTIC: [8] Undefined offset: 2 D:\wamp\www\tp\Application\Runtime\Cache\Admin\c5b83c1ac2aaddb7d217c711b27315d2.php 第 712 行.
NOTIC: [8] Undefined offset: 3 D:\wamp\www\tp\Application\Runtime\Cache\Admin\c5b83c1ac2aaddb7d217c711b27315d2.php 第 714 行.
INFO: Run Behavior\ParseTemplateBehavior [ RunTime:0.123827s ]
INFO: [ view_parse ] --END-- [ RunTime:0.124472s ]
INFO: [ view_filter ] --START--
INFO: Run Behavior\WriteHtmlCacheBehavior [ RunTime:0.000761s ]
INFO: Run Behavior\TokenBuildBehavior [ RunTime:0.001922s ]
INFO: [ view_filter ] --END-- [ RunTime:0.003678s ]
INFO: [ app_end ] --START--
INFO: Run Behavior\ShowPageTraceBehavior [ RunTime:0.001164s ]
INFO: [ app_end ] --END-- [ RunTime:0.001852s ]

[ 2017-07-13T08:52:56+08:00 ] 127.0.0.1 /index.php/admin/Goods/ajaxGetAttrInput?goods_id=6&type_id=0
INFO: [ app_init ] --START--
INFO: Run Behavior\BuildLiteBehavior [ RunTime:0.000123s ]
INFO: [ app_init ] --END-- [ RunTime:0.001066s ]
INFO: [ app_begin ] --START--
INFO: Run Behavior\ReadHtmlCacheBehavior [ RunTime:0.000798s ]
INFO: [ app_begin ] --END-- [ RunTime:0.001331s ]
NOTIC: [8] Undefined index: ajaxGetAttrInput D:\wamp\www\tp\Application\Admin\Common\function.php 第 69 行.
NOTIC: [8] Undefined variable: str D:\wamp\www\tp\Application\Admin\Logic\GoodsLogic.class.php 第 195 行.

[ 2017-07-13T08:52:56+08:00 ] 127.0.0.1 /index.php/admin/Goods/ajaxGetSpecSelect?goods_id=6&spec_type=1
INFO: [ app_init ] --START--
INFO: Run Behavior\BuildLiteBehavior [ RunTime:0.000131s ]
INFO: [ app_init ] --END-- [ RunTime:0.001133s ]
INFO: [ app_begin ] --START--
INFO: Run Behavior\ReadHtmlCacheBehavior [ RunTime:0.000748s ]
INFO: [ app_begin ] --END-- [ RunTime:0.001270s ]
NOTIC: [8] Undefined index: ajaxGetSpecSelect D:\wamp\www\tp\Application\Admin\Common\function.php 第 69 行.
INFO: [ view_begin ] --START--
INFO: Run Home\Behaviors\testBehavior [ RunTime:0.001018s ]
INFO: [ view_begin ] --END-- [ RunTime:0.001548s ]
INFO: [ view_parse ] --START--
INFO: [ template_filter ] --START--
INFO: Run Behavior\ContentReplaceBehavior [ RunTime:0.000276s ]
INFO: [ template_filter ] --END-- [ RunTime:0.000792s ]
NOTIC: [8] Use of undefined constant name - assumed 'name' D:\wamp\www\tp\Application\Runtime\Cache\Admin\7a4da6bf08c0de0caf505edbc90666ad.php 第 6 行.
NOTIC: [8] Use of undefined constant spec_item - assumed 'spec_item' D:\wamp\www\tp\Application\Runtime\Cache\Admin\7a4da6bf08c0de0caf505edbc90666ad.php 第 8 行.
NOTIC: [8] Use of undefined constant spec_item - assumed 'spec_item' D:\wamp\www\tp\Application\Runtime\Cache\Admin\7a4da6bf08c0de0caf505edbc90666ad.php 第 8 行.
NOTIC: [8] Use of undefined constant id - assumed 'id' D:\wamp\www\tp\Application\Runtime\Cache\Admin\7a4da6bf08c0de0caf505edbc90666ad.php 第 8 行.
NOTIC: [8] Use of undefined constant id - assumed 'id' D:\wamp\www\tp\Application\Runtime\Cache\Admin\7a4da6bf08c0de0caf505edbc90666ad.php 第 8 行.
NOTIC: [8] Use of undefined constant name - assumed 'name' D:\wamp\www\tp\Application\Runtime\Cache\Admin\7a4da6bf08c0de0caf505edbc90666ad.php 第 6 行.
NOTIC: [8] Use of undefined constant spec_item - assumed 'spec_item' D:\wamp\www\tp\Application\Runtime\Cache\Admin\7a4da6bf08c0de0caf505edbc90666ad.php 第 8 行.
NOTIC: [8] Use of undefined constant spec_item - assumed 'spec_item' D:\wamp\www\tp\Application\Runtime\Cache\Admin\7a4da6bf08c0de0caf505edbc90666ad.php 第 8 行.
NOTIC: [8] Use of undefined constant id - assumed 'id' D:\wamp\www\tp\Application\Runtime\Cache\Admin\7a4da6bf08c0de0caf505edbc90666ad.php 第 8 行.
NOTIC: [8] Use of undefined constant name - assumed 'name' D:\wamp\www\tp\Application\Runtime\Cache\Admin\7a4da6bf08c0de0caf505edbc90666ad.php 第 6 行.
NOTIC: [8] Use of undefined constant spec_item - assumed 'spec_item' D:\wamp\www\tp\Application\Runtime\Cache\Admin\7a4da6bf08c0de0caf505edbc90666ad.php 第 8 行.
NOTIC: [8] Use of undefined constant spec_item - assumed 'spec_item' D:\wamp\www\tp\Application\Runtime\Cache\Admin\7a4da6bf08c0de0caf505edbc90666ad.php 第 8 行.
NOTIC: [8] Use of undefined constant id - assumed 'id' D:\wamp\www\tp\Application\Runtime\Cache\Admin\7a4da6bf08c0de0caf505edbc90666ad.php 第 8 行.
NOTIC: [8] Use of undefined constant name - assumed 'name' D:\wamp\www\tp\Application\Runtime\Cache\Admin\7a4da6bf08c0de0caf505edbc90666ad.php 第 6 行.
NOTIC: [8] Use of undefined constant spec_item - assumed 'spec_item' D:\wamp\www\tp\Application\Runtime\Cache\Admin\7a4da6bf08c0de0caf505edbc90666ad.php 第 8 行.
NOTIC: [8] Use of undefined constant spec_item - assumed 'spec_item' D:\wamp\www\tp\Application\Runtime\Cache\Admin\7a4da6bf08c0de0caf505edbc90666ad.php 第 8 行.
NOTIC: [8] Use of undefined constant id - assumed 'id' D:\wamp\www\tp\Application\Runtime\Cache\Admin\7a4da6bf08c0de0caf505edbc90666ad.php 第 8 行.
NOTIC: [8] Use of undefined constant id - assumed 'id' D:\wamp\www\tp\Application\Runtime\Cache\Admin\7a4da6bf08c0de0caf505edbc90666ad.php 第 8 行.
INFO: Run Behavior\ParseTemplateBehavior [ RunTime:0.026890s ]
INFO: [ view_parse ] --END-- [ RunTime:0.027405s ]
INFO: [ view_filter ] --START--
INFO: Run Behavior\WriteHtmlCacheBehavior [ RunTime:0.000752s ]
INFO: Run Behavior\TokenBuildBehavior [ RunTime:0.001197s ]
INFO: [ view_filter ] --END-- [ RunTime:0.002785s ]
INFO: [ app_end ] --START--
INFO: Run Behavior\ShowPageTraceBehavior [ RunTime:0.000848s ]
INFO: [ app_end ] --END-- [ RunTime:0.001518s ]

[ 2017-07-13T08:52:57+08:00 ] 127.0.0.1 /index.php/admin/Goods/ajaxGetSpecInput/goods_id/6
INFO: [ app_init ] --START--
INFO: Run Behavior\BuildLiteBehavior [ RunTime:0.000155s ]
INFO: [ app_init ] --END-- [ RunTime:0.001309s ]
INFO: [ app_begin ] --START--
INFO: Run Behavior\ReadHtmlCacheBehavior [ RunTime:0.000645s ]
INFO: [ app_begin ] --END-- [ RunTime:0.001166s ]
NOTIC: [8] Undefined index: ajaxGetSpecInput D:\wamp\www\tp\Application\Admin\Common\function.php 第 69 行.
NOTIC: [8] Undefined index: spec_arr D:\wamp\www\tp\Application\Admin\Controller\GoodsController.class.php 第 745 行.
NOTIC: [2] Invalid argument supplied for foreach() D:\wamp\www\tp\Application\Admin\Logic\GoodsLogic.class.php 第 313 行.
NOTIC: [2] asort() expects parameter 1 to be array, null given D:\wamp\www\tp\Application\Admin\Logic\GoodsLogic.class.php 第 317 行.
NOTIC: [2] Invalid argument supplied for foreach() D:\wamp\www\tp\Application\Admin\Logic\GoodsLogic.class.php 第 318 行.
NOTIC: [8] Undefined variable: spec_arr2 D:\wamp\www\tp\Application\Admin\Logic\GoodsLogic.class.php 第 324 行.
NOTIC: [2] array_keys() expects parameter 1 to be array, null given D:\wamp\www\tp\Application\Admin\Logic\GoodsLogic.class.php 第 324 行.
NOTIC: [8] Undefined variable: spec_arr2 D:\wamp\www\tp\Application\Admin\Logic\GoodsLogic.class.php 第 325 行.
NOTIC: [2] array_shift() expects parameter 1 to be array, null given D:\wamp\www\tp\Application\Common\Common\function.php 第 365 行.
NOTIC: [2] Invalid argument supplied for foreach() D:\wamp\www\tp\Application\Common\Common\function.php 第 366 行.
NOTIC: [2] Invalid argument supplied for foreach() D:\wamp\www\tp\Application\Common\Common\function.php 第 371 行.
NOTIC: [2] Invalid argument supplied for foreach() D:\wamp\www\tp\Application\Admin\Logic\GoodsLogic.class.php 第 334 行.

[ 2017-07-13T17:03:51+08:00 ] 127.0.0.1 /index.php/Admin/System/login_task
INFO: [ app_init ] --START--
INFO: Run Behavior\BuildLiteBehavior [ RunTime:0.000158s ]
INFO: [ app_init ] --END-- [ RunTime:0.001929s ]
INFO: [ app_begin ] --START--
INFO: Run Behavior\ReadHtmlCacheBehavior [ RunTime:0.001140s ]
INFO: [ app_begin ] --END-- [ RunTime:0.001673s ]
NOTIC: [8] Undefined index: login_task D:\wamp\www\tp\Application\Admin\Common\function.php 第 69 行.
NOTIC: [2] Invalid argument supplied for foreach() D:\wamp\www\tp\Application\Admin\Controller\SystemController.class.php 第 255 行.
INFO: [ app_end ] --START--
INFO: Run Behavior\ShowPageTraceBehavior [ RunTime:0.013873s ]
INFO: [ app_end ] --END-- [ RunTime:0.014481s ]

[ 2017-07-13T17:03:52+08:00 ] 127.0.0.1 /index.php/admin/Goods/ajaxGetAttrInput?goods_id=6&type_id=0
INFO: [ app_init ] --START--
INFO: Run Behavior\BuildLiteBehavior [ RunTime:0.000107s ]
INFO: [ app_init ] --END-- [ RunTime:0.001177s ]
INFO: [ app_begin ] --START--
INFO: Run Behavior\ReadHtmlCacheBehavior [ RunTime:0.001483s ]
INFO: [ app_begin ] --END-- [ RunTime:0.002256s ]
NOTIC: [8] Undefined index: ajaxGetAttrInput D:\wamp\www\tp\Application\Admin\Common\function.php 第 69 行.
NOTIC: [8] Undefined variable: str D:\wamp\www\tp\Application\Admin\Logic\GoodsLogic.class.php 第 195 行.

[ 2017-07-13T17:03:52+08:00 ] 127.0.0.1 /index.php/admin/Goods/ajaxGetSpecInput/goods_id/6
INFO: [ app_init ] --START--
INFO: Run Behavior\BuildLiteBehavior [ RunTime:0.000122s ]
INFO: [ app_init ] --END-- [ RunTime:0.001201s ]
INFO: [ app_begin ] --START--
INFO: Run Behavior\ReadHtmlCacheBehavior [ RunTime:0.000875s ]
INFO: [ app_begin ] --END-- [ RunTime:0.001453s ]
NOTIC: [8] Undefined index: ajaxGetSpecInput D:\wamp\www\tp\Application\Admin\Common\function.php 第 69 行.
NOTIC: [8] Undefined index: spec_arr D:\wamp\www\tp\Application\Admin\Controller\GoodsController.class.php 第 745 行.
NOTIC: [2] Invalid argument supplied for foreach() D:\wamp\www\tp\Application\Admin\Logic\GoodsLogic.class.php 第 313 行.
NOTIC: [2] asort() expects parameter 1 to be array, null given D:\wamp\www\tp\Application\Admin\Logic\GoodsLogic.class.php 第 317 行.
NOTIC: [2] Invalid argument supplied for foreach() D:\wamp\www\tp\Application\Admin\Logic\GoodsLogic.class.php 第 318 行.
NOTIC: [8] Undefined variable: spec_arr2 D:\wamp\www\tp\Application\Admin\Logic\GoodsLogic.class.php 第 324 行.
NOTIC: [2] array_keys() expects parameter 1 to be array, null given D:\wamp\www\tp\Application\Admin\Logic\GoodsLogic.class.php 第 324 行.
NOTIC: [8] Undefined variable: spec_arr2 D:\wamp\www\tp\Application\Admin\Logic\GoodsLogic.class.php 第 325 行.
NOTIC: [2] array_shift() expects parameter 1 to be array, null given D:\wamp\www\tp\Application\Common\Common\function.php 第 365 行.
NOTIC: [2] Invalid argument supplied for foreach() D:\wamp\www\tp\Application\Common\Common\function.php 第 366 行.
NOTIC: [2] Invalid argument supplied for foreach() D:\wamp\www\tp\Application\Common\Common\function.php 第 371 行.
NOTIC: [2] Invalid argument supplied for foreach() D:\wamp\www\tp\Application\Admin\Logic\GoodsLogic.class.php 第 334 行.

